#
# There is insufficient memory for the Java Runtime Environment to continue.
# Native memory allocation (mmap) failed to map 33554432 bytes. Error detail: G1 virtual space
# Possible reasons:
#   The system is out of physical RAM or swap space
#   This process is running with CompressedOops enabled, and the Java Heap may be blocking the growth of the native heap
# Possible solutions:
#   Reduce memory load on the system
#   Increase physical memory or swap space
#   Check if swap backing store is full
#   Decrease Java heap size (-Xmx/-Xms)
#   Decrease number of Java threads
#   Decrease Java thread stack sizes (-Xss)
#   Set larger code cache with -XX:ReservedCodeCacheSize=
#   JVM is running with Unscaled Compressed Oops mode in which the Java heap is
#     placed in the first 4GB address space. The Java Heap base address is the
#     maximum limit for the native heap growth. Please use -XX:HeapBaseMinAddress
#     to set the Java Heap base and to place the Java Heap above 4GB virtual address.
# This output file may be truncated or incomplete.
#
#  Out of Memory Error (os_windows.cpp:3815), pid=7732, tid=5452
#
# JRE version: OpenJDK Runtime Environment (21.0.3) (build 21.0.3+-12282718-b509.11)
# Java VM: OpenJDK 64-Bit Server VM (21.0.3+-12282718-b509.11, mixed mode, tiered, compressed oops, compressed class ptrs, g1 gc, windows-amd64)
# No core dump will be written. Minidumps are not enabled by default on client versions of Windows
#

---------------  S U M M A R Y ------------

Command Line: --add-opens=java.base/java.util=ALL-UNNAMED --add-opens=java.base/java.lang=ALL-UNNAMED --add-opens=java.base/java.lang.invoke=ALL-UNNAMED --add-opens=java.prefs/java.util.prefs=ALL-UNNAMED --add-exports=jdk.compiler/com.sun.tools.javac.api=ALL-UNNAMED --add-exports=jdk.compiler/com.sun.tools.javac.util=ALL-UNNAMED --add-opens=java.base/java.nio.charset=ALL-UNNAMED --add-opens=java.base/java.net=ALL-UNNAMED --add-opens=java.base/java.util.concurrent.atomic=ALL-UNNAMED -Xmx2048m -Dfile.encoding=UTF-8 -Duser.country=RU -Duser.language=ru -Duser.variant -javaagent:C:\Users\dbulb\.gradle\wrapper\dists\gradle-8.9-bin\90cnw93cvbtalezasaz0blq0a\gradle-8.9\lib\agents\gradle-instrumentation-agent-8.9.jar org.gradle.launcher.daemon.bootstrap.GradleDaemon 8.9

Host: AMD Ryzen 5 3500U with Radeon Vega Mobile Gfx  , 8 cores, 6G,  Windows 10 , 64 bit Build 19041 (10.0.19041.4957)
Time: Sat Nov 16 09:01:34 2024  Windows 10 , 64 bit Build 19041 (10.0.19041.4957) elapsed time: 16.903095 seconds (0d 0h 0m 16s)

---------------  T H R E A D  ---------------

Current thread (0x0000021bb049c830):  VMThread "VM Thread"          [id=5452, stack(0x0000007a64800000,0x0000007a64900000) (1024K)]

Stack: [0x0000007a64800000,0x0000007a64900000]
Native frames: (J=compiled Java code, j=interpreted, Vv=VM code, C=native code)
V  [jvm.dll+0x6cafb9]
V  [jvm.dll+0x858523]
V  [jvm.dll+0x85aa7e]
V  [jvm.dll+0x85b163]
V  [jvm.dll+0x27d356]
V  [jvm.dll+0x6c7865]
V  [jvm.dll+0x6bbd3a]
V  [jvm.dll+0x35199b]
V  [jvm.dll+0x3595d6]
V  [jvm.dll+0x3aa826]
V  [jvm.dll+0x3aaaf8]
V  [jvm.dll+0x3240bc]
V  [jvm.dll+0x326ac6]
V  [jvm.dll+0x33092e]
V  [jvm.dll+0x3680c5]
V  [jvm.dll+0x860ac8]
V  [jvm.dll+0x861bc4]
V  [jvm.dll+0x862100]
V  [jvm.dll+0x862393]
V  [jvm.dll+0x800d78]
V  [jvm.dll+0x6c98cd]
C  [ucrtbase.dll+0x21bb2]
C  [KERNEL32.DLL+0x17374]
C  [ntdll.dll+0x4cc91]

VM_Operation (0x0000007a643ff520): G1PauseRemark, mode: safepoint, requested by thread 0x0000021b98e13810


---------------  P R O C E S S  ---------------

Threads class SMR info:
_java_thread_list=0x0000021bb9822640, length=80, elements={
0x0000021b96b34b80, 0x0000021bb0740350, 0x0000021bb071f240, 0x0000021bb0748f00,
0x0000021bb0749960, 0x0000021bb0721d50, 0x0000021bb07223c0, 0x0000021bb0724490,
0x0000021bb074d680, 0x0000021bb04037d0, 0x0000021bb5019c70, 0x0000021bb67bc630,
0x0000021bb6886c80, 0x0000021bb67b4a40, 0x0000021bb6ac2890, 0x0000021bb6a5d720,
0x0000021bb69a6fd0, 0x0000021bb6acef30, 0x0000021bb6adacc0, 0x0000021bb6adc070,
0x0000021bb6adb9e0, 0x0000021bb6adb350, 0x0000021bb6adc700, 0x0000021bb6adcd90,
0x0000021bb6ad9fa0, 0x0000021bb6ada630, 0x0000021bb87b8110, 0x0000021bb87b87a0,
0x0000021bb87b8e30, 0x0000021bb87b7a80, 0x0000021bb87b73f0, 0x0000021bb87ba1e0,
0x0000021bb87b9b50, 0x0000021bb87b94c0, 0x0000021bb87b6d60, 0x0000021bb82156f0,
0x0000021bb821a5b0, 0x0000021bb8219200, 0x0000021bb8219f20, 0x0000021bb8216410,
0x0000021bb8217e50, 0x0000021bb821b960, 0x0000021bb82177c0, 0x0000021bb8218b70,
0x0000021bb821bff0, 0x0000021bb8215d80, 0x0000021bb8216aa0, 0x0000021bb8217130,
0x0000021bb8219890, 0x0000021bb8215060, 0x0000021bb821c680, 0x0000021bb82184e0,
0x0000021bb92a1010, 0x0000021bb92a16a0, 0x0000021bb929f5d0, 0x0000021bb929fc60,
0x0000021bb929e220, 0x0000021bb929e8b0, 0x0000021bb7c153a0, 0x0000021bb7c12c40,
0x0000021bb7c11200, 0x0000021bb7c13960, 0x0000021bb7c125b0, 0x0000021bb7c0fe50,
0x0000021bb7c14680, 0x0000021bb7c160c0, 0x0000021bb7c13ff0, 0x0000021bb7c17470,
0x0000021bb7c104e0, 0x0000021bb7c16de0, 0x0000021bb7c15a30, 0x0000021bb7c14d10,
0x0000021bb7c132d0, 0x0000021bb7c10b70, 0x0000021bb7c16750, 0x0000021bb7c11890,
0x0000021bb7c11f20, 0x0000021bb6eb9740, 0x0000021bb6ebb810, 0x0000021bb983a560
}

Java Threads: ( => current thread )
  0x0000021b96b34b80 JavaThread "main"                              [_thread_blocked, id=12328, stack(0x0000007a64100000,0x0000007a64200000) (1024K)]
  0x0000021bb0740350 JavaThread "Reference Handler"          daemon [_thread_blocked, id=10312, stack(0x0000007a64900000,0x0000007a64a00000) (1024K)]
  0x0000021bb071f240 JavaThread "Finalizer"                  daemon [_thread_blocked, id=3728, stack(0x0000007a64a00000,0x0000007a64b00000) (1024K)]
  0x0000021bb0748f00 JavaThread "Signal Dispatcher"          daemon [_thread_blocked, id=15892, stack(0x0000007a64b00000,0x0000007a64c00000) (1024K)]
  0x0000021bb0749960 JavaThread "Attach Listener"            daemon [_thread_blocked, id=5288, stack(0x0000007a64c00000,0x0000007a64d00000) (1024K)]
  0x0000021bb0721d50 JavaThread "Service Thread"             daemon [_thread_blocked, id=17416, stack(0x0000007a64d00000,0x0000007a64e00000) (1024K)]
  0x0000021bb07223c0 JavaThread "Monitor Deflation Thread"   daemon [_thread_blocked, id=12756, stack(0x0000007a64e00000,0x0000007a64f00000) (1024K)]
  0x0000021bb0724490 JavaThread "C2 CompilerThread0"         daemon [_thread_blocked, id=18032, stack(0x0000007a64f00000,0x0000007a65000000) (1024K)]
  0x0000021bb074d680 JavaThread "C1 CompilerThread0"         daemon [_thread_blocked, id=15480, stack(0x0000007a65000000,0x0000007a65100000) (1024K)]
  0x0000021bb04037d0 JavaThread "Common-Cleaner"             daemon [_thread_blocked, id=13084, stack(0x0000007a65100000,0x0000007a65200000) (1024K)]
  0x0000021bb5019c70 JavaThread "Notification Thread"        daemon [_thread_blocked, id=2100, stack(0x0000007a65200000,0x0000007a65300000) (1024K)]
  0x0000021bb67bc630 JavaThread "Daemon health stats"               [_thread_blocked, id=18236, stack(0x0000007a65700000,0x0000007a65800000) (1024K)]
  0x0000021bb6886c80 JavaThread "Incoming local TCP Connector on port 60345"        [_thread_in_native, id=7676, stack(0x0000007a65800000,0x0000007a65900000) (1024K)]
  0x0000021bb67b4a40 JavaThread "Daemon periodic checks"            [_thread_blocked, id=18480, stack(0x0000007a65900000,0x0000007a65a00000) (1024K)]
  0x0000021bb6ac2890 JavaThread "Daemon"                            [_thread_blocked, id=15196, stack(0x0000007a65a00000,0x0000007a65b00000) (1024K)]
  0x0000021bb6a5d720 JavaThread "Handler for socket connection from /127.0.0.1:60345 to /127.0.0.1:60346"        [_thread_in_native, id=10720, stack(0x0000007a65b00000,0x0000007a65c00000) (1024K)]
  0x0000021bb69a6fd0 JavaThread "Cancel handler"                    [_thread_blocked, id=11312, stack(0x0000007a65c00000,0x0000007a65d00000) (1024K)]
  0x0000021bb6acef30 JavaThread "Daemon worker"                     [_thread_blocked, id=13792, stack(0x0000007a65d00000,0x0000007a65e00000) (1024K)]
  0x0000021bb6adacc0 JavaThread "Asynchronous log dispatcher for DefaultDaemonConnection: socket connection from /127.0.0.1:60345 to /127.0.0.1:60346"        [_thread_blocked, id=7264, stack(0x0000007a65e00000,0x0000007a65f00000) (1024K)]
  0x0000021bb6adc070 JavaThread "Stdin handler"                     [_thread_blocked, id=18964, stack(0x0000007a65f00000,0x0000007a66000000) (1024K)]
  0x0000021bb6adb9e0 JavaThread "Daemon client event forwarder"        [_thread_blocked, id=1108, stack(0x0000007a66000000,0x0000007a66100000) (1024K)]
  0x0000021bb6adb350 JavaThread "Cache worker for journal cache (C:\Users\dbulb\.gradle\caches\journal-1)"        [_thread_blocked, id=17428, stack(0x0000007a66500000,0x0000007a66600000) (1024K)]
  0x0000021bb6adc700 JavaThread "File lock request listener"        [_thread_in_native, id=10280, stack(0x0000007a66600000,0x0000007a66700000) (1024K)]
  0x0000021bb6adcd90 JavaThread "Cache worker for file hash cache (C:\Users\dbulb\.gradle\caches\8.9\fileHashes)"        [_thread_blocked, id=2900, stack(0x0000007a66700000,0x0000007a66800000) (1024K)]
  0x0000021bb6ad9fa0 JavaThread "Cache worker for file hash cache (C:\Users\dbulb\AndroidStudioProjects\lab6\.gradle\8.9\fileHashes)"        [_thread_blocked, id=11464, stack(0x0000007a66800000,0x0000007a66900000) (1024K)]
  0x0000021bb6ada630 JavaThread "Cache worker for Build Output Cleanup Cache (C:\Users\dbulb\AndroidStudioProjects\lab6\.gradle\buildOutputCleanup)"        [_thread_blocked, id=1496, stack(0x0000007a66900000,0x0000007a66a00000) (1024K)]
  0x0000021bb87b8110 JavaThread "File watcher server"        daemon [_thread_blocked, id=12744, stack(0x0000007a66a00000,0x0000007a66b00000) (1024K)]
  0x0000021bb87b87a0 JavaThread "File watcher consumer"      daemon [_thread_blocked, id=10992, stack(0x0000007a66b00000,0x0000007a66c00000) (1024K)]
  0x0000021bb87b8e30 JavaThread "jar transforms"                    [_thread_blocked, id=7636, stack(0x0000007a66c00000,0x0000007a66d00000) (1024K)]
  0x0000021bb87b7a80 JavaThread "jar transforms Thread 2"           [_thread_blocked, id=13620, stack(0x0000007a66d00000,0x0000007a66e00000) (1024K)]
  0x0000021bb87b73f0 JavaThread "jar transforms Thread 3"           [_thread_blocked, id=3076, stack(0x0000007a66e00000,0x0000007a66f00000) (1024K)]
  0x0000021bb87ba1e0 JavaThread "jar transforms Thread 4"           [_thread_blocked, id=9264, stack(0x0000007a66f00000,0x0000007a67000000) (1024K)]
  0x0000021bb87b9b50 JavaThread "jar transforms Thread 5"           [_thread_blocked, id=6976, stack(0x0000007a67000000,0x0000007a67100000) (1024K)]
  0x0000021bb87b94c0 JavaThread "jar transforms Thread 6"           [_thread_blocked, id=11340, stack(0x0000007a67100000,0x0000007a67200000) (1024K)]
  0x0000021bb87b6d60 JavaThread "jar transforms Thread 7"           [_thread_blocked, id=11988, stack(0x0000007a67200000,0x0000007a67300000) (1024K)]
  0x0000021bb82156f0 JavaThread "jar transforms Thread 8"           [_thread_blocked, id=9836, stack(0x0000007a67300000,0x0000007a67400000) (1024K)]
  0x0000021bb821a5b0 JavaThread "Cache worker for checksums cache (C:\Users\dbulb\AndroidStudioProjects\lab6\.gradle\8.9\checksums)"        [_thread_blocked, id=8260, stack(0x0000007a67400000,0x0000007a67500000) (1024K)]
  0x0000021bb8219200 JavaThread "Cache worker for file content cache (C:\Users\dbulb\.gradle\caches\8.9\fileContent)"        [_thread_blocked, id=4428, stack(0x0000007a67500000,0x0000007a67600000) (1024K)]
  0x0000021bb8219f20 JavaThread "Cache worker for cache directory md-rule (C:\Users\dbulb\.gradle\caches\8.9\md-rule)"        [_thread_blocked, id=14868, stack(0x0000007a67600000,0x0000007a67700000) (1024K)]
  0x0000021bb8216410 JavaThread "Cache worker for cache directory md-supplier (C:\Users\dbulb\.gradle\caches\8.9\md-supplier)"        [_thread_blocked, id=18020, stack(0x0000007a67700000,0x0000007a67800000) (1024K)]
  0x0000021bb8217e50 JavaThread "Unconstrained build operations"        [_thread_blocked, id=13584, stack(0x0000007a67800000,0x0000007a67900000) (1024K)]
  0x0000021bb821b960 JavaThread "Unconstrained build operations Thread 2"        [_thread_blocked, id=8476, stack(0x0000007a67900000,0x0000007a67a00000) (1024K)]
  0x0000021bb82177c0 JavaThread "Unconstrained build operations Thread 3"        [_thread_blocked, id=1484, stack(0x0000007a67b00000,0x0000007a67c00000) (1024K)]
  0x0000021bb8218b70 JavaThread "Unconstrained build operations Thread 4"        [_thread_blocked, id=13844, stack(0x0000007a67c00000,0x0000007a67d00000) (1024K)]
  0x0000021bb821bff0 JavaThread "Unconstrained build operations Thread 5"        [_thread_blocked, id=12856, stack(0x0000007a67d00000,0x0000007a67e00000) (1024K)]
  0x0000021bb8215d80 JavaThread "Unconstrained build operations Thread 6"        [_thread_blocked, id=9300, stack(0x0000007a67e00000,0x0000007a67f00000) (1024K)]
  0x0000021bb8216aa0 JavaThread "Unconstrained build operations Thread 7"        [_thread_blocked, id=16896, stack(0x0000007a67f00000,0x0000007a68000000) (1024K)]
  0x0000021bb8217130 JavaThread "Unconstrained build operations Thread 8"        [_thread_blocked, id=3884, stack(0x0000007a68000000,0x0000007a68100000) (1024K)]
  0x0000021bb8219890 JavaThread "Unconstrained build operations Thread 9"        [_thread_blocked, id=2352, stack(0x0000007a68100000,0x0000007a68200000) (1024K)]
  0x0000021bb8215060 JavaThread "Unconstrained build operations Thread 10"        [_thread_blocked, id=16204, stack(0x0000007a68200000,0x0000007a68300000) (1024K)]
  0x0000021bb821c680 JavaThread "Unconstrained build operations Thread 11"        [_thread_blocked, id=8648, stack(0x0000007a68300000,0x0000007a68400000) (1024K)]
  0x0000021bb82184e0 JavaThread "Unconstrained build operations Thread 12"        [_thread_blocked, id=1144, stack(0x0000007a68400000,0x0000007a68500000) (1024K)]
  0x0000021bb92a1010 JavaThread "Unconstrained build operations Thread 13"        [_thread_blocked, id=6164, stack(0x0000007a68500000,0x0000007a68600000) (1024K)]
  0x0000021bb92a16a0 JavaThread "Unconstrained build operations Thread 14"        [_thread_blocked, id=16668, stack(0x0000007a68600000,0x0000007a68700000) (1024K)]
  0x0000021bb929f5d0 JavaThread "Unconstrained build operations Thread 15"        [_thread_blocked, id=2512, stack(0x0000007a68700000,0x0000007a68800000) (1024K)]
  0x0000021bb929fc60 JavaThread "Unconstrained build operations Thread 16"        [_thread_blocked, id=1584, stack(0x0000007a68800000,0x0000007a68900000) (1024K)]
  0x0000021bb929e220 JavaThread "Unconstrained build operations Thread 17"        [_thread_blocked, id=15452, stack(0x0000007a68900000,0x0000007a68a00000) (1024K)]
  0x0000021bb929e8b0 JavaThread "Unconstrained build operations Thread 18"        [_thread_blocked, id=1544, stack(0x0000007a68a00000,0x0000007a68b00000) (1024K)]
  0x0000021bb7c153a0 JavaThread "Unconstrained build operations Thread 19"        [_thread_blocked, id=12512, stack(0x0000007a67a00000,0x0000007a67b00000) (1024K)]
  0x0000021bb7c12c40 JavaThread "Unconstrained build operations Thread 20"        [_thread_blocked, id=11360, stack(0x0000007a68b00000,0x0000007a68c00000) (1024K)]
  0x0000021bb7c11200 JavaThread "Unconstrained build operations Thread 21"        [_thread_blocked, id=3788, stack(0x0000007a68c00000,0x0000007a68d00000) (1024K)]
  0x0000021bb7c13960 JavaThread "Unconstrained build operations Thread 22"        [_thread_blocked, id=18372, stack(0x0000007a68d00000,0x0000007a68e00000) (1024K)]
  0x0000021bb7c125b0 JavaThread "Unconstrained build operations Thread 23"        [_thread_blocked, id=2452, stack(0x0000007a68e00000,0x0000007a68f00000) (1024K)]
  0x0000021bb7c0fe50 JavaThread "Unconstrained build operations Thread 24"        [_thread_blocked, id=16132, stack(0x0000007a68f00000,0x0000007a69000000) (1024K)]
  0x0000021bb7c14680 JavaThread "Unconstrained build operations Thread 25"        [_thread_blocked, id=10332, stack(0x0000007a69000000,0x0000007a69100000) (1024K)]
  0x0000021bb7c160c0 JavaThread "Unconstrained build operations Thread 26"        [_thread_blocked, id=3436, stack(0x0000007a69100000,0x0000007a69200000) (1024K)]
  0x0000021bb7c13ff0 JavaThread "Unconstrained build operations Thread 27"        [_thread_blocked, id=10712, stack(0x0000007a69200000,0x0000007a69300000) (1024K)]
  0x0000021bb7c17470 JavaThread "Unconstrained build operations Thread 28"        [_thread_blocked, id=2412, stack(0x0000007a69300000,0x0000007a69400000) (1024K)]
  0x0000021bb7c104e0 JavaThread "Unconstrained build operations Thread 29"        [_thread_blocked, id=7800, stack(0x0000007a69400000,0x0000007a69500000) (1024K)]
  0x0000021bb7c16de0 JavaThread "Unconstrained build operations Thread 30"        [_thread_blocked, id=12432, stack(0x0000007a69500000,0x0000007a69600000) (1024K)]
  0x0000021bb7c15a30 JavaThread "Unconstrained build operations Thread 31"        [_thread_blocked, id=17340, stack(0x0000007a69600000,0x0000007a69700000) (1024K)]
  0x0000021bb7c14d10 JavaThread "Unconstrained build operations Thread 32"        [_thread_blocked, id=18680, stack(0x0000007a69700000,0x0000007a69800000) (1024K)]
  0x0000021bb7c132d0 JavaThread "Unconstrained build operations Thread 33"        [_thread_blocked, id=18356, stack(0x0000007a69900000,0x0000007a69a00000) (1024K)]
  0x0000021bb7c10b70 JavaThread "Unconstrained build operations Thread 34"        [_thread_blocked, id=16464, stack(0x0000007a69a00000,0x0000007a69b00000) (1024K)]
  0x0000021bb7c16750 JavaThread "Unconstrained build operations Thread 35"        [_thread_blocked, id=13748, stack(0x0000007a69b00000,0x0000007a69c00000) (1024K)]
  0x0000021bb7c11890 JavaThread "Unconstrained build operations Thread 36"        [_thread_blocked, id=13908, stack(0x0000007a69c00000,0x0000007a69d00000) (1024K)]
  0x0000021bb7c11f20 JavaThread "Unconstrained build operations Thread 37"        [_thread_blocked, id=14636, stack(0x0000007a69d00000,0x0000007a69e00000) (1024K)]
  0x0000021bb6eb9740 JavaThread "Unconstrained build operations Thread 38"        [_thread_blocked, id=16684, stack(0x0000007a69e00000,0x0000007a69f00000) (1024K)]
  0x0000021bb6ebb810 JavaThread "Unconstrained build operations Thread 39"        [_thread_blocked, id=11892, stack(0x0000007a69f00000,0x0000007a6a000000) (1024K)]
  0x0000021bb983a560 JavaThread "C2 CompilerThread1"         daemon [_thread_blocked, id=11196, stack(0x0000007a69800000,0x0000007a69900000) (1024K)]
Total: 80

Other Threads:
=>0x0000021bb049c830 VMThread "VM Thread"                           [id=5452, stack(0x0000007a64800000,0x0000007a64900000) (1024K)]
  0x0000021bb0402600 WatcherThread "VM Periodic Task Thread"        [id=8920, stack(0x0000007a64700000,0x0000007a64800000) (1024K)]
  0x0000021b98e027b0 WorkerThread "GC Thread#0"                     [id=5756, stack(0x0000007a64200000,0x0000007a64300000) (1024K)]
  0x0000021bb588f510 WorkerThread "GC Thread#1"                     [id=19028, stack(0x0000007a65300000,0x0000007a65400000) (1024K)]
  0x0000021bb5719b10 WorkerThread "GC Thread#2"                     [id=2704, stack(0x0000007a65400000,0x0000007a65500000) (1024K)]
  0x0000021bb54e19e0 WorkerThread "GC Thread#3"                     [id=18984, stack(0x0000007a65500000,0x0000007a65600000) (1024K)]
  0x0000021bb5cd4260 WorkerThread "GC Thread#4"                     [id=1520, stack(0x0000007a65600000,0x0000007a65700000) (1024K)]
  0x0000021bb69a1e90 WorkerThread "GC Thread#5"                     [id=17336, stack(0x0000007a66100000,0x0000007a66200000) (1024K)]
  0x0000021bb69a7b60 WorkerThread "GC Thread#6"                     [id=13072, stack(0x0000007a66200000,0x0000007a66300000) (1024K)]
  0x0000021bb6ae5870 WorkerThread "GC Thread#7"                     [id=7516, stack(0x0000007a66300000,0x0000007a66400000) (1024K)]
  0x0000021b98e13810 ConcurrentGCThread "G1 Main Marker"            [id=13264, stack(0x0000007a64300000,0x0000007a64400000) (1024K)]
  0x0000021b98e149c0 WorkerThread "G1 Conc#0"                       [id=11624, stack(0x0000007a64400000,0x0000007a64500000) (1024K)]
  0x0000021bb6ae5130 WorkerThread "G1 Conc#1"                       [id=9012, stack(0x0000007a66400000,0x0000007a66500000) (1024K)]
  0x0000021b98e7eac0 ConcurrentGCThread "G1 Refine#0"               [id=18108, stack(0x0000007a64500000,0x0000007a64600000) (1024K)]
  0x0000021bb02d9750 ConcurrentGCThread "G1 Service"                [id=17432, stack(0x0000007a64600000,0x0000007a64700000) (1024K)]
Total: 15

Threads with active compile tasks:
C2 CompilerThread0    16936 9147 %     4       org.jetbrains.kotlin.com.intellij.openapi.vfs.impl.jar.CoreJarHandler::<init> @ 64 (236 bytes)
Total: 1

VM state: at safepoint (normal execution)

VM Mutex/Monitor currently owned by a thread:  ([mutex/lock_event])
[0x00007ffde3de20c8] Threads_lock - owner thread: 0x0000021bb049c830
[0x00007ffde3de21c8] Heap_lock - owner thread: 0x0000021b98e13810

Heap address: 0x0000000080000000, size: 2048 MB, Compressed Oops mode: 32-bit

CDS archive(s) not mapped
Compressed class space mapped at: 0x0000000100000000-0x0000000140000000, reserved size: 1073741824
Narrow klass base: 0x0000000000000000, Narrow klass shift: 3, Narrow klass range: 0x140000000

GC Precious Log:
 CardTable entry size: 512
 Card Set container configuration: InlinePtr #cards 5 size 8 Array Of Cards #cards 12 size 40 Howl #buckets 4 coarsen threshold 1843 Howl Bitmap #cards 512 size 80 coarsen threshold 460 Card regions per heap region 1 cards per card region 2048
 CPUs: 8 total, 8 available
 Memory: 7103M
 Large Page Support: Disabled
 NUMA Support: Disabled
 Compressed Oops: Enabled (32-bit)
 Heap Region Size: 1M
 Heap Min Capacity: 8M
 Heap Initial Capacity: 112M
 Heap Max Capacity: 2G
 Pre-touch: Disabled
 Parallel Workers: 8
 Concurrent Workers: 2
 Concurrent Refinement Workers: 8
 Periodic GC: Disabled

Heap:
 garbage-first heap   total 168960K, used 119240K [0x0000000080000000, 0x0000000100000000)
  region size 1024K, 15 young (15360K), 4 survivors (4096K)
 Metaspace       used 87805K, committed 89664K, reserved 1179648K
  class space    used 12292K, committed 13184K, reserved 1048576K

Heap Regions: E=young(eden), S=young(survivor), O=old, HS=humongous(starts), HC=humongous(continues), CS=collection set, F=free, TAMS=top-at-mark-start, PB=parsable bottom
|   0|0x0000000080000000, 0x0000000080100000, 0x0000000080100000|100%|HS|  |TAMS 0x0000000080100000| PB 0x0000000080000000| Complete 
|   1|0x0000000080100000, 0x0000000080200000, 0x0000000080200000|100%|HC|  |TAMS 0x0000000080200000| PB 0x0000000080100000| Complete 
|   2|0x0000000080200000, 0x0000000080300000, 0x0000000080300000|100%|HC|  |TAMS 0x0000000080300000| PB 0x0000000080200000| Complete 
|   3|0x0000000080300000, 0x0000000080400000, 0x0000000080400000|100%|HC|  |TAMS 0x0000000080400000| PB 0x0000000080300000| Complete 
|   4|0x0000000080400000, 0x0000000080500000, 0x0000000080500000|100%| O|  |TAMS 0x0000000080500000| PB 0x0000000080500000| Untracked 
|   5|0x0000000080500000, 0x0000000080600000, 0x0000000080600000|100%| O|  |TAMS 0x0000000080600000| PB 0x0000000080600000| Untracked 
|   6|0x0000000080600000, 0x0000000080700000, 0x0000000080700000|100%| O|  |TAMS 0x0000000080700000| PB 0x0000000080700000| Untracked 
|   7|0x0000000080700000, 0x0000000080800000, 0x0000000080800000|100%| O|  |TAMS 0x0000000080800000| PB 0x0000000080800000| Untracked 
|   8|0x0000000080800000, 0x0000000080900000, 0x0000000080900000|100%| O|  |TAMS 0x0000000080900000| PB 0x0000000080900000| Untracked 
|   9|0x0000000080900000, 0x0000000080a00000, 0x0000000080a00000|100%| O|  |TAMS 0x0000000080a00000| PB 0x0000000080a00000| Updating 
|  10|0x0000000080a00000, 0x0000000080b00000, 0x0000000080b00000|100%| O|  |TAMS 0x0000000080b00000| PB 0x0000000080b00000| Untracked 
|  11|0x0000000080b00000, 0x0000000080c00000, 0x0000000080c00000|100%|HS|  |TAMS 0x0000000080c00000| PB 0x0000000080b00000| Complete 
|  12|0x0000000080c00000, 0x0000000080d00000, 0x0000000080d00000|100%| O|  |TAMS 0x0000000080d00000| PB 0x0000000080d00000| Untracked 
|  13|0x0000000080d00000, 0x0000000080e00000, 0x0000000080e00000|100%| O|  |TAMS 0x0000000080e00000| PB 0x0000000080e00000| Untracked 
|  14|0x0000000080e00000, 0x0000000080f00000, 0x0000000080f00000|100%| O|  |TAMS 0x0000000080f00000| PB 0x0000000080f00000| Untracked 
|  15|0x0000000080f00000, 0x0000000081000000, 0x0000000081000000|100%| O|  |TAMS 0x0000000081000000| PB 0x0000000081000000| Untracked 
|  16|0x0000000081000000, 0x0000000081100000, 0x0000000081100000|100%| O|  |TAMS 0x0000000081100000| PB 0x0000000081100000| Untracked 
|  17|0x0000000081100000, 0x0000000081200000, 0x0000000081200000|100%| O|  |TAMS 0x0000000081200000| PB 0x0000000081200000| Untracked 
|  18|0x0000000081200000, 0x0000000081300000, 0x0000000081300000|100%| O|  |TAMS 0x0000000081300000| PB 0x0000000081300000| Untracked 
|  19|0x0000000081300000, 0x0000000081400000, 0x0000000081400000|100%| O|  |TAMS 0x0000000081400000| PB 0x0000000081400000| Untracked 
|  20|0x0000000081400000, 0x0000000081500000, 0x0000000081500000|100%| O|  |TAMS 0x0000000081500000| PB 0x0000000081500000| Untracked 
|  21|0x0000000081500000, 0x0000000081600000, 0x0000000081600000|100%| O|  |TAMS 0x0000000081600000| PB 0x0000000081600000| Updating 
|  22|0x0000000081600000, 0x0000000081700000, 0x0000000081700000|100%|HS|  |TAMS 0x0000000081700000| PB 0x0000000081600000| Complete 
|  23|0x0000000081700000, 0x0000000081800000, 0x0000000081800000|100%|HC|  |TAMS 0x0000000081800000| PB 0x0000000081700000| Complete 
|  24|0x0000000081800000, 0x0000000081900000, 0x0000000081900000|100%|HC|  |TAMS 0x0000000081900000| PB 0x0000000081800000| Complete 
|  25|0x0000000081900000, 0x0000000081a00000, 0x0000000081a00000|100%|HC|  |TAMS 0x0000000081a00000| PB 0x0000000081900000| Complete 
|  26|0x0000000081a00000, 0x0000000081b00000, 0x0000000081b00000|100%|HC|  |TAMS 0x0000000081b00000| PB 0x0000000081a00000| Complete 
|  27|0x0000000081b00000, 0x0000000081c00000, 0x0000000081c00000|100%|HC|  |TAMS 0x0000000081c00000| PB 0x0000000081b00000| Complete 
|  28|0x0000000081c00000, 0x0000000081d00000, 0x0000000081d00000|100%|HS|  |TAMS 0x0000000081d00000| PB 0x0000000081c00000| Complete 
|  29|0x0000000081d00000, 0x0000000081e00000, 0x0000000081e00000|100%|HC|  |TAMS 0x0000000081e00000| PB 0x0000000081d00000| Complete 
|  30|0x0000000081e00000, 0x0000000081f00000, 0x0000000081f00000|100%|HC|  |TAMS 0x0000000081f00000| PB 0x0000000081e00000| Complete 
|  31|0x0000000081f00000, 0x0000000082000000, 0x0000000082000000|100%|HS|  |TAMS 0x0000000082000000| PB 0x0000000081f00000| Complete 
|  32|0x0000000082000000, 0x0000000082100000, 0x0000000082100000|100%|HC|  |TAMS 0x0000000082100000| PB 0x0000000082000000| Complete 
|  33|0x0000000082100000, 0x0000000082200000, 0x0000000082200000|100%| O|  |TAMS 0x0000000082200000| PB 0x0000000082200000| Untracked 
|  34|0x0000000082200000, 0x0000000082300000, 0x0000000082300000|100%|HS|  |TAMS 0x0000000082300000| PB 0x0000000082200000| Complete 
|  35|0x0000000082300000, 0x0000000082400000, 0x0000000082400000|100%| O|  |TAMS 0x0000000082400000| PB 0x0000000082400000| Untracked 
|  36|0x0000000082400000, 0x0000000082500000, 0x0000000082500000|100%| O|  |TAMS 0x0000000082500000| PB 0x0000000082500000| Updating 
|  37|0x0000000082500000, 0x0000000082600000, 0x0000000082600000|100%| O|  |TAMS 0x0000000082600000| PB 0x0000000082600000| Untracked 
|  38|0x0000000082600000, 0x0000000082700000, 0x0000000082700000|100%| O|  |TAMS 0x0000000082700000| PB 0x0000000082700000| Untracked 
|  39|0x0000000082700000, 0x0000000082800000, 0x0000000082800000|100%| O|  |TAMS 0x0000000082800000| PB 0x0000000082800000| Untracked 
|  40|0x0000000082800000, 0x0000000082900000, 0x0000000082900000|100%| O|  |TAMS 0x0000000082900000| PB 0x0000000082900000| Updating 
|  41|0x0000000082900000, 0x0000000082a00000, 0x0000000082a00000|100%| O|  |TAMS 0x0000000082a00000| PB 0x0000000082a00000| Updating 
|  42|0x0000000082a00000, 0x0000000082b00000, 0x0000000082b00000|100%| O|  |TAMS 0x0000000082b00000| PB 0x0000000082b00000| Untracked 
|  43|0x0000000082b00000, 0x0000000082c00000, 0x0000000082c00000|100%| O|  |TAMS 0x0000000082c00000| PB 0x0000000082c00000| Untracked 
|  44|0x0000000082c00000, 0x0000000082d00000, 0x0000000082d00000|100%| O|  |TAMS 0x0000000082d00000| PB 0x0000000082d00000| Untracked 
|  45|0x0000000082d00000, 0x0000000082e00000, 0x0000000082e00000|100%| O|  |TAMS 0x0000000082e00000| PB 0x0000000082e00000| Updating 
|  46|0x0000000082e00000, 0x0000000082f00000, 0x0000000082f00000|100%| O|  |TAMS 0x0000000082f00000| PB 0x0000000082f00000| Updating 
|  47|0x0000000082f00000, 0x0000000083000000, 0x0000000083000000|100%| O|  |TAMS 0x0000000083000000| PB 0x0000000083000000| Untracked 
|  48|0x0000000083000000, 0x0000000083100000, 0x0000000083100000|100%| O|  |TAMS 0x0000000083100000| PB 0x0000000083100000| Untracked 
|  49|0x0000000083100000, 0x0000000083200000, 0x0000000083200000|100%|HS|  |TAMS 0x0000000083200000| PB 0x0000000083100000| Complete 
|  50|0x0000000083200000, 0x0000000083300000, 0x0000000083300000|100%|HC|  |TAMS 0x0000000083300000| PB 0x0000000083200000| Complete 
|  51|0x0000000083300000, 0x0000000083400000, 0x0000000083400000|100%| O|  |TAMS 0x0000000083400000| PB 0x0000000083400000| Untracked 
|  52|0x0000000083400000, 0x0000000083500000, 0x0000000083500000|100%| O|  |TAMS 0x0000000083500000| PB 0x0000000083500000| Untracked 
|  53|0x0000000083500000, 0x0000000083600000, 0x0000000083600000|100%| O|  |TAMS 0x0000000083600000| PB 0x0000000083600000| Updating 
|  54|0x0000000083600000, 0x0000000083700000, 0x0000000083700000|100%|HS|  |TAMS 0x0000000083700000| PB 0x0000000083600000| Complete 
|  55|0x0000000083700000, 0x0000000083800000, 0x0000000083800000|100%|HC|  |TAMS 0x0000000083800000| PB 0x0000000083700000| Complete 
|  56|0x0000000083800000, 0x0000000083900000, 0x0000000083900000|100%|HC|  |TAMS 0x0000000083900000| PB 0x0000000083800000| Complete 
|  57|0x0000000083900000, 0x0000000083a00000, 0x0000000083a00000|100%|HC|  |TAMS 0x0000000083a00000| PB 0x0000000083900000| Complete 
|  58|0x0000000083a00000, 0x0000000083b00000, 0x0000000083b00000|100%|HC|  |TAMS 0x0000000083b00000| PB 0x0000000083a00000| Complete 
|  59|0x0000000083b00000, 0x0000000083c00000, 0x0000000083c00000|100%|HC|  |TAMS 0x0000000083c00000| PB 0x0000000083b00000| Complete 
|  60|0x0000000083c00000, 0x0000000083d00000, 0x0000000083d00000|100%| O|  |TAMS 0x0000000083d00000| PB 0x0000000083d00000| Updating 
|  61|0x0000000083d00000, 0x0000000083e00000, 0x0000000083e00000|100%| O|  |TAMS 0x0000000083e00000| PB 0x0000000083e00000| Untracked 
|  62|0x0000000083e00000, 0x0000000083f00000, 0x0000000083f00000|100%| O|  |TAMS 0x0000000083f00000| PB 0x0000000083f00000| Updating 
|  63|0x0000000083f00000, 0x0000000084000000, 0x0000000084000000|100%| O|  |TAMS 0x0000000084000000| PB 0x0000000084000000| Updating 
|  64|0x0000000084000000, 0x0000000084100000, 0x0000000084100000|100%| O|  |TAMS 0x0000000084100000| PB 0x0000000084100000| Untracked 
|  65|0x0000000084100000, 0x0000000084200000, 0x0000000084200000|100%|HS|  |TAMS 0x0000000084200000| PB 0x0000000084100000| Complete 
|  66|0x0000000084200000, 0x0000000084300000, 0x0000000084300000|100%|HC|  |TAMS 0x0000000084300000| PB 0x0000000084200000| Complete 
|  67|0x0000000084300000, 0x0000000084400000, 0x0000000084400000|100%|HC|  |TAMS 0x0000000084400000| PB 0x0000000084300000| Complete 
|  68|0x0000000084400000, 0x0000000084500000, 0x0000000084500000|100%|HC|  |TAMS 0x0000000084500000| PB 0x0000000084400000| Complete 
|  69|0x0000000084500000, 0x0000000084600000, 0x0000000084600000|100%|HC|  |TAMS 0x0000000084600000| PB 0x0000000084500000| Complete 
|  70|0x0000000084600000, 0x0000000084700000, 0x0000000084700000|100%|HC|  |TAMS 0x0000000084700000| PB 0x0000000084600000| Complete 
|  71|0x0000000084700000, 0x0000000084800000, 0x0000000084800000|100%| O|  |TAMS 0x0000000084800000| PB 0x0000000084800000| Updating 
|  72|0x0000000084800000, 0x0000000084900000, 0x0000000084900000|100%| O|  |TAMS 0x0000000084900000| PB 0x0000000084900000| Untracked 
|  73|0x0000000084900000, 0x0000000084a00000, 0x0000000084a00000|100%| O|  |TAMS 0x0000000084a00000| PB 0x0000000084a00000| Untracked 
|  74|0x0000000084a00000, 0x0000000084b00000, 0x0000000084b00000|100%| O|  |TAMS 0x0000000084b00000| PB 0x0000000084b00000| Untracked 
|  75|0x0000000084b00000, 0x0000000084c00000, 0x0000000084c00000|100%| O|  |TAMS 0x0000000084c00000| PB 0x0000000084c00000| Updating 
|  76|0x0000000084c00000, 0x0000000084d00000, 0x0000000084d00000|100%| O|  |TAMS 0x0000000084d00000| PB 0x0000000084d00000| Untracked 
|  77|0x0000000084d00000, 0x0000000084e00000, 0x0000000084e00000|100%| O|  |TAMS 0x0000000084e00000| PB 0x0000000084e00000| Untracked 
|  78|0x0000000084e00000, 0x0000000084f00000, 0x0000000084f00000|100%| O|  |TAMS 0x0000000084f00000| PB 0x0000000084f00000| Updating 
|  79|0x0000000084f00000, 0x0000000085000000, 0x0000000085000000|100%| O|  |TAMS 0x0000000084f00000| PB 0x0000000084f00000| Untracked 
|  80|0x0000000085000000, 0x0000000085100000, 0x0000000085100000|100%| O|  |TAMS 0x0000000085000000| PB 0x0000000085000000| Untracked 
|  81|0x0000000085100000, 0x0000000085200000, 0x0000000085200000|100%| O|  |TAMS 0x0000000085200000| PB 0x0000000085200000| Untracked 
|  82|0x0000000085200000, 0x0000000085300000, 0x0000000085300000|100%| O|  |TAMS 0x0000000085300000| PB 0x0000000085300000| Updating 
|  83|0x0000000085300000, 0x0000000085400000, 0x0000000085400000|100%| O|  |TAMS 0x0000000085300000| PB 0x0000000085300000| Untracked 
|  84|0x0000000085400000, 0x0000000085500000, 0x0000000085500000|100%| O|  |TAMS 0x0000000085400000| PB 0x0000000085400000| Untracked 
|  85|0x0000000085500000, 0x0000000085600000, 0x0000000085600000|100%| O|  |TAMS 0x0000000085500000| PB 0x0000000085500000| Untracked 
|  86|0x0000000085600000, 0x0000000085700000, 0x0000000085700000|100%| O|  |TAMS 0x0000000085600000| PB 0x0000000085600000| Untracked 
|  87|0x0000000085700000, 0x0000000085800000, 0x0000000085800000|100%| O|  |TAMS 0x0000000085700000| PB 0x0000000085700000| Untracked 
|  88|0x0000000085800000, 0x0000000085900000, 0x0000000085900000|100%|HS|  |TAMS 0x0000000085800000| PB 0x0000000085800000| Complete 
|  89|0x0000000085900000, 0x0000000085a00000, 0x0000000085a00000|100%|HC|  |TAMS 0x0000000085900000| PB 0x0000000085900000| Complete 
|  90|0x0000000085a00000, 0x0000000085b00000, 0x0000000085b00000|100%|HS|  |TAMS 0x0000000085a00000| PB 0x0000000085a00000| Complete 
|  91|0x0000000085b00000, 0x0000000085b00000, 0x0000000085c00000|  0%| F|  |TAMS 0x0000000085b00000| PB 0x0000000085b00000| Untracked 
|  92|0x0000000085c00000, 0x0000000085d00000, 0x0000000085d00000|100%| O|  |TAMS 0x0000000085d00000| PB 0x0000000085d00000| Untracked 
|  93|0x0000000085d00000, 0x0000000085d00000, 0x0000000085e00000|  0%| F|  |TAMS 0x0000000085d00000| PB 0x0000000085d00000| Untracked 
|  94|0x0000000085e00000, 0x0000000085e00000, 0x0000000085f00000|  0%| F|  |TAMS 0x0000000085e00000| PB 0x0000000085e00000| Untracked 
|  95|0x0000000085f00000, 0x0000000085f00000, 0x0000000086000000|  0%| F|  |TAMS 0x0000000085f00000| PB 0x0000000085f00000| Untracked 
|  96|0x0000000086000000, 0x0000000086000000, 0x0000000086100000|  0%| F|  |TAMS 0x0000000086000000| PB 0x0000000086000000| Untracked 
|  97|0x0000000086100000, 0x0000000086100000, 0x0000000086200000|  0%| F|  |TAMS 0x0000000086100000| PB 0x0000000086100000| Untracked 
|  98|0x0000000086200000, 0x0000000086300000, 0x0000000086300000|100%| O|  |TAMS 0x0000000086300000| PB 0x0000000086300000| Untracked 
|  99|0x0000000086300000, 0x0000000086300000, 0x0000000086400000|  0%| F|  |TAMS 0x0000000086300000| PB 0x0000000086300000| Untracked 
| 100|0x0000000086400000, 0x0000000086400000, 0x0000000086500000|  0%| F|  |TAMS 0x0000000086400000| PB 0x0000000086400000| Untracked 
| 101|0x0000000086500000, 0x0000000086500000, 0x0000000086600000|  0%| F|  |TAMS 0x0000000086500000| PB 0x0000000086500000| Untracked 
| 102|0x0000000086600000, 0x0000000086600000, 0x0000000086700000|  0%| F|  |TAMS 0x0000000086600000| PB 0x0000000086600000| Untracked 
| 103|0x0000000086700000, 0x0000000086700000, 0x0000000086800000|  0%| F|  |TAMS 0x0000000086700000| PB 0x0000000086700000| Untracked 
| 104|0x0000000086800000, 0x0000000086800000, 0x0000000086900000|  0%| F|  |TAMS 0x0000000086800000| PB 0x0000000086800000| Untracked 
| 105|0x0000000086900000, 0x0000000086900000, 0x0000000086a00000|  0%| F|  |TAMS 0x0000000086900000| PB 0x0000000086900000| Untracked 
| 106|0x0000000086a00000, 0x0000000086a00000, 0x0000000086b00000|  0%| F|  |TAMS 0x0000000086a00000| PB 0x0000000086a00000| Untracked 
| 107|0x0000000086b00000, 0x0000000086b00000, 0x0000000086c00000|  0%| F|  |TAMS 0x0000000086b00000| PB 0x0000000086b00000| Untracked 
| 108|0x0000000086c00000, 0x0000000086c00000, 0x0000000086d00000|  0%| F|  |TAMS 0x0000000086c00000| PB 0x0000000086c00000| Untracked 
| 109|0x0000000086d00000, 0x0000000086d00000, 0x0000000086e00000|  0%| F|  |TAMS 0x0000000086d00000| PB 0x0000000086d00000| Untracked 
| 110|0x0000000086e00000, 0x0000000086e00000, 0x0000000086f00000|  0%| F|  |TAMS 0x0000000086e00000| PB 0x0000000086e00000| Untracked 
| 111|0x0000000086f00000, 0x0000000086f00000, 0x0000000087000000|  0%| F|  |TAMS 0x0000000086f00000| PB 0x0000000086f00000| Untracked 
| 112|0x0000000087000000, 0x0000000087000000, 0x0000000087100000|  0%| F|  |TAMS 0x0000000087000000| PB 0x0000000087000000| Untracked 
| 113|0x0000000087100000, 0x0000000087100000, 0x0000000087200000|  0%| F|  |TAMS 0x0000000087100000| PB 0x0000000087100000| Untracked 
| 114|0x0000000087200000, 0x0000000087200000, 0x0000000087300000|  0%| F|  |TAMS 0x0000000087200000| PB 0x0000000087200000| Untracked 
| 115|0x0000000087300000, 0x0000000087300000, 0x0000000087400000|  0%| F|  |TAMS 0x0000000087300000| PB 0x0000000087300000| Untracked 
| 116|0x0000000087400000, 0x0000000087400000, 0x0000000087500000|  0%| F|  |TAMS 0x0000000087400000| PB 0x0000000087400000| Untracked 
| 117|0x0000000087500000, 0x0000000087500000, 0x0000000087600000|  0%| F|  |TAMS 0x0000000087500000| PB 0x0000000087500000| Untracked 
| 118|0x0000000087600000, 0x0000000087600000, 0x0000000087700000|  0%| F|  |TAMS 0x0000000087600000| PB 0x0000000087600000| Untracked 
| 119|0x0000000087700000, 0x0000000087700000, 0x0000000087800000|  0%| F|  |TAMS 0x0000000087700000| PB 0x0000000087700000| Untracked 
| 120|0x0000000087800000, 0x0000000087800000, 0x0000000087900000|  0%| F|  |TAMS 0x0000000087800000| PB 0x0000000087800000| Untracked 
| 121|0x0000000087900000, 0x0000000087900000, 0x0000000087a00000|  0%| F|  |TAMS 0x0000000087900000| PB 0x0000000087900000| Untracked 
| 122|0x0000000087a00000, 0x0000000087a00000, 0x0000000087b00000|  0%| F|  |TAMS 0x0000000087a00000| PB 0x0000000087a00000| Untracked 
| 123|0x0000000087b00000, 0x0000000087b00000, 0x0000000087c00000|  0%| F|  |TAMS 0x0000000087b00000| PB 0x0000000087b00000| Untracked 
| 124|0x0000000087c00000, 0x0000000087c00000, 0x0000000087d00000|  0%| F|  |TAMS 0x0000000087c00000| PB 0x0000000087c00000| Untracked 
| 125|0x0000000087d00000, 0x0000000087d00000, 0x0000000087e00000|  0%| F|  |TAMS 0x0000000087d00000| PB 0x0000000087d00000| Untracked 
| 126|0x0000000087e00000, 0x0000000087e00000, 0x0000000087f00000|  0%| F|  |TAMS 0x0000000087e00000| PB 0x0000000087e00000| Untracked 
| 127|0x0000000087f00000, 0x0000000087f00000, 0x0000000088000000|  0%| F|  |TAMS 0x0000000087f00000| PB 0x0000000087f00000| Untracked 
| 128|0x0000000088000000, 0x0000000088000000, 0x0000000088100000|  0%| F|  |TAMS 0x0000000088000000| PB 0x0000000088000000| Untracked 
| 129|0x0000000088100000, 0x0000000088100000, 0x0000000088200000|  0%| F|  |TAMS 0x0000000088100000| PB 0x0000000088100000| Untracked 
| 130|0x0000000088200000, 0x0000000088200000, 0x0000000088300000|  0%| F|  |TAMS 0x0000000088200000| PB 0x0000000088200000| Untracked 
| 131|0x0000000088300000, 0x0000000088300000, 0x0000000088400000|  0%| F|  |TAMS 0x0000000088300000| PB 0x0000000088300000| Untracked 
| 132|0x0000000088400000, 0x0000000088400000, 0x0000000088500000|  0%| F|  |TAMS 0x0000000088400000| PB 0x0000000088400000| Untracked 
| 133|0x0000000088500000, 0x0000000088500000, 0x0000000088600000|  0%| F|  |TAMS 0x0000000088500000| PB 0x0000000088500000| Untracked 
| 134|0x0000000088600000, 0x0000000088600000, 0x0000000088700000|  0%| F|  |TAMS 0x0000000088600000| PB 0x0000000088600000| Untracked 
| 135|0x0000000088700000, 0x0000000088700000, 0x0000000088800000|  0%| F|  |TAMS 0x0000000088700000| PB 0x0000000088700000| Untracked 
| 136|0x0000000088800000, 0x0000000088800000, 0x0000000088900000|  0%| F|  |TAMS 0x0000000088800000| PB 0x0000000088800000| Untracked 
| 137|0x0000000088900000, 0x0000000088900000, 0x0000000088a00000|  0%| F|  |TAMS 0x0000000088900000| PB 0x0000000088900000| Untracked 
| 138|0x0000000088a00000, 0x0000000088a720a8, 0x0000000088b00000| 44%| S|CS|TAMS 0x0000000088a00000| PB 0x0000000088a00000| Complete 
| 139|0x0000000088b00000, 0x0000000088c00000, 0x0000000088c00000|100%| S|CS|TAMS 0x0000000088b00000| PB 0x0000000088b00000| Complete 
| 140|0x0000000088c00000, 0x0000000088d00000, 0x0000000088d00000|100%| S|CS|TAMS 0x0000000088c00000| PB 0x0000000088c00000| Complete 
| 141|0x0000000088d00000, 0x0000000088e00000, 0x0000000088e00000|100%| S|CS|TAMS 0x0000000088d00000| PB 0x0000000088d00000| Complete 
| 142|0x0000000088e00000, 0x0000000088e00000, 0x0000000088f00000|  0%| F|  |TAMS 0x0000000088e00000| PB 0x0000000088e00000| Untracked 
| 143|0x0000000088f00000, 0x0000000088f00000, 0x0000000089000000|  0%| F|  |TAMS 0x0000000088f00000| PB 0x0000000088f00000| Untracked 
| 144|0x0000000089000000, 0x0000000089080800, 0x0000000089100000| 50%| E|  |TAMS 0x0000000089000000| PB 0x0000000089000000| Complete 
| 145|0x0000000089100000, 0x0000000089200000, 0x0000000089200000|100%| E|CS|TAMS 0x0000000089100000| PB 0x0000000089100000| Complete 
| 146|0x0000000089200000, 0x0000000089300000, 0x0000000089300000|100%| E|CS|TAMS 0x0000000089200000| PB 0x0000000089200000| Complete 
| 147|0x0000000089300000, 0x0000000089400000, 0x0000000089400000|100%| E|CS|TAMS 0x0000000089300000| PB 0x0000000089300000| Complete 
| 148|0x0000000089400000, 0x0000000089500000, 0x0000000089500000|100%| E|CS|TAMS 0x0000000089400000| PB 0x0000000089400000| Complete 
| 149|0x0000000089500000, 0x0000000089600000, 0x0000000089600000|100%| E|CS|TAMS 0x0000000089500000| PB 0x0000000089500000| Complete 
| 150|0x0000000089600000, 0x0000000089700000, 0x0000000089700000|100%| E|CS|TAMS 0x0000000089600000| PB 0x0000000089600000| Complete 
| 151|0x0000000089700000, 0x0000000089800000, 0x0000000089800000|100%| E|CS|TAMS 0x0000000089700000| PB 0x0000000089700000| Complete 
| 152|0x0000000089800000, 0x0000000089900000, 0x0000000089900000|100%| E|CS|TAMS 0x0000000089800000| PB 0x0000000089800000| Complete 
|2036|0x00000000ff400000, 0x00000000ff500000, 0x00000000ff500000|100%| O|  |TAMS 0x00000000ff4b4a20| PB 0x00000000ff4b4a20| Updating 
|2037|0x00000000ff500000, 0x00000000ff600000, 0x00000000ff600000|100%| O|  |TAMS 0x00000000ff600000| PB 0x00000000ff600000| Updating 
|2038|0x00000000ff600000, 0x00000000ff700000, 0x00000000ff700000|100%| O|  |TAMS 0x00000000ff700000| PB 0x00000000ff700000| Untracked 
|2039|0x00000000ff700000, 0x00000000ff800000, 0x00000000ff800000|100%| O|  |TAMS 0x00000000ff800000| PB 0x00000000ff800000| Untracked 
|2040|0x00000000ff800000, 0x00000000ff900000, 0x00000000ff900000|100%| O|  |TAMS 0x00000000ff900000| PB 0x00000000ff900000| Untracked 
|2041|0x00000000ff900000, 0x00000000ffa00000, 0x00000000ffa00000|100%| O|  |TAMS 0x00000000ffa00000| PB 0x00000000ffa00000| Untracked 
|2042|0x00000000ffa00000, 0x00000000ffb00000, 0x00000000ffb00000|100%| O|  |TAMS 0x00000000ffb00000| PB 0x00000000ffb00000| Untracked 
|2043|0x00000000ffb00000, 0x00000000ffc00000, 0x00000000ffc00000|100%| O|  |TAMS 0x00000000ffc00000| PB 0x00000000ffc00000| Untracked 
|2044|0x00000000ffc00000, 0x00000000ffd00000, 0x00000000ffd00000|100%| O|  |TAMS 0x00000000ffd00000| PB 0x00000000ffd00000| Untracked 
|2045|0x00000000ffd00000, 0x00000000ffe00000, 0x00000000ffe00000|100%| E|CS|TAMS 0x00000000ffd00000| PB 0x00000000ffd00000| Complete 
|2046|0x00000000ffe00000, 0x00000000fff00000, 0x00000000fff00000|100%| E|CS|TAMS 0x00000000ffe00000| PB 0x00000000ffe00000| Complete 
|2047|0x00000000fff00000, 0x0000000100000000, 0x0000000100000000|100%| O|  |TAMS 0x0000000100000000| PB 0x0000000100000000| Updating 

Card table byte_map: [0x0000021bab630000,0x0000021baba30000] _byte_map_base: 0x0000021bab230000

Marking Bits: (CMBitMap*) 0x0000021b98e02dc0
 Bits: [0x0000021baba30000, 0x0000021bada30000)

Polling page: 0x0000021b96d30000

Metaspace:

Usage:
  Non-class:     73.74 MB used.
      Class:     12.00 MB used.
       Both:     85.75 MB used.

Virtual space:
  Non-class space:      128.00 MB reserved,      74.69 MB ( 58%) committed,  2 nodes.
      Class space:        1.00 GB reserved,      12.88 MB (  1%) committed,  1 nodes.
             Both:        1.12 GB reserved,      87.56 MB (  8%) committed. 

Chunk freelists:
   Non-Class:  4.80 MB
       Class:  3.12 MB
        Both:  7.92 MB

MaxMetaspaceSize: unlimited
CompressedClassSpaceSize: 1.00 GB
Initial GC threshold: 21.00 MB
Current GC threshold: 130.12 MB
CDS: off
 - commit_granule_bytes: 65536.
 - commit_granule_words: 8192.
 - virtual_space_node_default_size: 8388608.
 - enlarge_chunks_in_place: 1.
 - use_allocation_guard: 0.


Internal statistics:

num_allocs_failed_limit: 6.
num_arena_births: 3384.
num_arena_deaths: 0.
num_vsnodes_births: 3.
num_vsnodes_deaths: 0.
num_space_committed: 1399.
num_space_uncommitted: 0.
num_chunks_returned_to_freelist: 6.
num_chunks_taken_from_freelist: 6860.
num_chunk_merges: 6.
num_chunk_splits: 4602.
num_chunks_enlarged: 3027.
num_inconsistent_stats: 0.

CodeHeap 'non-profiled nmethods': size=120000Kb used=4048Kb max_used=4114Kb free=115952Kb
 bounds [0x0000021ba39d0000, 0x0000021ba3de0000, 0x0000021baaf00000]
CodeHeap 'profiled nmethods': size=120000Kb used=13433Kb max_used=14532Kb free=106566Kb
 bounds [0x0000021b9bf00000, 0x0000021b9cd40000, 0x0000021ba3430000]
CodeHeap 'non-nmethods': size=5760Kb used=2796Kb max_used=2833Kb free=2963Kb
 bounds [0x0000021ba3430000, 0x0000021ba3700000, 0x0000021ba39d0000]
 total_blobs=8506 nmethods=7574 adapters=834
 compilation: enabled
              stopped_count=0, restarted_count=0
 full_count=0

Compilation events (20 events):
Event: 16.806 Thread 0x0000021bb074d680 9143       1       org.jetbrains.kotlin.com.intellij.util.containers.hash.LinkedHashMap$Entry::access$200 (5 bytes)
Event: 16.806 Thread 0x0000021bb983a560 9144       4       java.util.ArrayList::<init> (65 bytes)
Event: 16.806 Thread 0x0000021bb074d680 nmethod 9143 0x0000021ba3dcf490 code [0x0000021ba3dcf620, 0x0000021ba3dcf6d0]
Event: 16.808 Thread 0x0000021bb0724490 nmethod 9120 0x0000021ba3dcf790 code [0x0000021ba3dcfae0, 0x0000021ba3dd1ed8]
Event: 16.821 Thread 0x0000021bb983a560 nmethod 9144 0x0000021ba3dd2e10 code [0x0000021ba3dd2fe0, 0x0000021ba3dd3778]
Event: 16.846 Thread 0x0000021bb074d680 9145       1       org.jetbrains.kotlin.com.intellij.util.containers.hash.LinkedHashMap$Entry::access$100 (5 bytes)
Event: 16.846 Thread 0x0000021bb074d680 nmethod 9145 0x0000021ba3dd3990 code [0x0000021ba3dd3b20, 0x0000021ba3dd3bd0]
Event: 16.846 Thread 0x0000021bb074d680 9146       1       org.jetbrains.kotlin.com.intellij.util.containers.hash.LinkedHashMap$Entry::access$000 (5 bytes)
Event: 16.846 Thread 0x0000021bb074d680 nmethod 9146 0x0000021ba3dd3c90 code [0x0000021ba3dd3e20, 0x0000021ba3dd3ed0]
Event: 16.857 Thread 0x0000021bb0724490 9147 %     4       org.jetbrains.kotlin.com.intellij.openapi.vfs.impl.jar.CoreJarHandler::<init> @ 64 (236 bytes)
Event: 16.858 Thread 0x0000021bb983a560 9148       4       java.util.ArrayList::hashCode (22 bytes)
Event: 16.862 Thread 0x0000021bb983a560 nmethod 9148 0x0000021ba3dd3f90 code [0x0000021ba3dd4140, 0x0000021ba3dd43c8]
Event: 16.873 Thread 0x0000021bb074d680 9149       3       org.jetbrains.kotlin.com.intellij.reference.SoftReference::<init> (6 bytes)
Event: 16.873 Thread 0x0000021bb074d680 nmethod 9149 0x0000021b9c65c690 code [0x0000021b9c65c860, 0x0000021b9c65cbe8]
Event: 16.873 Thread 0x0000021bb074d680 9150   !   3       java.util.zip.ZipFile$Source::get (177 bytes)
Event: 16.874 Thread 0x0000021bb074d680 nmethod 9150 0x0000021b9c3e4610 code [0x0000021b9c3e4900, 0x0000021b9c3e5b10]
Event: 16.877 Thread 0x0000021bb074d680 9151       3       org.jetbrains.kotlin.com.intellij.util.containers.hash.LinkedHashMap::remove (174 bytes)
Event: 16.879 Thread 0x0000021bb074d680 nmethod 9151 0x0000021b9c2cec90 code [0x0000021b9c2cef40, 0x0000021b9c2d0048]
Event: 16.884 Thread 0x0000021bb074d680 9152       1       org.jetbrains.kotlin.com.intellij.util.containers.hash.LinkedHashMap$Entry::access$300 (5 bytes)
Event: 16.884 Thread 0x0000021bb074d680 nmethod 9152 0x0000021ba3dd4610 code [0x0000021ba3dd47a0, 0x0000021ba3dd4850]

GC Heap History (20 events):
Event: 10.992 GC heap before
{Heap before GC invocations=22 (full 0):
 garbage-first heap   total 126976K, used 109448K [0x0000000080000000, 0x0000000100000000)
  region size 1024K, 37 young (37888K), 4 survivors (4096K)
 Metaspace       used 66540K, committed 68160K, reserved 1114112K
  class space    used 9090K, committed 9856K, reserved 1048576K
}
Event: 10.998 GC heap after
{Heap after GC invocations=23 (full 0):
 garbage-first heap   total 126976K, used 77572K [0x0000000080000000, 0x0000000100000000)
  region size 1024K, 4 young (4096K), 4 survivors (4096K)
 Metaspace       used 66540K, committed 68160K, reserved 1114112K
  class space    used 9090K, committed 9856K, reserved 1048576K
}
Event: 11.809 GC heap before
{Heap before GC invocations=24 (full 0):
 garbage-first heap   total 137216K, used 111364K [0x0000000080000000, 0x0000000100000000)
  region size 1024K, 37 young (37888K), 4 survivors (4096K)
 Metaspace       used 70015K, committed 71808K, reserved 1114112K
  class space    used 9673K, committed 10560K, reserved 1048576K
}
Event: 11.814 GC heap after
{Heap after GC invocations=25 (full 0):
 garbage-first heap   total 137216K, used 79570K [0x0000000080000000, 0x0000000100000000)
  region size 1024K, 4 young (4096K), 4 survivors (4096K)
 Metaspace       used 70015K, committed 71808K, reserved 1114112K
  class space    used 9673K, committed 10560K, reserved 1048576K
}
Event: 13.345 GC heap before
{Heap before GC invocations=25 (full 0):
 garbage-first heap   total 137216K, used 119506K [0x0000000080000000, 0x0000000100000000)
  region size 1024K, 44 young (45056K), 4 survivors (4096K)
 Metaspace       used 72226K, committed 73984K, reserved 1114112K
  class space    used 9943K, committed 10816K, reserved 1048576K
}
Event: 13.355 GC heap after
{Heap after GC invocations=26 (full 0):
 garbage-first heap   total 137216K, used 83795K [0x0000000080000000, 0x0000000100000000)
  region size 1024K, 6 young (6144K), 6 survivors (6144K)
 Metaspace       used 72226K, committed 73984K, reserved 1114112K
  class space    used 9943K, committed 10816K, reserved 1048576K
}
Event: 13.695 GC heap before
{Heap before GC invocations=26 (full 0):
 garbage-first heap   total 137216K, used 120659K [0x0000000080000000, 0x0000000100000000)
  region size 1024K, 43 young (44032K), 6 survivors (6144K)
 Metaspace       used 72507K, committed 74240K, reserved 1114112K
  class space    used 9944K, committed 10816K, reserved 1048576K
}
Event: 13.703 GC heap after
{Heap after GC invocations=27 (full 0):
 garbage-first heap   total 137216K, used 86152K [0x0000000080000000, 0x0000000100000000)
  region size 1024K, 4 young (4096K), 4 survivors (4096K)
 Metaspace       used 72507K, committed 74240K, reserved 1114112K
  class space    used 9944K, committed 10816K, reserved 1048576K
}
Event: 14.032 GC heap before
{Heap before GC invocations=28 (full 0):
 garbage-first heap   total 155648K, used 121992K [0x0000000080000000, 0x0000000100000000)
  region size 1024K, 40 young (40960K), 4 survivors (4096K)
 Metaspace       used 72618K, committed 74368K, reserved 1114112K
  class space    used 9944K, committed 10816K, reserved 1048576K
}
Event: 14.037 GC heap after
{Heap after GC invocations=29 (full 0):
 garbage-first heap   total 155648K, used 86890K [0x0000000080000000, 0x0000000100000000)
  region size 1024K, 3 young (3072K), 3 survivors (3072K)
 Metaspace       used 72618K, committed 74368K, reserved 1114112K
  class space    used 9944K, committed 10816K, reserved 1048576K
}
Event: 14.333 GC heap before
{Heap before GC invocations=29 (full 0):
 garbage-first heap   total 155648K, used 137066K [0x0000000080000000, 0x0000000100000000)
  region size 1024K, 53 young (54272K), 3 survivors (3072K)
 Metaspace       used 72641K, committed 74368K, reserved 1114112K
  class space    used 9945K, committed 10816K, reserved 1048576K
}
Event: 14.339 GC heap after
{Heap after GC invocations=30 (full 0):
 garbage-first heap   total 155648K, used 87428K [0x0000000080000000, 0x0000000100000000)
  region size 1024K, 5 young (5120K), 5 survivors (5120K)
 Metaspace       used 72641K, committed 74368K, reserved 1114112K
  class space    used 9945K, committed 10816K, reserved 1048576K
}
Event: 15.110 GC heap before
{Heap before GC invocations=30 (full 0):
 garbage-first heap   total 155648K, used 137604K [0x0000000080000000, 0x0000000100000000)
  region size 1024K, 55 young (56320K), 5 survivors (5120K)
 Metaspace       used 77811K, committed 79552K, reserved 1179648K
  class space    used 11059K, committed 11968K, reserved 1048576K
}
Event: 15.116 GC heap after
{Heap after GC invocations=31 (full 0):
 garbage-first heap   total 155648K, used 88967K [0x0000000080000000, 0x0000000100000000)
  region size 1024K, 5 young (5120K), 5 survivors (5120K)
 Metaspace       used 77811K, committed 79552K, reserved 1179648K
  class space    used 11059K, committed 11968K, reserved 1048576K
}
Event: 16.241 GC heap before
{Heap before GC invocations=32 (full 0):
 garbage-first heap   total 155648K, used 139143K [0x0000000080000000, 0x0000000100000000)
  region size 1024K, 55 young (56320K), 5 survivors (5120K)
 Metaspace       used 85838K, committed 87616K, reserved 1179648K
  class space    used 12072K, committed 12992K, reserved 1048576K
}
Event: 16.247 GC heap after
{Heap after GC invocations=33 (full 0):
 garbage-first heap   total 155648K, used 90281K [0x0000000080000000, 0x0000000100000000)
  region size 1024K, 5 young (5120K), 5 survivors (5120K)
 Metaspace       used 85838K, committed 87616K, reserved 1179648K
  class space    used 12072K, committed 12992K, reserved 1048576K
}
Event: 16.729 GC heap before
{Heap before GC invocations=33 (full 0):
 garbage-first heap   total 155648K, used 149673K [0x0000000080000000, 0x0000000100000000)
  region size 1024K, 54 young (55296K), 5 survivors (5120K)
 Metaspace       used 87800K, committed 89664K, reserved 1179648K
  class space    used 12292K, committed 13184K, reserved 1048576K
}
Event: 16.748 GC heap after
{Heap after GC invocations=34 (full 0):
 garbage-first heap   total 168960K, used 104146K [0x0000000080000000, 0x0000000100000000)
  region size 1024K, 7 young (7168K), 7 survivors (7168K)
 Metaspace       used 87800K, committed 89664K, reserved 1179648K
  class space    used 12292K, committed 13184K, reserved 1048576K
}
Event: 16.811 GC heap before
{Heap before GC invocations=34 (full 0):
 garbage-first heap   total 168960K, used 112338K [0x0000000080000000, 0x0000000100000000)
  region size 1024K, 16 young (16384K), 7 survivors (7168K)
 Metaspace       used 87802K, committed 89664K, reserved 1179648K
  class space    used 12292K, committed 13184K, reserved 1048576K
}
Event: 16.820 GC heap after
{Heap after GC invocations=35 (full 0):
 garbage-first heap   total 168960K, used 105928K [0x0000000080000000, 0x0000000100000000)
  region size 1024K, 4 young (4096K), 4 survivors (4096K)
 Metaspace       used 87802K, committed 89664K, reserved 1179648K
  class space    used 12292K, committed 13184K, reserved 1048576K
}

Dll operation events (3 events):
Event: 0.012 Loaded shared library C:\Program Files\Android\Android Studio\jbr\bin\java.dll
Event: 0.022 Loaded shared library C:\Program Files\Android\Android Studio\jbr\bin\zip.dll
Event: 0.662 Loaded shared library C:\Program Files\Android\Android Studio\jbr\bin\verify.dll

Deoptimization events (20 events):
Event: 16.669 Thread 0x0000021bb6acef30 Uncommon trap: trap_request=0xffffff45 fr.pc=0x0000021ba3dae38c relative=0x0000000000000f0c
Event: 16.669 Thread 0x0000021bb6acef30 Uncommon trap: reason=unstable_if action=reinterpret pc=0x0000021ba3dae38c method=org.jetbrains.kotlin.com.intellij.openapi.vfs.impl.ArchiveHandler.directoryEntry(Ljava/util/Map;Lorg/jetbrains/kotlin/com/intellij/openapi/diagnostic/Logger;Ljava/lang/Strin
Event: 16.669 Thread 0x0000021bb6acef30 DEOPT PACKING pc=0x0000021ba3dae38c sp=0x0000007a65df4910
Event: 16.669 Thread 0x0000021bb6acef30 DEOPT UNPACKING pc=0x0000021ba34846a2 sp=0x0000007a65df4918 mode 2
Event: 16.674 Thread 0x0000021bb6acef30 Uncommon trap: trap_request=0xffffff45 fr.pc=0x0000021ba3db7a30 relative=0x0000000000000270
Event: 16.674 Thread 0x0000021bb6acef30 Uncommon trap: reason=unstable_if action=reinterpret pc=0x0000021ba3db7a30 method=org.jetbrains.kotlin.com.intellij.util.SmartList.add(Ljava/lang/Object;)Z @ 6 c2
Event: 16.674 Thread 0x0000021bb6acef30 DEOPT PACKING pc=0x0000021ba3db7a30 sp=0x0000007a65df4b80
Event: 16.674 Thread 0x0000021bb6acef30 DEOPT UNPACKING pc=0x0000021ba34846a2 sp=0x0000007a65df4b40 mode 2
Event: 16.679 Thread 0x0000021bb6acef30 Uncommon trap: trap_request=0xffffffdc fr.pc=0x0000021ba3dc0468 relative=0x00000000000002a8
Event: 16.679 Thread 0x0000021bb6acef30 Uncommon trap: reason=class_check action=make_not_entrant pc=0x0000021ba3dc0468 method=java.util.ArrayList.toArray([Ljava/lang/Object;)[Ljava/lang/Object; @ 21 c2
Event: 16.679 Thread 0x0000021bb6acef30 DEOPT PACKING pc=0x0000021ba3dc0468 sp=0x0000007a65df4ce0
Event: 16.679 Thread 0x0000021bb6acef30 DEOPT UNPACKING pc=0x0000021ba34846a2 sp=0x0000007a65df4cb0 mode 2
Event: 16.694 Thread 0x0000021bb6acef30 Uncommon trap: trap_request=0xffffff45 fr.pc=0x0000021ba3dc43cc relative=0x00000000000021ec
Event: 16.694 Thread 0x0000021bb6acef30 Uncommon trap: reason=unstable_if action=reinterpret pc=0x0000021ba3dc43cc method=org.jetbrains.kotlin.com.intellij.openapi.vfs.impl.jar.CoreJarHandler.getOrCreateFile(Lorg/jetbrains/kotlin/com/intellij/openapi/vfs/impl/ArchiveHandler$EntryInfo;Ljava/util
Event: 16.694 Thread 0x0000021bb6acef30 DEOPT PACKING pc=0x0000021ba3dc43cc sp=0x0000007a65df4c70
Event: 16.694 Thread 0x0000021bb6acef30 DEOPT UNPACKING pc=0x0000021ba34846a2 sp=0x0000007a65df4c70 mode 2
Event: 16.754 Thread 0x0000021bb6acef30 DEOPT PACKING pc=0x0000021b9c63eac8 sp=0x0000007a65df4b50
Event: 16.754 Thread 0x0000021bb6acef30 DEOPT UNPACKING pc=0x0000021ba3484e42 sp=0x0000007a65df4030 mode 0
Event: 16.785 Thread 0x0000021bb6acef30 DEOPT PACKING pc=0x0000021b9c63eac8 sp=0x0000007a65df4b50
Event: 16.785 Thread 0x0000021bb6acef30 DEOPT UNPACKING pc=0x0000021ba3484e42 sp=0x0000007a65df4030 mode 0

Classes loaded (20 events):
Event: 16.390 Loading class jdk/internal/jrtfs/JrtFileSystemProvider$JrtFsLoader
Event: 16.390 Loading class jdk/internal/jrtfs/JrtFileSystemProvider$JrtFsLoader done
Event: 16.395 Loading class java/io/IOError
Event: 16.395 Loading class java/io/IOError done
Event: 16.402 Loading class java/nio/channels/FileChannel$MapMode
Event: 16.403 Loading class java/nio/channels/FileChannel$MapMode done
Event: 16.403 Loading class jdk/internal/misc/ExtendedMapMode
Event: 16.403 Loading class jdk/internal/misc/ExtendedMapMode done
Event: 16.404 Loading class sun/nio/ch/FileChannelImpl$DefaultUnmapper
Event: 16.404 Loading class sun/nio/ch/FileChannelImpl$Unmapper
Event: 16.404 Loading class jdk/internal/access/foreign/UnmapperProxy
Event: 16.404 Loading class jdk/internal/access/foreign/UnmapperProxy done
Event: 16.404 Loading class sun/nio/ch/FileChannelImpl$Unmapper done
Event: 16.404 Loading class sun/nio/ch/FileChannelImpl$DefaultUnmapper done
Event: 16.404 Loading class sun/nio/ch/Util$4
Event: 16.405 Loading class sun/nio/ch/Util$4 done
Event: 16.410 Loading class java/io/UTFDataFormatException
Event: 16.410 Loading class java/io/UTFDataFormatException done
Event: 16.453 Loading class java/util/zip/ZipFile$ZipEntryIterator
Event: 16.453 Loading class java/util/zip/ZipFile$ZipEntryIterator done

Classes unloaded (0 events):
No events

Classes redefined (0 events):
No events

Internal exceptions (20 events):
Event: 14.523 Thread 0x0000021bb6acef30 Exception <a 'java/lang/IncompatibleClassChangeError'{0x0000000087e9a480}: Found class java.lang.Object, but interface was expected> (0x0000000087e9a480) 
thrown [s\src\hotspot\share\interpreter\linkResolver.cpp, line 851]
Event: 14.542 Thread 0x0000021bb6acef30 Exception <a 'java/lang/NoSuchMethodError'{0x0000000087d51540}: 'void java.lang.invoke.DirectMethodHandle$Holder.invokeVirtual(java.lang.Object, java.lang.Object)'> (0x0000000087d51540) 
thrown [s\src\hotspot\share\interpreter\linkResolver.cpp, line 784]
Event: 14.588 Thread 0x0000021bb6acef30 Exception <a 'java/lang/NoSuchMethodError'{0x0000000087cfeb68}: 'java.lang.Object java.lang.invoke.DirectMethodHandle$Holder.invokeStaticInit(java.lang.Object, int)'> (0x0000000087cfeb68) 
thrown [s\src\hotspot\share\interpreter\linkResolver.cpp, line 784]
Event: 14.745 Thread 0x0000021bb6acef30 Implicit null exception at 0x0000021ba3c1c9c1 to 0x0000021ba3c1cb1c
Event: 15.199 Thread 0x0000021bb6acef30 Exception <a 'sun/nio/fs/WindowsException'{0x0000000089427500}> (0x0000000089427500) 
thrown [s\src\hotspot\share\prims\jni.cpp, line 535]
Event: 15.200 Thread 0x0000021bb6acef30 Exception <a 'sun/nio/fs/WindowsException'{0x00000000894292f8}> (0x00000000894292f8) 
thrown [s\src\hotspot\share\prims\jni.cpp, line 535]
Event: 15.466 Thread 0x0000021bb6acef30 Exception <a 'java/lang/NoSuchMethodError'{0x0000000088bfd608}: 'long java.lang.invoke.DirectMethodHandle$Holder.invokeStatic(java.lang.Object)'> (0x0000000088bfd608) 
thrown [s\src\hotspot\share\interpreter\linkResolver.cpp, line 784]
Event: 15.466 Thread 0x0000021bb6acef30 Exception <a 'java/lang/NoSuchMethodError'{0x0000000088a02638}: 'long java.lang.invoke.DirectMethodHandle$Holder.invokeStaticInit(java.lang.Object)'> (0x0000000088a02638) 
thrown [s\src\hotspot\share\interpreter\linkResolver.cpp, line 784]
Event: 15.553 Thread 0x0000021bb6acef30 Exception <a 'java/lang/NoSuchMethodError'{0x0000000088504a88}: 'long java.lang.invoke.Invokers$Holder.invoke_MT(java.lang.Object, java.lang.Object, java.lang.Object, java.lang.Object)'> (0x0000000088504a88) 
thrown [s\src\hotspot\share\interpreter\linkResolver.cpp, line 784]
Event: 15.554 Thread 0x0000021bb6acef30 Exception <a 'java/lang/NoSuchMethodError'{0x000000008850d740}: 'int java.lang.invoke.Invokers$Holder.invoke_MT(java.lang.Object, java.lang.Object, java.lang.Object, java.lang.Object)'> (0x000000008850d740) 
thrown [s\src\hotspot\share\interpreter\linkResolver.cpp, line 784]
Event: 15.555 Thread 0x0000021bb6acef30 Exception <a 'java/lang/NoSuchMethodError'{0x0000000088516888}: 'void java.lang.invoke.DelegatingMethodHandle$Holder.reinvoke_L(java.lang.Object, java.lang.Object, java.lang.Object, long, java.lang.Object)'> (0x0000000088516888) 
thrown [s\src\hotspot\share\interpreter\linkResolver.cpp, line 784]
Event: 15.555 Thread 0x0000021bb6acef30 Exception <a 'java/lang/NoSuchMethodError'{0x00000000885293b8}: 'int java.lang.invoke.DelegatingMethodHandle$Holder.reinvoke_L(java.lang.Object, java.lang.Object, java.lang.Object, long, java.lang.Object, java.lang.Object)'> (0x00000000885293b8) 
thrown [s\src\hotspot\share\interpreter\linkResolver.cpp, line 784]
Event: 15.556 Thread 0x0000021bb6acef30 Exception <a 'java/lang/NoSuchMethodError'{0x0000000088538a20}: 'int java.lang.invoke.DelegatingMethodHandle$Holder.reinvoke_L(java.lang.Object, java.lang.Object, java.lang.Object, long, int, int)'> (0x0000000088538a20) 
thrown [s\src\hotspot\share\interpreter\linkResolver.cpp, line 784]
Event: 15.557 Thread 0x0000021bb6acef30 Exception <a 'java/lang/NoSuchMethodError'{0x0000000088547e38}: 'int java.lang.invoke.DelegatingMethodHandle$Holder.reinvoke_L(java.lang.Object, java.lang.Object, java.lang.Object, long, long, long)'> (0x0000000088547e38) 
thrown [s\src\hotspot\share\interpreter\linkResolver.cpp, line 784]
Event: 15.557 Thread 0x0000021bb6acef30 Exception <a 'java/lang/NoSuchMethodError'{0x0000000088556f30}: 'int java.lang.invoke.DelegatingMethodHandle$Holder.reinvoke_L(java.lang.Object, java.lang.Object, java.lang.Object, long, int)'> (0x0000000088556f30) 
thrown [s\src\hotspot\share\interpreter\linkResolver.cpp, line 784]
Event: 16.351 Thread 0x0000021bb6acef30 Exception <a 'java/lang/NoSuchMethodError'{0x00000000892ea640}: 'java.lang.Object java.lang.invoke.Invokers$Holder.invokeExact_MT(java.lang.Object, java.lang.Object, long, java.lang.Object)'> (0x00000000892ea640) 
thrown [s\src\hotspot\share\interpreter\linkResolver.cpp, line 784]
Event: 16.406 Thread 0x0000021bb6acef30 Exception <a 'java/lang/NoSuchMethodError'{0x0000000088f73fc0}: 'long java.lang.invoke.DirectMethodHandle$Holder.invokeStatic(java.lang.Object, java.lang.Object, int)'> (0x0000000088f73fc0) 
thrown [s\src\hotspot\share\interpreter\linkResolver.cpp, line 784]
Event: 16.407 Thread 0x0000021bb6acef30 Exception <a 'java/lang/NoSuchMethodError'{0x0000000088f80678}: 'java.lang.Object java.lang.invoke.DelegatingMethodHandle$Holder.reinvoke_L(java.lang.Object, int, long, java.lang.Object, java.lang.Object, int, java.lang.Object)'> (0x0000000088f80678) 
thrown [s\src\hotspot\share\interpreter\linkResolver.cpp, line 784]
Event: 16.453 Thread 0x0000021bb6acef30 Implicit null exception at 0x0000021ba3c56066 to 0x0000021ba3c56c34
Event: 16.694 Thread 0x0000021bb6acef30 Implicit null exception at 0x0000021ba3dc23af to 0x0000021ba3dc439c

ZGC Phase Switch (0 events):
No events

VM Operations (20 events):
Event: 15.185 Executing VM operation: G1PauseRemark done
Event: 15.189 Executing VM operation: HandshakeAllThreads (Deoptimize)
Event: 15.189 Executing VM operation: HandshakeAllThreads (Deoptimize) done
Event: 15.210 Executing VM operation: G1PauseCleanup
Event: 15.211 Executing VM operation: G1PauseCleanup done
Event: 15.478 Executing VM operation: HandshakeAllThreads (Deoptimize)
Event: 15.478 Executing VM operation: HandshakeAllThreads (Deoptimize) done
Event: 16.215 Executing VM operation: HandshakeAllThreads (Deoptimize)
Event: 16.215 Executing VM operation: HandshakeAllThreads (Deoptimize) done
Event: 16.215 Executing VM operation: Cleanup
Event: 16.215 Executing VM operation: Cleanup done
Event: 16.241 Executing VM operation: G1CollectForAllocation (G1 Evacuation Pause)
Event: 16.247 Executing VM operation: G1CollectForAllocation (G1 Evacuation Pause) done
Event: 16.270 Executing VM operation: HandshakeAllThreads (Deoptimize)
Event: 16.270 Executing VM operation: HandshakeAllThreads (Deoptimize) done
Event: 16.729 Executing VM operation: G1CollectForAllocation (G1 Evacuation Pause)
Event: 16.748 Executing VM operation: G1CollectForAllocation (G1 Evacuation Pause) done
Event: 16.811 Executing VM operation: G1TryInitiateConcMark (G1 Humongous Allocation)
Event: 16.820 Executing VM operation: G1TryInitiateConcMark (G1 Humongous Allocation) done
Event: 16.893 Executing VM operation: G1PauseRemark

Events (20 events):
Event: 16.898 Thread 0x0000021bb049c830 flushing nmethod 0x0000021b9bfdca10
Event: 16.898 Thread 0x0000021bb049c830 flushing nmethod 0x0000021b9bfd2690
Event: 16.898 Thread 0x0000021bb049c830 flushing nmethod 0x0000021b9bfc3310
Event: 16.898 Thread 0x0000021bb049c830 flushing nmethod 0x0000021b9bf91110
Event: 16.898 Thread 0x0000021bb049c830 flushing nmethod 0x0000021b9bf3e510
Event: 16.898 Thread 0x0000021bb049c830 flushing nmethod 0x0000021b9bf50810
Event: 16.898 Thread 0x0000021bb049c830 flushing nmethod 0x0000021ba3d56810
Event: 16.898 Thread 0x0000021bb049c830 flushing nmethod 0x0000021ba3d98a90
Event: 16.898 Thread 0x0000021bb049c830 flushing nmethod 0x0000021ba3d75f10
Event: 16.898 Thread 0x0000021bb049c830 flushing nmethod 0x0000021ba3d37690
Event: 16.898 Thread 0x0000021bb049c830 flushing nmethod 0x0000021ba3d1a790
Event: 16.898 Thread 0x0000021bb049c830 flushing nmethod 0x0000021ba3c57510
Event: 16.898 Thread 0x0000021bb049c830 flushing nmethod 0x0000021ba3c1c810
Event: 16.898 Thread 0x0000021bb049c830 flushing nmethod 0x0000021ba3b5d590
Event: 16.898 Thread 0x0000021bb049c830 flushing nmethod 0x0000021ba3b21f10
Event: 16.898 Thread 0x0000021bb049c830 flushing nmethod 0x0000021ba3a94a90
Event: 16.898 Thread 0x0000021bb049c830 flushing nmethod 0x0000021ba3afbc10
Event: 16.898 Thread 0x0000021bb049c830 flushing nmethod 0x0000021ba3a99410
Event: 16.898 Thread 0x0000021bb049c830 flushing nmethod 0x0000021ba3a3c090
Event: 16.898 Thread 0x0000021bb049c830 flushing nmethod 0x0000021ba3a32590


Dynamic libraries:
0x00007ff7e41c0000 - 0x00007ff7e41ca000 	C:\Program Files\Android\Android Studio\jbr\bin\java.exe
0x00007ffe4b8d0000 - 0x00007ffe4bac8000 	C:\WINDOWS\SYSTEM32\ntdll.dll
0x00007ffe4ae60000 - 0x00007ffe4af22000 	C:\WINDOWS\System32\KERNEL32.DLL
0x00007ffe48ff0000 - 0x00007ffe492ee000 	C:\WINDOWS\System32\KERNELBASE.dll
0x00007ffe49720000 - 0x00007ffe49820000 	C:\WINDOWS\System32\ucrtbase.dll
0x00007ffe308a0000 - 0x00007ffe308bb000 	C:\Program Files\Android\Android Studio\jbr\bin\VCRUNTIME140.dll
0x00007ffe2c510000 - 0x00007ffe2c528000 	C:\Program Files\Android\Android Studio\jbr\bin\jli.dll
0x00007ffe4a190000 - 0x00007ffe4a32d000 	C:\WINDOWS\System32\USER32.dll
0x00007ffe48f70000 - 0x00007ffe48f92000 	C:\WINDOWS\System32\win32u.dll
0x00007ffe33b40000 - 0x00007ffe33dda000 	C:\WINDOWS\WinSxS\amd64_microsoft.windows.common-controls_6595b64144ccf1df_6.0.19041.4355_none_60b8b9eb71f62e16\COMCTL32.dll
0x00007ffe4a330000 - 0x00007ffe4a35b000 	C:\WINDOWS\System32\GDI32.dll
0x00007ffe49ea0000 - 0x00007ffe49f3e000 	C:\WINDOWS\System32\msvcrt.dll
0x00007ffe49600000 - 0x00007ffe49717000 	C:\WINDOWS\System32\gdi32full.dll
0x00007ffe49820000 - 0x00007ffe498bd000 	C:\WINDOWS\System32\msvcp_win.dll
0x00007ffe4a150000 - 0x00007ffe4a17f000 	C:\WINDOWS\System32\IMM32.DLL
0x00007ffe465c0000 - 0x00007ffe465cc000 	C:\Program Files\Android\Android Studio\jbr\bin\vcruntime140_1.dll
0x00007ffe0c170000 - 0x00007ffe0c1fd000 	C:\Program Files\Android\Android Studio\jbr\bin\msvcp140.dll
0x00007ffde3240000 - 0x00007ffde3ebd000 	C:\Program Files\Android\Android Studio\jbr\bin\server\jvm.dll
0x00007ffe4a560000 - 0x00007ffe4a612000 	C:\WINDOWS\System32\ADVAPI32.dll
0x00007ffe49a40000 - 0x00007ffe49ae0000 	C:\WINDOWS\System32\sechost.dll
0x00007ffe49d70000 - 0x00007ffe49e93000 	C:\WINDOWS\System32\RPCRT4.dll
0x00007ffe498c0000 - 0x00007ffe498e7000 	C:\WINDOWS\System32\bcrypt.dll
0x00007ffe4ad90000 - 0x00007ffe4adfb000 	C:\WINDOWS\System32\WS2_32.dll
0x00007ffe48dd0000 - 0x00007ffe48e1b000 	C:\WINDOWS\SYSTEM32\POWRPROF.dll
0x00007ffe3d880000 - 0x00007ffe3d8a7000 	C:\WINDOWS\SYSTEM32\WINMM.dll
0x00007ffe3d8b0000 - 0x00007ffe3d8ba000 	C:\WINDOWS\SYSTEM32\VERSION.dll
0x00007ffe48db0000 - 0x00007ffe48dc2000 	C:\WINDOWS\SYSTEM32\UMPDC.dll
0x00007ffe46df0000 - 0x00007ffe46e02000 	C:\WINDOWS\SYSTEM32\kernel.appcore.dll
0x00007ffe42e40000 - 0x00007ffe42e4a000 	C:\Program Files\Android\Android Studio\jbr\bin\jimage.dll
0x00007ffe40930000 - 0x00007ffe40b14000 	C:\WINDOWS\SYSTEM32\DBGHELP.DLL
0x00007ffe39a40000 - 0x00007ffe39a74000 	C:\WINDOWS\SYSTEM32\dbgcore.DLL
0x00007ffe493a0000 - 0x00007ffe49422000 	C:\WINDOWS\System32\bcryptPrimitives.dll
0x00007ffe40260000 - 0x00007ffe4026e000 	C:\Program Files\Android\Android Studio\jbr\bin\instrument.dll
0x00007ffe2b890000 - 0x00007ffe2b8af000 	C:\Program Files\Android\Android Studio\jbr\bin\java.dll
0x00007ffe29c00000 - 0x00007ffe29c18000 	C:\Program Files\Android\Android Studio\jbr\bin\zip.dll
0x00007ffe4a620000 - 0x00007ffe4ad8f000 	C:\WINDOWS\System32\SHELL32.dll
0x00007ffe46ff0000 - 0x00007ffe47794000 	C:\WINDOWS\SYSTEM32\windows.storage.dll
0x00007ffe4b060000 - 0x00007ffe4b3b3000 	C:\WINDOWS\System32\combase.dll
0x00007ffe488d0000 - 0x00007ffe488fe000 	C:\WINDOWS\SYSTEM32\Wldp.dll
0x00007ffe4af90000 - 0x00007ffe4b05d000 	C:\WINDOWS\System32\OLEAUT32.dll
0x00007ffe49cc0000 - 0x00007ffe49d6d000 	C:\WINDOWS\System32\SHCORE.dll
0x00007ffe4a0f0000 - 0x00007ffe4a145000 	C:\WINDOWS\System32\shlwapi.dll
0x00007ffe48ea0000 - 0x00007ffe48ec4000 	C:\WINDOWS\SYSTEM32\profapi.dll
0x00007ffe401d0000 - 0x00007ffe401e0000 	C:\Program Files\Android\Android Studio\jbr\bin\net.dll
0x00007ffe3f3c0000 - 0x00007ffe3f4cd000 	C:\WINDOWS\SYSTEM32\WINHTTP.dll
0x00007ffe48630000 - 0x00007ffe4869a000 	C:\WINDOWS\system32\mswsock.dll
0x00007ffe308c0000 - 0x00007ffe308d6000 	C:\Program Files\Android\Android Studio\jbr\bin\nio.dll
0x00007ffe30af0000 - 0x00007ffe30b00000 	C:\Program Files\Android\Android Studio\jbr\bin\verify.dll
0x00007ffe24300000 - 0x00007ffe24327000 	C:\Users\dbulb\.gradle\native\c067742578af261105cb4f569cf0c3c89f3d7b1fecec35dd04571415982c5e48\windows-amd64\native-platform.dll
0x00007ffe0b7a0000 - 0x00007ffe0b8e4000 	C:\Users\dbulb\.gradle\native\100fb08df4bc3b14c8652ba06237920a3bd2aa13389f12d3474272988ae205f9\windows-amd64\native-platform-file-events.dll
0x00007ffe364e0000 - 0x00007ffe364e9000 	C:\Program Files\Android\Android Studio\jbr\bin\management.dll
0x00007ffe361f0000 - 0x00007ffe361fb000 	C:\Program Files\Android\Android Studio\jbr\bin\management_ext.dll
0x00007ffe49980000 - 0x00007ffe49988000 	C:\WINDOWS\System32\PSAPI.DLL
0x00007ffe48830000 - 0x00007ffe48848000 	C:\WINDOWS\SYSTEM32\CRYPTSP.dll
0x00007ffe47f50000 - 0x00007ffe47f84000 	C:\WINDOWS\system32\rsaenh.dll
0x00007ffe48e60000 - 0x00007ffe48e8e000 	C:\WINDOWS\SYSTEM32\USERENV.dll
0x00007ffe48820000 - 0x00007ffe4882c000 	C:\WINDOWS\SYSTEM32\CRYPTBASE.dll
0x00007ffe48310000 - 0x00007ffe4834b000 	C:\WINDOWS\SYSTEM32\IPHLPAPI.DLL
0x00007ffe49ae0000 - 0x00007ffe49ae8000 	C:\WINDOWS\System32\NSI.dll
0x00007ffe40020000 - 0x00007ffe40029000 	C:\Program Files\Android\Android Studio\jbr\bin\extnet.dll
0x00007ffe24c00000 - 0x00007ffe24c07000 	C:\WINDOWS\system32\wshunix.dll

dbghelp: loaded successfully - version: 4.0.5 - missing functions: none
symbol engine: initialized successfully - sym options: 0x614 - pdb path: .;C:\Program Files\Android\Android Studio\jbr\bin;C:\WINDOWS\SYSTEM32;C:\WINDOWS\WinSxS\amd64_microsoft.windows.common-controls_6595b64144ccf1df_6.0.19041.4355_none_60b8b9eb71f62e16;C:\Program Files\Android\Android Studio\jbr\bin\server;C:\Users\dbulb\.gradle\native\c067742578af261105cb4f569cf0c3c89f3d7b1fecec35dd04571415982c5e48\windows-amd64;C:\Users\dbulb\.gradle\native\100fb08df4bc3b14c8652ba06237920a3bd2aa13389f12d3474272988ae205f9\windows-amd64

VM Arguments:
jvm_args: --add-opens=java.base/java.util=ALL-UNNAMED --add-opens=java.base/java.lang=ALL-UNNAMED --add-opens=java.base/java.lang.invoke=ALL-UNNAMED --add-opens=java.prefs/java.util.prefs=ALL-UNNAMED --add-exports=jdk.compiler/com.sun.tools.javac.api=ALL-UNNAMED --add-exports=jdk.compiler/com.sun.tools.javac.util=ALL-UNNAMED --add-opens=java.base/java.nio.charset=ALL-UNNAMED --add-opens=java.base/java.net=ALL-UNNAMED --add-opens=java.base/java.util.concurrent.atomic=ALL-UNNAMED -Xmx2048m -Dfile.encoding=UTF-8 -Duser.country=RU -Duser.language=ru -Duser.variant -javaagent:C:\Users\dbulb\.gradle\wrapper\dists\gradle-8.9-bin\90cnw93cvbtalezasaz0blq0a\gradle-8.9\lib\agents\gradle-instrumentation-agent-8.9.jar 
java_command: org.gradle.launcher.daemon.bootstrap.GradleDaemon 8.9
java_class_path (initial): C:\Users\dbulb\.gradle\wrapper\dists\gradle-8.9-bin\90cnw93cvbtalezasaz0blq0a\gradle-8.9\lib\gradle-daemon-main-8.9.jar
Launcher Type: SUN_STANDARD

[Global flags]
     intx CICompilerCount                          = 4                                         {product} {ergonomic}
     uint ConcGCThreads                            = 2                                         {product} {ergonomic}
     uint G1ConcRefinementThreads                  = 8                                         {product} {ergonomic}
   size_t G1HeapRegionSize                         = 1048576                                   {product} {ergonomic}
    uintx GCDrainStackTargetSize                   = 64                                        {product} {ergonomic}
   size_t InitialHeapSize                          = 117440512                                 {product} {ergonomic}
   size_t MarkStackSize                            = 4194304                                   {product} {ergonomic}
   size_t MaxHeapSize                              = 2147483648                                {product} {command line}
   size_t MaxNewSize                               = 1287651328                                {product} {ergonomic}
   size_t MinHeapDeltaBytes                        = 1048576                                   {product} {ergonomic}
   size_t MinHeapSize                              = 8388608                                   {product} {ergonomic}
    uintx NonNMethodCodeHeapSize                   = 5839372                                {pd product} {ergonomic}
    uintx NonProfiledCodeHeapSize                  = 122909434                              {pd product} {ergonomic}
    uintx ProfiledCodeHeapSize                     = 122909434                              {pd product} {ergonomic}
    uintx ReservedCodeCacheSize                    = 251658240                              {pd product} {ergonomic}
     bool SegmentedCodeCache                       = true                                      {product} {ergonomic}
   size_t SoftMaxHeapSize                          = 2147483648                             {manageable} {ergonomic}
     bool UseCompressedOops                        = true                           {product lp64_product} {ergonomic}
     bool UseG1GC                                  = true                                      {product} {ergonomic}
     bool UseLargePagesIndividualAllocation        = false                                  {pd product} {ergonomic}

Logging:
Log output configuration:
 #0: stdout all=warning uptime,level,tags foldmultilines=false
 #1: stderr all=off uptime,level,tags foldmultilines=false

Environment Variables:
PATH=C:\Program Files\Common Files\Oracle\Java\javapath;C:\Python312\Scripts\;C:\Python312\;C:\WINDOWS\system32;C:\WINDOWS;C:\WINDOWS\System32\Wbem;C:\WINDOWS\System32\WindowsPowerShell\v1.0\;C:\WINDOWS\System32\OpenSSH\;C:\Program Files\Git\cmd;C:\Program Files\nodejs\;C:\ProgramData\chocolatey\bin;C:\Users\dbulb\AppData\Local\Microsoft\WindowsApps;;C:\Program Files\JetBrains\IntelliJ IDEA Community Edition 2024.1.3\bin;;C:\Users\dbulb\AppData\Local\Programs\Microsoft VS Code\bin;C:\Users\dbulb\AppData\Roaming\npm
USERNAME=dbulb
OS=Windows_NT
PROCESSOR_IDENTIFIER=AMD64 Family 23 Model 24 Stepping 1, AuthenticAMD
TMP=C:\Users\dbulb\AppData\Local\Temp
TEMP=C:\Users\dbulb\AppData\Local\Temp




Periodic native trim disabled

JNI global refs:
JNI global refs: 29, weak refs: 0

JNI global refs memory usage: 835, weak refs: 833

Process memory usage:
Resident Set Size: 394408K (5% of 7274120K total physical memory with 577568K free physical memory)

OOME stack traces (most recent first):
Classloader memory used:
Loader org.gradle.internal.classloader.VisitableURLClassLoader                         : 50527K
Loader bootstrap                                                                       : 23482K
Loader org.gradle.initialization.MixInLegacyTypesClassLoader                           : 10804K
Loader org.gradle.internal.classloader.VisitableURLClassLoader                         : 933K
Loader org.gradle.internal.classloader.VisitableURLClassLoader$InstrumentingVisitableURLClassLoader: 694K
Loader jdk.internal.loader.ClassLoaders$PlatformClassLoader                            : 529K
Loader jdk.internal.reflect.DelegatingClassLoader                                      : 251K
Loader jdk.internal.loader.ClassLoaders$AppClassLoader                                 : 230K
Loader jdk.internal.jrtfs.JrtFileSystemProvider$JrtFsLoader                            : 215K
Loader org.gradle.groovy.scripts.internal.DefaultScriptCompilationHandler$ScriptClassLoader: 88488B
Loader org.codehaus.groovy.runtime.callsite.CallSiteClassLoader                        : 49672B

Classes loaded by more than one classloader:
Class org.gradle.api.GradleException                                                  : loaded 3 times (x 79B)
Class Program                                                                         : loaded 3 times (x 69B)
Class org.gradle.internal.classloader.ClassLoaderHierarchy                            : loaded 2 times (x 67B)
Class org.gradle.api.internal.classpath.ManifestUtil                                  : loaded 2 times (x 68B)
Class org.jetbrains.plugins.gradle.model.GradleExtensions                             : loaded 2 times (x 67B)
Class org.jetbrains.plugins.gradle.model.AnnotationProcessingModel                    : loaded 2 times (x 67B)
Class org.gradle.internal.operations.MultipleBuildOperationFailures                   : loaded 2 times (x 92B)
Class org.jetbrains.kotlin.idea.gradleTooling.model.noarg.NoArgModel                  : loaded 2 times (x 67B)
Class org.gradle.internal.classloader.DefaultClassLoaderFactory                       : loaded 2 times (x 79B)
Class kotlin.collections.AbstractList$Companion                                       : loaded 2 times (x 68B)
Class org.gradle.internal.classloader.ClassLoaderVisitor                              : loaded 2 times (x 73B)
Class org.gradle.api.internal.classpath.EffectiveClassPath                            : loaded 2 times (x 87B)
Class org.gradle.tooling.internal.gradle.DefaultProjectIdentifier                     : loaded 2 times (x 83B)
Class org.jetbrains.kotlin.idea.gradleTooling.model.allopen.AllOpenModel              : loaded 2 times (x 67B)
Class org.gradle.api.internal.DefaultClassPathProvider                                : loaded 2 times (x 73B)
Class [Lorg.gradle.api.internal.ClassPathProvider;                                    : loaded 2 times (x 66B)
Class org.gradle.api.internal.ClassPathProvider                                       : loaded 2 times (x 67B)
Class jdk.internal.jrtfs.SystemImage                                                  : loaded 2 times (x 71B)
Class org.gradle.internal.service.UnknownServiceException                             : loaded 2 times (x 80B)
Class org.jetbrains.kotlin.idea.gradleTooling.KotlinDslScriptAdditionalTask           : loaded 2 times (x 67B)
Class org.gradle.internal.classpath.TransformedClassPath                              : loaded 2 times (x 93B)
Class jdk.internal.jrtfs.SystemImage$1                                                : loaded 2 times (x 75B)
Class kotlin.enums.EnumEntriesList                                                    : loaded 2 times (x 220B)
Class jdk.internal.jrtfs.SystemImage$2                                                : loaded 2 times (x 73B)
Class jdk.internal.jimage.BasicImageReader                                            : loaded 2 times (x 92B)
Class org.jetbrains.kotlin.idea.gradleTooling.KotlinSourceSetContainer                : loaded 2 times (x 67B)
Class org.gradle.internal.service.ServiceLocator                                      : loaded 2 times (x 67B)
Class jdk.internal.jrtfs.JrtFileSystemProvider                                        : loaded 2 times (x 98B)
Class org.jetbrains.kotlin.android.synthetic.idea.AndroidExtensionsGradleModel        : loaded 2 times (x 67B)
Class org.gradle.tooling.model.UnsupportedMethodException                             : loaded 2 times (x 79B)
Class jdk.internal.jrtfs.JrtDirectoryStream$1                                         : loaded 2 times (x 80B)
Class org.gradle.internal.InternalTransformer                                         : loaded 2 times (x 67B)
Class org.gradle.internal.time.DefaultTimer                                           : loaded 2 times (x 77B)
Class org.gradle.internal.classloader.ClasspathUtil$1                                 : loaded 2 times (x 73B)
Class org.gradle.api.internal.classpath.DefaultModuleRegistry$DefaultModule           : loaded 2 times (x 83B)
Class org.jetbrains.kotlin.idea.gradleTooling.model.lombok.LombokModel                : loaded 2 times (x 67B)
Class org.gradle.internal.time.DefaultCountdownTimer                                  : loaded 2 times (x 85B)
Class org.gradle.tooling.internal.gradle.DefaultBuildIdentifier                       : loaded 2 times (x 76B)
Class kotlin.Function                                                                 : loaded 2 times (x 67B)
Class org.gradle.api.internal.classpath.Module                                        : loaded 2 times (x 67B)
Class ijInit1_85orehx6827rqke4go5aaq4vz                                               : loaded 2 times (x 176B)
Class org.gradle.api.internal.classpath.UnknownModuleException                        : loaded 2 times (x 79B)
Class jdk.internal.jimage.ImageHeader                                                 : loaded 2 times (x 68B)
Class com.intellij.openapi.externalSystem.model.project.dependencies.ProjectDependencies: loaded 2 times (x 67B)
Class org.gradle.tooling.internal.gradle.GradleProjectIdentity                        : loaded 2 times (x 67B)
Class org.gradle.api.internal.DefaultClassPathRegistry                                : loaded 2 times (x 73B)
Class org.gradle.api.internal.ClassPathRegistry                                       : loaded 2 times (x 67B)
Class org.gradle.internal.classpath.DefaultClassPath$ImmutableUniqueList              : loaded 2 times (x 196B)
Class org.jetbrains.plugins.gradle.model.IntelliJSettings                             : loaded 2 times (x 67B)
Class Settings_gradle$1                                                               : loaded 2 times (x 71B)
Class org.gradle.internal.classpath.ClassPath                                         : loaded 2 times (x 67B)
Class org.gradle.api.UncheckedIOException                                             : loaded 2 times (x 79B)
Class org.jetbrains.kotlin.idea.gradleTooling.KotlinGradleModel                       : loaded 2 times (x 67B)
Class jdk.internal.jimage.ImageStringsReader                                          : loaded 2 times (x 77B)
Class org.gradle.tooling.model.Model                                                  : loaded 2 times (x 67B)
Class kotlin.UninitializedPropertyAccessException                                     : loaded 2 times (x 79B)
Class jdk.internal.jimage.ImageReader                                                 : loaded 2 times (x 72B)
Class org.jetbrains.plugins.gradle.model.IntelliJProjectSettings                      : loaded 2 times (x 67B)
Class org.jetbrains.kotlin.idea.gradleTooling.model.annotation.AnnotationBasedPluginModel: loaded 2 times (x 67B)
Class jdk.internal.jimage.ImageReader$SharedImageReader                               : loaded 2 times (x 92B)
Class org.gradle.internal.installation.GradleInstallation$1                           : loaded 2 times (x 72B)
Class org.gradle.api.internal.classpath.ModuleRegistry                                : loaded 2 times (x 67B)
Class org.jetbrains.plugins.gradle.model.VersionCatalogsModel                         : loaded 2 times (x 67B)
Class jdk.internal.jimage.ImageReader$Node                                            : loaded 2 times (x 81B)
Class org.gradle.api.internal.classpath.DefaultModuleRegistry                         : loaded 2 times (x 80B)
Class jdk.internal.jimage.BasicImageReader$1                                          : loaded 2 times (x 74B)
Class sync_studio_tooling7_8w3v2oeph6vyu15fkbllcfr6s                                  : loaded 2 times (x 176B)
Class jdk.internal.jimage.decompressor.Decompressor                                   : loaded 2 times (x 69B)
Class jdk.internal.jimage.ImageReader$Resource                                        : loaded 2 times (x 81B)
Class org.gradle.internal.time.MonotonicClock                                         : loaded 2 times (x 74B)
Class org.gradle.internal.service.ServiceLookupException                              : loaded 2 times (x 79B)
Class org.gradle.internal.classloader.ClassLoaderFactory                              : loaded 2 times (x 67B)
Class org.gradle.internal.service.CachingServiceLocator                               : loaded 2 times (x 79B)
Class org.jetbrains.plugins.gradle.model.RepositoryModels                             : loaded 2 times (x 67B)
Class org.gradle.internal.time.TimeSource                                             : loaded 2 times (x 67B)
Class org.gradle.tooling.internal.gradle.GradleBuildIdentity                          : loaded 2 times (x 67B)
Class kotlin.enums.EnumEntries                                                        : loaded 2 times (x 67B)
Class org.gradle.internal.exceptions.ResolutionProvider                               : loaded 2 times (x 67B)
Class jdk.internal.jrtfs.JrtPath                                                      : loaded 2 times (x 115B)
Class org.gradle.tooling.model.ProjectIdentifier                                      : loaded 2 times (x 67B)
Class org.gradle.internal.classloader.ClasspathUtil                                   : loaded 2 times (x 68B)
Class org.gradle.internal.time.TimeSource$1                                           : loaded 2 times (x 74B)
Class kotlin.jvm.internal.DefaultConstructorMarker                                    : loaded 2 times (x 68B)
Class org.gradle.api.specs.Spec                                                       : loaded 2 times (x 67B)
Class org.gradle.internal.time.Clock                                                  : loaded 2 times (x 67B)
Class jdk.internal.jimage.ImageReader$Directory                                       : loaded 2 times (x 81B)
Class org.jetbrains.plugins.gradle.model.jar.JarTaskManifestConfiguration             : loaded 2 times (x 67B)
Class kotlin.collections.AbstractList                                                 : loaded 2 times (x 194B)
Class kotlin.collections.AbstractCollection                                           : loaded 2 times (x 114B)
Class org.gradle.internal.classloader.VisitableURLClassLoader$InstrumentingVisitableURLClassLoader: loaded 2 times (x 120B)
Class org.gradle.internal.classloader.VisitableURLClassLoader$Spec                    : loaded 2 times (x 71B)
Class org.gradle.internal.classpath.DefaultClassPath                                  : loaded 2 times (x 87B)
Class org.gradle.internal.classloader.ClassLoaderSpec                                 : loaded 2 times (x 68B)
Class Settings_gradle$1$1                                                             : loaded 2 times (x 71B)
Class org.gradle.internal.classloader.VisitableURLClassLoader                         : loaded 2 times (x 114B)
Class Settings_gradle                                                                 : loaded 2 times (x 125B)
Class org.gradle.internal.Cast                                                        : loaded 2 times (x 68B)
Class org.gradle.api.Action                                                           : loaded 2 times (x 67B)
Class kotlin.jvm.functions.Function1                                                  : loaded 2 times (x 67B)
Class org.gradle.internal.agents.InstrumentingClassLoader                             : loaded 2 times (x 67B)
Class org.gradle.internal.classpath.DefaultClassPath$ImmutableUniqueList$Builder      : loaded 2 times (x 72B)
Class org.jetbrains.kotlin.idea.gradleTooling.model.samWithReceiver.SamWithReceiverModel: loaded 2 times (x 67B)
Class org.gradle.internal.classloader.FilteringClassLoader                            : loaded 2 times (x 102B)
Class org.gradle.internal.exceptions.NonGradleCauseExceptionsHolder                   : loaded 2 times (x 67B)
Class jdk.internal.jimage.ImageStrings                                                : loaded 2 times (x 67B)
Class org.jetbrains.kotlin.idea.gradleTooling.model.assignment.AssignmentModel        : loaded 2 times (x 67B)
Class kotlin.enums.EnumEntriesKt                                                      : loaded 2 times (x 68B)
Class org.gradle.internal.IoActions                                                   : loaded 2 times (x 68B)
Class org.gradle.internal.classloader.SystemClassLoaderSpec                           : loaded 2 times (x 68B)
Class org.gradle.internal.exceptions.MultiCauseException                              : loaded 2 times (x 67B)
Class org.gradle.internal.time.CountdownTimer                                         : loaded 2 times (x 67B)
Class kotlin.jvm.internal.Intrinsics                                                  : loaded 2 times (x 68B)
Class jdk.internal.jrtfs.JrtFileSystem                                                : loaded 2 times (x 99B)
Class org.jetbrains.kotlin.idea.gradleTooling.model.parcelize.ParcelizeGradleModel    : loaded 2 times (x 67B)
Class org.gradle.tooling.model.ProjectModel                                           : loaded 2 times (x 67B)
Class kotlin.KotlinNullPointerException                                               : loaded 2 times (x 80B)
Class org.jetbrains.plugins.gradle.model.tests.ExternalTestsModel                     : loaded 2 times (x 67B)
Class org.gradle.internal.exceptions.DefaultMultiCauseException                       : loaded 2 times (x 92B)
Class org.gradle.internal.time.Time                                                   : loaded 2 times (x 68B)
Class org.jetbrains.plugins.gradle.model.DependencyAccessorsModel                     : loaded 2 times (x 67B)
Class org.jetbrains.kotlin.idea.gradleTooling.KotlinMPPGradleModel                    : loaded 2 times (x 67B)
Class org.gradle.tooling.model.BuildIdentifier                                        : loaded 2 times (x 67B)
Class org.jetbrains.kotlin.idea.gradleTooling.PrepareKotlinIdeImportTaskModel         : loaded 2 times (x 67B)
Class org.gradle.internal.time.Timer                                                  : loaded 2 times (x 67B)
Class kotlin.jvm.internal.markers.KMappedMarker                                       : loaded 2 times (x 67B)
Class org.gradle.internal.installation.CurrentGradleInstallationLocator               : loaded 2 times (x 68B)
Class org.gradle.internal.service.DefaultServiceLocator                               : loaded 2 times (x 80B)
Class jdk.internal.jrtfs.JrtDirectoryStream                                           : loaded 2 times (x 86B)
Class org.gradle.util.GradleVersion                                                   : loaded 2 times (x 80B)
Class org.gradle.internal.installation.CurrentGradleInstallation                      : loaded 2 times (x 70B)
Class org.gradle.util.internal.GUtil                                                  : loaded 2 times (x 68B)
Class org.gradle.internal.installation.GradleInstallation                             : loaded 2 times (x 72B)

---------------  S Y S T E M  ---------------

OS:
 Windows 10 , 64 bit Build 19041 (10.0.19041.4957)
OS uptime: 4 days 19:13 hours

CPU: total 8 (initial active 8) (8 cores per cpu, 2 threads per core) family 23 model 24 stepping 1 microcode 0x0, cx8, cmov, fxsr, ht, mmx, 3dnowpref, sse, sse2, sse3, ssse3, sse4a, sse4.1, sse4.2, popcnt, lzcnt, tsc, tscinvbit, avx, avx2, aes, clmul, bmi1, bmi2, adx, sha, fma, vzeroupper, clflush, clflushopt, rdtscp, f16c
Processor Information for all 8 processors :
  Max Mhz: 2100, Current Mhz: 2100, Mhz Limit: 2100

Memory: 4k page, system-wide physical 7103M (565M free)
TotalPageFile size 28607M (AvailPageFile size 16M)
current process WorkingSet (physical memory assigned to process): 385M, peak: 385M
current process commit charge ("private bytes"): 425M, peak: 458M

vm_info: OpenJDK 64-Bit Server VM (21.0.3+-12282718-b509.11) for windows-amd64 JRE (21.0.3+-12282718-b509.11), built on 2024-08-27T17:34:15Z by "builder" with MS VC++ 16.10 / 16.11 (VS2019)

END.
