#
# There is insufficient memory for the Java Runtime Environment to continue.
# Native memory allocation (malloc) failed to allocate 1588416 bytes. Error detail: Chunk::new
# Possible reasons:
#   The system is out of physical RAM or swap space
#   This process is running with CompressedOops enabled, and the Java Heap may be blocking the growth of the native heap
# Possible solutions:
#   Reduce memory load on the system
#   Increase physical memory or swap space
#   Check if swap backing store is full
#   Decrease Java heap size (-Xmx/-Xms)
#   Decrease number of Java threads
#   Decrease Java thread stack sizes (-Xss)
#   Set larger code cache with -XX:ReservedCodeCacheSize=
#   JVM is running with Unscaled Compressed Oops mode in which the Java heap is
#     placed in the first 4GB address space. The Java Heap base address is the
#     maximum limit for the native heap growth. Please use -XX:HeapBaseMinAddress
#     to set the Java Heap base and to place the Java Heap above 4GB virtual address.
# This output file may be truncated or incomplete.
#
#  Out of Memory Error (arena.cpp:168), pid=17804, tid=14592
#
# JRE version: OpenJDK Runtime Environment (21.0.3) (build 21.0.3+-12282718-b509.11)
# Java VM: OpenJDK 64-Bit Server VM (21.0.3+-12282718-b509.11, mixed mode, tiered, compressed oops, compressed class ptrs, g1 gc, windows-amd64)
# No core dump will be written. Minidumps are not enabled by default on client versions of Windows
#

---------------  S U M M A R Y ------------

Command Line: --add-opens=java.base/java.util=ALL-UNNAMED --add-opens=java.base/java.lang=ALL-UNNAMED --add-opens=java.base/java.lang.invoke=ALL-UNNAMED --add-opens=java.prefs/java.util.prefs=ALL-UNNAMED --add-exports=jdk.compiler/com.sun.tools.javac.api=ALL-UNNAMED --add-exports=jdk.compiler/com.sun.tools.javac.util=ALL-UNNAMED --add-opens=java.base/java.nio.charset=ALL-UNNAMED --add-opens=java.base/java.net=ALL-UNNAMED --add-opens=java.base/java.util.concurrent.atomic=ALL-UNNAMED -Xmx2048m -Dfile.encoding=UTF-8 -Duser.country=RU -Duser.language=ru -Duser.variant -javaagent:C:\Users\dbulb\.gradle\wrapper\dists\gradle-8.9-bin\90cnw93cvbtalezasaz0blq0a\gradle-8.9\lib\agents\gradle-instrumentation-agent-8.9.jar org.gradle.launcher.daemon.bootstrap.GradleDaemon 8.9

Host: AMD Ryzen 5 3500U with Radeon Vega Mobile Gfx  , 8 cores, 6G,  Windows 10 , 64 bit Build 19041 (10.0.19041.4957)
Time: Sat Nov 16 09:04:01 2024  Windows 10 , 64 bit Build 19041 (10.0.19041.4957) elapsed time: 12.669685 seconds (0d 0h 0m 12s)

---------------  T H R E A D  ---------------

Current thread (0x000001636b7808b0):  JavaThread "C2 CompilerThread0" daemon [_thread_in_native, id=14592, stack(0x000000349ce00000,0x000000349cf00000) (1024K)]


Current CompileTask:
C2:  12669 7010       4       java.net.URLClassLoader$1::run (5 bytes)

Stack: [0x000000349ce00000,0x000000349cf00000]
Native frames: (J=compiled Java code, j=interpreted, Vv=VM code, C=native code)
V  [jvm.dll+0x6cafb9]
V  [jvm.dll+0x858523]
V  [jvm.dll+0x85aa7e]
V  [jvm.dll+0x85b163]
V  [jvm.dll+0x27d356]
V  [jvm.dll+0xbf93d]
V  [jvm.dll+0xbfe73]
V  [jvm.dll+0x3b1ceb]
V  [jvm.dll+0x37e787]
V  [jvm.dll+0x37dbfa]
V  [jvm.dll+0x246b02]
V  [jvm.dll+0x2460d1]
V  [jvm.dll+0x1c5804]
V  [jvm.dll+0x25575c]
V  [jvm.dll+0x253c36]
V  [jvm.dll+0x3ec996]
V  [jvm.dll+0x800d78]
V  [jvm.dll+0x6c98cd]
C  [ucrtbase.dll+0x21bb2]
C  [KERNEL32.DLL+0x17374]
C  [ntdll.dll+0x4cc91]


---------------  P R O C E S S  ---------------

Threads class SMR info:
_java_thread_list=0x00000163723f6c20, length=59, elements={
0x0000016351b11980, 0x000001636b75b8c0, 0x000001636b75ce80, 0x000001636b78c730,
0x000001636b78a9d0, 0x000001636b78b430, 0x000001636b77f770, 0x000001636b7808b0,
0x000001636b781ef0, 0x000001636b89e780, 0x000001636baf55b0, 0x0000016371a00a10,
0x00000163718b3700, 0x0000016371d90010, 0x00000163719aa5c0, 0x0000016371aa2380,
0x0000016371bbc430, 0x0000016371bf13b0, 0x0000016371beec50, 0x0000016371bee5c0,
0x0000016371bef970, 0x0000016371bf0690, 0x0000016371bef2e0, 0x0000016371bf0000,
0x0000016371bf0d20, 0x0000016372859c80, 0x0000016372858240, 0x000001637285eb40,
0x000001637285a310, 0x000001637285a9a0, 0x000001637285de20, 0x000001637285b030,
0x0000016372858f60, 0x000001637285ca70, 0x000001637285bd50, 0x000001637285b6c0,
0x000001637285c3e0, 0x000001637285d100, 0x0000016372857bb0, 0x000001637285f1d0,
0x00000163728595f0, 0x0000016373f62220, 0x0000016373f61b90, 0x0000016373f628b0,
0x0000016373f61500, 0x0000016373f62f40, 0x0000016373f60e70, 0x0000016373f635d0,
0x0000016373f63c60, 0x0000016373f642f0, 0x0000016374ef54c0, 0x0000016374ef0600,
0x0000016374ef3a80, 0x0000016374ef61e0, 0x0000016374ef6870, 0x0000016374ef19b0,
0x0000016374ef47a0, 0x0000016374ef4110, 0x0000016370fe7040
}

Java Threads: ( => current thread )
  0x0000016351b11980 JavaThread "main"                              [_thread_blocked, id=8424, stack(0x000000349c000000,0x000000349c100000) (1024K)]
  0x000001636b75b8c0 JavaThread "Reference Handler"          daemon [_thread_blocked, id=1868, stack(0x000000349c800000,0x000000349c900000) (1024K)]
  0x000001636b75ce80 JavaThread "Finalizer"                  daemon [_thread_blocked, id=18444, stack(0x000000349c900000,0x000000349ca00000) (1024K)]
  0x000001636b78c730 JavaThread "Signal Dispatcher"          daemon [_thread_blocked, id=11468, stack(0x000000349ca00000,0x000000349cb00000) (1024K)]
  0x000001636b78a9d0 JavaThread "Attach Listener"            daemon [_thread_blocked, id=8176, stack(0x000000349cb00000,0x000000349cc00000) (1024K)]
  0x000001636b78b430 JavaThread "Service Thread"             daemon [_thread_blocked, id=17724, stack(0x000000349cc00000,0x000000349cd00000) (1024K)]
  0x000001636b77f770 JavaThread "Monitor Deflation Thread"   daemon [_thread_blocked, id=13668, stack(0x000000349cd00000,0x000000349ce00000) (1024K)]
=>0x000001636b7808b0 JavaThread "C2 CompilerThread0"         daemon [_thread_in_native, id=14592, stack(0x000000349ce00000,0x000000349cf00000) (1024K)]
  0x000001636b781ef0 JavaThread "C1 CompilerThread0"         daemon [_thread_blocked, id=15292, stack(0x000000349cf00000,0x000000349d000000) (1024K)]
  0x000001636b89e780 JavaThread "Common-Cleaner"             daemon [_thread_blocked, id=11076, stack(0x000000349d000000,0x000000349d100000) (1024K)]
  0x000001636baf55b0 JavaThread "Notification Thread"        daemon [_thread_blocked, id=10008, stack(0x000000349d100000,0x000000349d200000) (1024K)]
  0x0000016371a00a10 JavaThread "Daemon health stats"               [_thread_blocked, id=1532, stack(0x000000349d700000,0x000000349d800000) (1024K)]
  0x00000163718b3700 JavaThread "Incoming local TCP Connector on port 60373"        [_thread_in_native, id=18636, stack(0x000000349d800000,0x000000349d900000) (1024K)]
  0x0000016371d90010 JavaThread "Daemon periodic checks"            [_thread_blocked, id=3800, stack(0x000000349d900000,0x000000349da00000) (1024K)]
  0x00000163719aa5c0 JavaThread "Daemon"                            [_thread_blocked, id=1116, stack(0x000000349da00000,0x000000349db00000) (1024K)]
  0x0000016371aa2380 JavaThread "Handler for socket connection from /127.0.0.1:60373 to /127.0.0.1:60374"        [_thread_in_native, id=16672, stack(0x000000349db00000,0x000000349dc00000) (1024K)]
  0x0000016371bbc430 JavaThread "Cancel handler"                    [_thread_blocked, id=7088, stack(0x000000349dc00000,0x000000349dd00000) (1024K)]
  0x0000016371bf13b0 JavaThread "Daemon worker"                     [_thread_in_vm, id=12516, stack(0x000000349dd00000,0x000000349de00000) (1024K)]
  0x0000016371beec50 JavaThread "Asynchronous log dispatcher for DefaultDaemonConnection: socket connection from /127.0.0.1:60373 to /127.0.0.1:60374"        [_thread_blocked, id=452, stack(0x000000349de00000,0x000000349df00000) (1024K)]
  0x0000016371bee5c0 JavaThread "Stdin handler"                     [_thread_blocked, id=15268, stack(0x000000349df00000,0x000000349e000000) (1024K)]
  0x0000016371bef970 JavaThread "Daemon client event forwarder"        [_thread_blocked, id=12908, stack(0x000000349e000000,0x000000349e100000) (1024K)]
  0x0000016371bf0690 JavaThread "Cache worker for journal cache (C:\Users\dbulb\.gradle\caches\journal-1)"        [_thread_blocked, id=516, stack(0x000000349e500000,0x000000349e600000) (1024K)]
  0x0000016371bef2e0 JavaThread "File lock request listener"        [_thread_in_native, id=13828, stack(0x000000349e600000,0x000000349e700000) (1024K)]
  0x0000016371bf0000 JavaThread "Cache worker for file hash cache (C:\Users\dbulb\.gradle\caches\8.9\fileHashes)"        [_thread_blocked, id=3424, stack(0x000000349e700000,0x000000349e800000) (1024K)]
  0x0000016371bf0d20 JavaThread "Cache worker for file hash cache (C:\Users\dbulb\AndroidStudioProjects\lab6\.gradle\8.9\fileHashes)"        [_thread_blocked, id=2164, stack(0x000000349e800000,0x000000349e900000) (1024K)]
  0x0000016372859c80 JavaThread "Cache worker for Build Output Cleanup Cache (C:\Users\dbulb\AndroidStudioProjects\lab6\.gradle\buildOutputCleanup)"        [_thread_blocked, id=4388, stack(0x000000349e900000,0x000000349ea00000) (1024K)]
  0x0000016372858240 JavaThread "File watcher server"        daemon [_thread_in_native, id=14260, stack(0x000000349ea00000,0x000000349eb00000) (1024K)]
  0x000001637285eb40 JavaThread "File watcher consumer"      daemon [_thread_blocked, id=9776, stack(0x000000349eb00000,0x000000349ec00000) (1024K)]
  0x000001637285a310 JavaThread "jar transforms"                    [_thread_blocked, id=11760, stack(0x000000349ec00000,0x000000349ed00000) (1024K)]
  0x000001637285a9a0 JavaThread "jar transforms Thread 2"           [_thread_blocked, id=12352, stack(0x000000349ed00000,0x000000349ee00000) (1024K)]
  0x000001637285de20 JavaThread "jar transforms Thread 3"           [_thread_blocked, id=1924, stack(0x000000349ee00000,0x000000349ef00000) (1024K)]
  0x000001637285b030 JavaThread "jar transforms Thread 4"           [_thread_blocked, id=18884, stack(0x000000349ef00000,0x000000349f000000) (1024K)]
  0x0000016372858f60 JavaThread "jar transforms Thread 5"           [_thread_blocked, id=3292, stack(0x000000349f000000,0x000000349f100000) (1024K)]
  0x000001637285ca70 JavaThread "jar transforms Thread 6"           [_thread_blocked, id=12220, stack(0x000000349f100000,0x000000349f200000) (1024K)]
  0x000001637285bd50 JavaThread "jar transforms Thread 7"           [_thread_blocked, id=18880, stack(0x000000349f200000,0x000000349f300000) (1024K)]
  0x000001637285b6c0 JavaThread "jar transforms Thread 8"           [_thread_blocked, id=9016, stack(0x000000349f300000,0x000000349f400000) (1024K)]
  0x000001637285c3e0 JavaThread "Cache worker for checksums cache (C:\Users\dbulb\AndroidStudioProjects\lab6\.gradle\8.9\checksums)"        [_thread_blocked, id=11440, stack(0x000000349f400000,0x000000349f500000) (1024K)]
  0x000001637285d100 JavaThread "Cache worker for file content cache (C:\Users\dbulb\.gradle\caches\8.9\fileContent)"        [_thread_blocked, id=17412, stack(0x000000349f500000,0x000000349f600000) (1024K)]
  0x0000016372857bb0 JavaThread "Cache worker for cache directory md-rule (C:\Users\dbulb\.gradle\caches\8.9\md-rule)"        [_thread_blocked, id=9704, stack(0x000000349f600000,0x000000349f700000) (1024K)]
  0x000001637285f1d0 JavaThread "Cache worker for cache directory md-supplier (C:\Users\dbulb\.gradle\caches\8.9\md-supplier)"        [_thread_blocked, id=7988, stack(0x000000349f700000,0x000000349f800000) (1024K)]
  0x00000163728595f0 JavaThread "Unconstrained build operations"        [_thread_blocked, id=15280, stack(0x000000349f800000,0x000000349f900000) (1024K)]
  0x0000016373f62220 JavaThread "Unconstrained build operations Thread 2"        [_thread_blocked, id=1540, stack(0x000000349f900000,0x000000349fa00000) (1024K)]
  0x0000016373f61b90 JavaThread "Unconstrained build operations Thread 3"        [_thread_blocked, id=2568, stack(0x000000349fa00000,0x000000349fb00000) (1024K)]
  0x0000016373f628b0 JavaThread "Unconstrained build operations Thread 4"        [_thread_blocked, id=8780, stack(0x000000349fb00000,0x000000349fc00000) (1024K)]
  0x0000016373f61500 JavaThread "Unconstrained build operations Thread 5"        [_thread_blocked, id=19328, stack(0x000000349fc00000,0x000000349fd00000) (1024K)]
  0x0000016373f62f40 JavaThread "Unconstrained build operations Thread 6"        [_thread_blocked, id=6072, stack(0x000000349fd00000,0x000000349fe00000) (1024K)]
  0x0000016373f60e70 JavaThread "Unconstrained build operations Thread 7"        [_thread_blocked, id=8248, stack(0x000000349fe00000,0x000000349ff00000) (1024K)]
  0x0000016373f635d0 JavaThread "Unconstrained build operations Thread 8"        [_thread_blocked, id=7556, stack(0x000000349ff00000,0x00000034a0000000) (1024K)]
  0x0000016373f63c60 JavaThread "Unconstrained build operations Thread 9"        [_thread_blocked, id=17996, stack(0x00000034a0000000,0x00000034a0100000) (1024K)]
  0x0000016373f642f0 JavaThread "Unconstrained build operations Thread 10"        [_thread_blocked, id=16100, stack(0x00000034a0100000,0x00000034a0200000) (1024K)]
  0x0000016374ef54c0 JavaThread "Unconstrained build operations Thread 11"        [_thread_blocked, id=7600, stack(0x00000034a0200000,0x00000034a0300000) (1024K)]
  0x0000016374ef0600 JavaThread "Unconstrained build operations Thread 12"        [_thread_blocked, id=9904, stack(0x00000034a0300000,0x00000034a0400000) (1024K)]
  0x0000016374ef3a80 JavaThread "Unconstrained build operations Thread 13"        [_thread_blocked, id=15912, stack(0x00000034a0400000,0x00000034a0500000) (1024K)]
  0x0000016374ef61e0 JavaThread "Unconstrained build operations Thread 14"        [_thread_blocked, id=15560, stack(0x00000034a0500000,0x00000034a0600000) (1024K)]
  0x0000016374ef6870 JavaThread "Unconstrained build operations Thread 15"        [_thread_blocked, id=1808, stack(0x00000034a0600000,0x00000034a0700000) (1024K)]
  0x0000016374ef19b0 JavaThread "Unconstrained build operations Thread 16"        [_thread_blocked, id=15356, stack(0x00000034a0700000,0x00000034a0800000) (1024K)]
  0x0000016374ef47a0 JavaThread "Unconstrained build operations Thread 17"        [_thread_blocked, id=9224, stack(0x00000034a0800000,0x00000034a0900000) (1024K)]
  0x0000016374ef4110 JavaThread "Unconstrained build operations Thread 18"        [_thread_blocked, id=524, stack(0x00000034a0900000,0x00000034a0a00000) (1024K)]
  0x0000016370fe7040 JavaThread "C2 CompilerThread1"         daemon [_thread_in_native, id=7004, stack(0x00000034a0a00000,0x00000034a0b00000) (1024K)]
Total: 59

Other Threads:
  0x000001636b492330 VMThread "VM Thread"                           [id=12356, stack(0x000000349c700000,0x000000349c800000) (1024K)]
  0x0000016353e9e3c0 WatcherThread "VM Periodic Task Thread"        [id=8832, stack(0x000000349c600000,0x000000349c700000) (1024K)]
  0x0000016353e234b0 WorkerThread "GC Thread#0"                     [id=18752, stack(0x000000349c100000,0x000000349c200000) (1024K)]
  0x00000163702582e0 WorkerThread "GC Thread#1"                     [id=9228, stack(0x000000349d300000,0x000000349d400000) (1024K)]
  0x000001637065a590 WorkerThread "GC Thread#2"                     [id=17740, stack(0x000000349d400000,0x000000349d500000) (1024K)]
  0x0000016370904f60 WorkerThread "GC Thread#3"                     [id=8820, stack(0x000000349d500000,0x000000349d600000) (1024K)]
  0x0000016370a7acf0 WorkerThread "GC Thread#4"                     [id=16280, stack(0x000000349d600000,0x000000349d700000) (1024K)]
  0x0000016371ab90e0 WorkerThread "GC Thread#5"                     [id=3036, stack(0x000000349e100000,0x000000349e200000) (1024K)]
  0x0000016371bd67a0 WorkerThread "GC Thread#6"                     [id=11164, stack(0x000000349e200000,0x000000349e300000) (1024K)]
  0x0000016371bd7360 WorkerThread "GC Thread#7"                     [id=16192, stack(0x000000349e300000,0x000000349e400000) (1024K)]
  0x0000016353e34510 ConcurrentGCThread "G1 Main Marker"            [id=10580, stack(0x000000349c200000,0x000000349c300000) (1024K)]
  0x0000016353e356c0 WorkerThread "G1 Conc#0"                       [id=16596, stack(0x000000349c300000,0x000000349c400000) (1024K)]
  0x0000016371c10ce0 WorkerThread "G1 Conc#1"                       [id=4904, stack(0x000000349e400000,0x000000349e500000) (1024K)]
  0x0000016353e973f0 ConcurrentGCThread "G1 Refine#0"               [id=15600, stack(0x000000349c400000,0x000000349c500000) (1024K)]
  0x000001636b3120d0 ConcurrentGCThread "G1 Service"                [id=18396, stack(0x000000349c500000,0x000000349c600000) (1024K)]
Total: 15

Threads with active compile tasks:
C2 CompilerThread0    12702 7010       4       java.net.URLClassLoader$1::run (5 bytes)
C2 CompilerThread1    12702 7027   !   4       java.net.URLClassLoader::findClass (47 bytes)
Total: 2

VM state: not at safepoint (normal execution)

VM Mutex/Monitor currently owned by a thread: None

Heap address: 0x0000000080000000, size: 2048 MB, Compressed Oops mode: 32-bit

CDS archive(s) not mapped
Compressed class space mapped at: 0x0000000100000000-0x0000000140000000, reserved size: 1073741824
Narrow klass base: 0x0000000000000000, Narrow klass shift: 3, Narrow klass range: 0x140000000

GC Precious Log:
 CardTable entry size: 512
 Card Set container configuration: InlinePtr #cards 5 size 8 Array Of Cards #cards 12 size 40 Howl #buckets 4 coarsen threshold 1843 Howl Bitmap #cards 512 size 80 coarsen threshold 460 Card regions per heap region 1 cards per card region 2048
 CPUs: 8 total, 8 available
 Memory: 7103M
 Large Page Support: Disabled
 NUMA Support: Disabled
 Compressed Oops: Enabled (32-bit)
 Heap Region Size: 1M
 Heap Min Capacity: 8M
 Heap Initial Capacity: 112M
 Heap Max Capacity: 2G
 Pre-touch: Disabled
 Parallel Workers: 8
 Concurrent Workers: 2
 Concurrent Refinement Workers: 8
 Periodic GC: Disabled

Heap:
 garbage-first heap   total 137216K, used 94448K [0x0000000080000000, 0x0000000100000000)
  region size 1024K, 19 young (19456K), 6 survivors (6144K)
 Metaspace       used 79307K, committed 81024K, reserved 1179648K
  class space    used 10861K, committed 11712K, reserved 1048576K

Heap Regions: E=young(eden), S=young(survivor), O=old, HS=humongous(starts), HC=humongous(continues), CS=collection set, F=free, TAMS=top-at-mark-start, PB=parsable bottom
|   0|0x0000000080000000, 0x0000000080100000, 0x0000000080100000|100%|HS|  |TAMS 0x0000000080000000| PB 0x0000000080000000| Complete 
|   1|0x0000000080100000, 0x0000000080200000, 0x0000000080200000|100%|HC|  |TAMS 0x0000000080100000| PB 0x0000000080100000| Complete 
|   2|0x0000000080200000, 0x0000000080300000, 0x0000000080300000|100%|HC|  |TAMS 0x0000000080200000| PB 0x0000000080200000| Complete 
|   3|0x0000000080300000, 0x0000000080400000, 0x0000000080400000|100%|HC|  |TAMS 0x0000000080300000| PB 0x0000000080300000| Complete 
|   4|0x0000000080400000, 0x0000000080500000, 0x0000000080500000|100%| O|  |TAMS 0x0000000080400000| PB 0x0000000080400000| Untracked 
|   5|0x0000000080500000, 0x0000000080600000, 0x0000000080600000|100%| O|  |TAMS 0x0000000080500000| PB 0x0000000080500000| Untracked 
|   6|0x0000000080600000, 0x0000000080700000, 0x0000000080700000|100%| O|  |TAMS 0x0000000080600000| PB 0x0000000080600000| Untracked 
|   7|0x0000000080700000, 0x0000000080800000, 0x0000000080800000|100%| O|  |TAMS 0x0000000080700000| PB 0x0000000080700000| Untracked 
|   8|0x0000000080800000, 0x0000000080900000, 0x0000000080900000|100%| O|  |TAMS 0x0000000080800000| PB 0x0000000080800000| Untracked 
|   9|0x0000000080900000, 0x0000000080a00000, 0x0000000080a00000|100%| O|  |TAMS 0x0000000080900000| PB 0x0000000080900000| Untracked 
|  10|0x0000000080a00000, 0x0000000080b00000, 0x0000000080b00000|100%|HS|  |TAMS 0x0000000080a00000| PB 0x0000000080a00000| Complete 
|  11|0x0000000080b00000, 0x0000000080c00000, 0x0000000080c00000|100%| O|  |TAMS 0x0000000080b00000| PB 0x0000000080b00000| Untracked 
|  12|0x0000000080c00000, 0x0000000080d00000, 0x0000000080d00000|100%|HS|  |TAMS 0x0000000080c00000| PB 0x0000000080c00000| Complete 
|  13|0x0000000080d00000, 0x0000000080e00000, 0x0000000080e00000|100%|HS|  |TAMS 0x0000000080d00000| PB 0x0000000080d00000| Complete 
|  14|0x0000000080e00000, 0x0000000080f00000, 0x0000000080f00000|100%|HC|  |TAMS 0x0000000080e00000| PB 0x0000000080e00000| Complete 
|  15|0x0000000080f00000, 0x0000000081000000, 0x0000000081000000|100%|HC|  |TAMS 0x0000000080f00000| PB 0x0000000080f00000| Complete 
|  16|0x0000000081000000, 0x0000000081100000, 0x0000000081100000|100%|HC|  |TAMS 0x0000000081000000| PB 0x0000000081000000| Complete 
|  17|0x0000000081100000, 0x0000000081200000, 0x0000000081200000|100%|HC|  |TAMS 0x0000000081100000| PB 0x0000000081100000| Complete 
|  18|0x0000000081200000, 0x0000000081300000, 0x0000000081300000|100%|HC|  |TAMS 0x0000000081200000| PB 0x0000000081200000| Complete 
|  19|0x0000000081300000, 0x0000000081400000, 0x0000000081400000|100%|HS|  |TAMS 0x0000000081300000| PB 0x0000000081300000| Complete 
|  20|0x0000000081400000, 0x0000000081500000, 0x0000000081500000|100%|HC|  |TAMS 0x0000000081400000| PB 0x0000000081400000| Complete 
|  21|0x0000000081500000, 0x0000000081600000, 0x0000000081600000|100%|HC|  |TAMS 0x0000000081500000| PB 0x0000000081500000| Complete 
|  22|0x0000000081600000, 0x0000000081700000, 0x0000000081700000|100%|HS|  |TAMS 0x0000000081600000| PB 0x0000000081600000| Complete 
|  23|0x0000000081700000, 0x0000000081800000, 0x0000000081800000|100%|HC|  |TAMS 0x0000000081700000| PB 0x0000000081700000| Complete 
|  24|0x0000000081800000, 0x0000000081900000, 0x0000000081900000|100%| O|  |TAMS 0x0000000081800000| PB 0x0000000081800000| Untracked 
|  25|0x0000000081900000, 0x0000000081a00000, 0x0000000081a00000|100%| O|  |TAMS 0x0000000081900000| PB 0x0000000081900000| Untracked 
|  26|0x0000000081a00000, 0x0000000081b00000, 0x0000000081b00000|100%| O|  |TAMS 0x0000000081a00000| PB 0x0000000081a00000| Untracked 
|  27|0x0000000081b00000, 0x0000000081c00000, 0x0000000081c00000|100%| O|  |TAMS 0x0000000081b00000| PB 0x0000000081b00000| Untracked 
|  28|0x0000000081c00000, 0x0000000081d00000, 0x0000000081d00000|100%| O|  |TAMS 0x0000000081c00000| PB 0x0000000081c00000| Untracked 
|  29|0x0000000081d00000, 0x0000000081e00000, 0x0000000081e00000|100%| O|  |TAMS 0x0000000081d00000| PB 0x0000000081d00000| Untracked 
|  30|0x0000000081e00000, 0x0000000081f00000, 0x0000000081f00000|100%| O|  |TAMS 0x0000000081e00000| PB 0x0000000081e00000| Untracked 
|  31|0x0000000081f00000, 0x0000000082000000, 0x0000000082000000|100%| O|  |TAMS 0x0000000081f00000| PB 0x0000000081f00000| Untracked 
|  32|0x0000000082000000, 0x0000000082000000, 0x0000000082100000|  0%| F|  |TAMS 0x0000000082000000| PB 0x0000000082000000| Untracked 
|  33|0x0000000082100000, 0x0000000082200000, 0x0000000082200000|100%| O|  |TAMS 0x0000000082100000| PB 0x0000000082100000| Untracked 
|  34|0x0000000082200000, 0x0000000082300000, 0x0000000082300000|100%| O|  |TAMS 0x0000000082200000| PB 0x0000000082200000| Untracked 
|  35|0x0000000082300000, 0x0000000082400000, 0x0000000082400000|100%| O|  |TAMS 0x0000000082300000| PB 0x0000000082300000| Untracked 
|  36|0x0000000082400000, 0x0000000082500000, 0x0000000082500000|100%| O|  |TAMS 0x0000000082400000| PB 0x0000000082400000| Untracked 
|  37|0x0000000082500000, 0x0000000082600000, 0x0000000082600000|100%| O|  |TAMS 0x0000000082500000| PB 0x0000000082500000| Untracked 
|  38|0x0000000082600000, 0x0000000082700000, 0x0000000082700000|100%| O|  |TAMS 0x0000000082600000| PB 0x0000000082600000| Untracked 
|  39|0x0000000082700000, 0x0000000082800000, 0x0000000082800000|100%| O|  |TAMS 0x0000000082700000| PB 0x0000000082700000| Untracked 
|  40|0x0000000082800000, 0x0000000082800000, 0x0000000082900000|  0%| F|  |TAMS 0x0000000082800000| PB 0x0000000082800000| Untracked 
|  41|0x0000000082900000, 0x0000000082a00000, 0x0000000082a00000|100%|HS|  |TAMS 0x0000000082900000| PB 0x0000000082900000| Complete 
|  42|0x0000000082a00000, 0x0000000082b00000, 0x0000000082b00000|100%|HC|  |TAMS 0x0000000082a00000| PB 0x0000000082a00000| Complete 
|  43|0x0000000082b00000, 0x0000000082c00000, 0x0000000082c00000|100%| O|  |TAMS 0x0000000082b00000| PB 0x0000000082b00000| Untracked 
|  44|0x0000000082c00000, 0x0000000082d00000, 0x0000000082d00000|100%| O|  |TAMS 0x0000000082c00000| PB 0x0000000082c00000| Untracked 
|  45|0x0000000082d00000, 0x0000000082e00000, 0x0000000082e00000|100%| O|  |TAMS 0x0000000082d00000| PB 0x0000000082d00000| Untracked 
|  46|0x0000000082e00000, 0x0000000082f00000, 0x0000000082f00000|100%| O|  |TAMS 0x0000000082e00000| PB 0x0000000082e00000| Untracked 
|  47|0x0000000082f00000, 0x0000000083000000, 0x0000000083000000|100%| O|  |TAMS 0x0000000082f00000| PB 0x0000000082f00000| Untracked 
|  48|0x0000000083000000, 0x0000000083100000, 0x0000000083100000|100%| O|  |TAMS 0x0000000083000000| PB 0x0000000083000000| Untracked 
|  49|0x0000000083100000, 0x0000000083200000, 0x0000000083200000|100%| O|  |TAMS 0x0000000083100000| PB 0x0000000083100000| Untracked 
|  50|0x0000000083200000, 0x0000000083300000, 0x0000000083300000|100%| O|  |TAMS 0x0000000083200000| PB 0x0000000083200000| Untracked 
|  51|0x0000000083300000, 0x0000000083400000, 0x0000000083400000|100%| O|  |TAMS 0x0000000083300000| PB 0x0000000083300000| Untracked 
|  52|0x0000000083400000, 0x0000000083500000, 0x0000000083500000|100%|HS|  |TAMS 0x0000000083400000| PB 0x0000000083400000| Complete 
|  53|0x0000000083500000, 0x0000000083600000, 0x0000000083600000|100%|HC|  |TAMS 0x0000000083500000| PB 0x0000000083500000| Complete 
|  54|0x0000000083600000, 0x0000000083700000, 0x0000000083700000|100%|HC|  |TAMS 0x0000000083600000| PB 0x0000000083600000| Complete 
|  55|0x0000000083700000, 0x0000000083800000, 0x0000000083800000|100%|HC|  |TAMS 0x0000000083700000| PB 0x0000000083700000| Complete 
|  56|0x0000000083800000, 0x0000000083900000, 0x0000000083900000|100%|HC|  |TAMS 0x0000000083800000| PB 0x0000000083800000| Complete 
|  57|0x0000000083900000, 0x0000000083a00000, 0x0000000083a00000|100%|HC|  |TAMS 0x0000000083900000| PB 0x0000000083900000| Complete 
|  58|0x0000000083a00000, 0x0000000083b00000, 0x0000000083b00000|100%|HS|  |TAMS 0x0000000083a00000| PB 0x0000000083a00000| Complete 
|  59|0x0000000083b00000, 0x0000000083c00000, 0x0000000083c00000|100%|HC|  |TAMS 0x0000000083b00000| PB 0x0000000083b00000| Complete 
|  60|0x0000000083c00000, 0x0000000083d00000, 0x0000000083d00000|100%|HC|  |TAMS 0x0000000083c00000| PB 0x0000000083c00000| Complete 
|  61|0x0000000083d00000, 0x0000000083e00000, 0x0000000083e00000|100%|HC|  |TAMS 0x0000000083d00000| PB 0x0000000083d00000| Complete 
|  62|0x0000000083e00000, 0x0000000083f00000, 0x0000000083f00000|100%|HC|  |TAMS 0x0000000083e00000| PB 0x0000000083e00000| Complete 
|  63|0x0000000083f00000, 0x0000000084000000, 0x0000000084000000|100%|HC|  |TAMS 0x0000000083f00000| PB 0x0000000083f00000| Complete 
|  64|0x0000000084000000, 0x0000000084100000, 0x0000000084100000|100%| O|  |TAMS 0x0000000084000000| PB 0x0000000084000000| Untracked 
|  65|0x0000000084100000, 0x000000008413f950, 0x0000000084200000| 24%| O|  |TAMS 0x0000000084100000| PB 0x0000000084100000| Untracked 
|  66|0x0000000084200000, 0x0000000084200000, 0x0000000084300000|  0%| F|  |TAMS 0x0000000084200000| PB 0x0000000084200000| Untracked 
|  67|0x0000000084300000, 0x0000000084300000, 0x0000000084400000|  0%| F|  |TAMS 0x0000000084300000| PB 0x0000000084300000| Untracked 
|  68|0x0000000084400000, 0x0000000084400000, 0x0000000084500000|  0%| F|  |TAMS 0x0000000084400000| PB 0x0000000084400000| Untracked 
|  69|0x0000000084500000, 0x0000000084500000, 0x0000000084600000|  0%| F|  |TAMS 0x0000000084500000| PB 0x0000000084500000| Untracked 
|  70|0x0000000084600000, 0x00000000846fc9e0, 0x0000000084700000| 98%| S|CS|TAMS 0x0000000084600000| PB 0x0000000084600000| Complete 
|  71|0x0000000084700000, 0x0000000084800000, 0x0000000084800000|100%| S|CS|TAMS 0x0000000084700000| PB 0x0000000084700000| Complete 
|  72|0x0000000084800000, 0x0000000084900000, 0x0000000084900000|100%| S|CS|TAMS 0x0000000084800000| PB 0x0000000084800000| Complete 
|  73|0x0000000084900000, 0x0000000084a00000, 0x0000000084a00000|100%| S|CS|TAMS 0x0000000084900000| PB 0x0000000084900000| Complete 
|  74|0x0000000084a00000, 0x0000000084b00000, 0x0000000084b00000|100%| S|CS|TAMS 0x0000000084a00000| PB 0x0000000084a00000| Complete 
|  75|0x0000000084b00000, 0x0000000084b00000, 0x0000000084c00000|  0%| F|  |TAMS 0x0000000084b00000| PB 0x0000000084b00000| Untracked 
|  76|0x0000000084c00000, 0x0000000084d00000, 0x0000000084d00000|100%| S|CS|TAMS 0x0000000084c00000| PB 0x0000000084c00000| Complete 
|  77|0x0000000084d00000, 0x0000000084d00000, 0x0000000084e00000|  0%| F|  |TAMS 0x0000000084d00000| PB 0x0000000084d00000| Untracked 
|  78|0x0000000084e00000, 0x0000000084e00000, 0x0000000084f00000|  0%| F|  |TAMS 0x0000000084e00000| PB 0x0000000084e00000| Untracked 
|  79|0x0000000084f00000, 0x0000000084f00000, 0x0000000085000000|  0%| F|  |TAMS 0x0000000084f00000| PB 0x0000000084f00000| Untracked 
|  80|0x0000000085000000, 0x0000000085000000, 0x0000000085100000|  0%| F|  |TAMS 0x0000000085000000| PB 0x0000000085000000| Untracked 
|  81|0x0000000085100000, 0x0000000085100000, 0x0000000085200000|  0%| F|  |TAMS 0x0000000085100000| PB 0x0000000085100000| Untracked 
|  82|0x0000000085200000, 0x0000000085200000, 0x0000000085300000|  0%| F|  |TAMS 0x0000000085200000| PB 0x0000000085200000| Untracked 
|  83|0x0000000085300000, 0x0000000085300000, 0x0000000085400000|  0%| F|  |TAMS 0x0000000085300000| PB 0x0000000085300000| Untracked 
|  84|0x0000000085400000, 0x0000000085400000, 0x0000000085500000|  0%| F|  |TAMS 0x0000000085400000| PB 0x0000000085400000| Untracked 
|  85|0x0000000085500000, 0x0000000085500000, 0x0000000085600000|  0%| F|  |TAMS 0x0000000085500000| PB 0x0000000085500000| Untracked 
|  86|0x0000000085600000, 0x0000000085600000, 0x0000000085700000|  0%| F|  |TAMS 0x0000000085600000| PB 0x0000000085600000| Untracked 
|  87|0x0000000085700000, 0x0000000085700000, 0x0000000085800000|  0%| F|  |TAMS 0x0000000085700000| PB 0x0000000085700000| Untracked 
|  88|0x0000000085800000, 0x0000000085800000, 0x0000000085900000|  0%| F|  |TAMS 0x0000000085800000| PB 0x0000000085800000| Untracked 
|  89|0x0000000085900000, 0x0000000085900000, 0x0000000085a00000|  0%| F|  |TAMS 0x0000000085900000| PB 0x0000000085900000| Untracked 
|  90|0x0000000085a00000, 0x0000000085a00000, 0x0000000085b00000|  0%| F|  |TAMS 0x0000000085a00000| PB 0x0000000085a00000| Untracked 
|  91|0x0000000085b00000, 0x0000000085b00000, 0x0000000085c00000|  0%| F|  |TAMS 0x0000000085b00000| PB 0x0000000085b00000| Untracked 
|  92|0x0000000085c00000, 0x0000000085c00000, 0x0000000085d00000|  0%| F|  |TAMS 0x0000000085c00000| PB 0x0000000085c00000| Untracked 
|  93|0x0000000085d00000, 0x0000000085d00000, 0x0000000085e00000|  0%| F|  |TAMS 0x0000000085d00000| PB 0x0000000085d00000| Untracked 
|  94|0x0000000085e00000, 0x0000000085e00000, 0x0000000085f00000|  0%| F|  |TAMS 0x0000000085e00000| PB 0x0000000085e00000| Untracked 
|  95|0x0000000085f00000, 0x0000000085f00000, 0x0000000086000000|  0%| F|  |TAMS 0x0000000085f00000| PB 0x0000000085f00000| Untracked 
|  96|0x0000000086000000, 0x0000000086000000, 0x0000000086100000|  0%| F|  |TAMS 0x0000000086000000| PB 0x0000000086000000| Untracked 
|  97|0x0000000086100000, 0x0000000086100000, 0x0000000086200000|  0%| F|  |TAMS 0x0000000086100000| PB 0x0000000086100000| Untracked 
|  98|0x0000000086200000, 0x0000000086200000, 0x0000000086300000|  0%| F|  |TAMS 0x0000000086200000| PB 0x0000000086200000| Untracked 
|  99|0x0000000086300000, 0x0000000086300000, 0x0000000086400000|  0%| F|  |TAMS 0x0000000086300000| PB 0x0000000086300000| Untracked 
| 100|0x0000000086400000, 0x0000000086400000, 0x0000000086500000|  0%| F|  |TAMS 0x0000000086400000| PB 0x0000000086400000| Untracked 
| 101|0x0000000086500000, 0x0000000086500000, 0x0000000086600000|  0%| F|  |TAMS 0x0000000086500000| PB 0x0000000086500000| Untracked 
| 102|0x0000000086600000, 0x0000000086600000, 0x0000000086700000|  0%| F|  |TAMS 0x0000000086600000| PB 0x0000000086600000| Untracked 
| 103|0x0000000086700000, 0x0000000086700000, 0x0000000086800000|  0%| F|  |TAMS 0x0000000086700000| PB 0x0000000086700000| Untracked 
| 104|0x0000000086800000, 0x0000000086800000, 0x0000000086900000|  0%| F|  |TAMS 0x0000000086800000| PB 0x0000000086800000| Untracked 
| 105|0x0000000086900000, 0x0000000086900000, 0x0000000086a00000|  0%| F|  |TAMS 0x0000000086900000| PB 0x0000000086900000| Untracked 
| 106|0x0000000086a00000, 0x0000000086a00000, 0x0000000086b00000|  0%| F|  |TAMS 0x0000000086a00000| PB 0x0000000086a00000| Untracked 
| 107|0x0000000086b00000, 0x0000000086b00000, 0x0000000086c00000|  0%| F|  |TAMS 0x0000000086b00000| PB 0x0000000086b00000| Untracked 
| 108|0x0000000086c00000, 0x0000000086c80800, 0x0000000086d00000| 50%| E|  |TAMS 0x0000000086c00000| PB 0x0000000086c00000| Complete 
| 109|0x0000000086d00000, 0x0000000086e00000, 0x0000000086e00000|100%| E|CS|TAMS 0x0000000086d00000| PB 0x0000000086d00000| Complete 
| 110|0x0000000086e00000, 0x0000000086f00000, 0x0000000086f00000|100%| E|CS|TAMS 0x0000000086e00000| PB 0x0000000086e00000| Complete 
| 111|0x0000000086f00000, 0x0000000087000000, 0x0000000087000000|100%| E|CS|TAMS 0x0000000086f00000| PB 0x0000000086f00000| Complete 
| 112|0x0000000087000000, 0x0000000087100000, 0x0000000087100000|100%| E|CS|TAMS 0x0000000087000000| PB 0x0000000087000000| Complete 
| 113|0x0000000087100000, 0x0000000087200000, 0x0000000087200000|100%| E|CS|TAMS 0x0000000087100000| PB 0x0000000087100000| Complete 
| 114|0x0000000087200000, 0x0000000087300000, 0x0000000087300000|100%| E|CS|TAMS 0x0000000087200000| PB 0x0000000087200000| Complete 
| 115|0x0000000087300000, 0x0000000087400000, 0x0000000087400000|100%| E|CS|TAMS 0x0000000087300000| PB 0x0000000087300000| Complete 
| 116|0x0000000087400000, 0x0000000087500000, 0x0000000087500000|100%| E|CS|TAMS 0x0000000087400000| PB 0x0000000087400000| Complete 
| 117|0x0000000087500000, 0x0000000087600000, 0x0000000087600000|100%| E|CS|TAMS 0x0000000087500000| PB 0x0000000087500000| Complete 
| 118|0x0000000087600000, 0x0000000087700000, 0x0000000087700000|100%| E|CS|TAMS 0x0000000087600000| PB 0x0000000087600000| Complete 
| 119|0x0000000087700000, 0x0000000087800000, 0x0000000087800000|100%| E|CS|TAMS 0x0000000087700000| PB 0x0000000087700000| Complete 
| 120|0x0000000087800000, 0x0000000087900000, 0x0000000087900000|100%| E|  |TAMS 0x0000000087800000| PB 0x0000000087800000| Complete 
|2035|0x00000000ff300000, 0x00000000ff400000, 0x00000000ff400000|100%| O|  |TAMS 0x00000000ff300000| PB 0x00000000ff300000| Untracked 
|2036|0x00000000ff400000, 0x00000000ff500000, 0x00000000ff500000|100%| O|  |TAMS 0x00000000ff400000| PB 0x00000000ff400000| Untracked 
|2037|0x00000000ff500000, 0x00000000ff600000, 0x00000000ff600000|100%| O|  |TAMS 0x00000000ff500000| PB 0x00000000ff500000| Untracked 
|2038|0x00000000ff600000, 0x00000000ff700000, 0x00000000ff700000|100%| O|  |TAMS 0x00000000ff600000| PB 0x00000000ff600000| Untracked 
|2039|0x00000000ff700000, 0x00000000ff800000, 0x00000000ff800000|100%| E|CS|TAMS 0x00000000ff700000| PB 0x00000000ff700000| Complete 
|2040|0x00000000ff800000, 0x00000000ff900000, 0x00000000ff900000|100%| O|  |TAMS 0x00000000ff800000| PB 0x00000000ff800000| Untracked 
|2041|0x00000000ff900000, 0x00000000ffa00000, 0x00000000ffa00000|100%| O|  |TAMS 0x00000000ff900000| PB 0x00000000ff900000| Untracked 
|2042|0x00000000ffa00000, 0x00000000ffb00000, 0x00000000ffb00000|100%| O|  |TAMS 0x00000000ffa00000| PB 0x00000000ffa00000| Untracked 
|2043|0x00000000ffb00000, 0x00000000ffc00000, 0x00000000ffc00000|100%| O|  |TAMS 0x00000000ffb00000| PB 0x00000000ffb00000| Untracked 
|2044|0x00000000ffc00000, 0x00000000ffd00000, 0x00000000ffd00000|100%| O|  |TAMS 0x00000000ffc00000| PB 0x00000000ffc00000| Untracked 
|2045|0x00000000ffd00000, 0x00000000ffe00000, 0x00000000ffe00000|100%| O|  |TAMS 0x00000000ffd00000| PB 0x00000000ffd00000| Untracked 
|2046|0x00000000ffe00000, 0x00000000fff00000, 0x00000000fff00000|100%| O|  |TAMS 0x00000000ffe00000| PB 0x00000000ffe00000| Untracked 
|2047|0x00000000fff00000, 0x0000000100000000, 0x0000000100000000|100%| O|  |TAMS 0x00000000fff00000| PB 0x00000000fff00000| Untracked 

Card table byte_map: [0x0000016366650000,0x0000016366a50000] _byte_map_base: 0x0000016366250000

Marking Bits: (CMBitMap*) 0x0000016353e23ac0
 Bits: [0x0000016366a50000, 0x0000016368a50000)

Polling page: 0x0000016351d80000

Metaspace:

Usage:
  Non-class:     66.88 MB used.
      Class:     10.61 MB used.
       Both:     77.49 MB used.

Virtual space:
  Non-class space:      128.00 MB reserved,      67.75 MB ( 53%) committed,  2 nodes.
      Class space:        1.00 GB reserved,      11.44 MB (  1%) committed,  1 nodes.
             Both:        1.12 GB reserved,      79.19 MB (  7%) committed. 

Chunk freelists:
   Non-Class:  12.02 MB
       Class:  4.51 MB
        Both:  16.52 MB

MaxMetaspaceSize: unlimited
CompressedClassSpaceSize: 1.00 GB
Initial GC threshold: 21.00 MB
Current GC threshold: 106.69 MB
CDS: off
 - commit_granule_bytes: 65536.
 - commit_granule_words: 8192.
 - virtual_space_node_default_size: 8388608.
 - enlarge_chunks_in_place: 1.
 - use_allocation_guard: 0.


Internal statistics:

num_allocs_failed_limit: 9.
num_arena_births: 3270.
num_arena_deaths: 0.
num_vsnodes_births: 3.
num_vsnodes_deaths: 0.
num_space_committed: 1267.
num_space_uncommitted: 0.
num_chunks_returned_to_freelist: 9.
num_chunks_taken_from_freelist: 6339.
num_chunk_merges: 9.
num_chunk_splits: 4120.
num_chunks_enlarged: 2533.
num_inconsistent_stats: 0.

CodeHeap 'non-profiled nmethods': size=120000Kb used=3482Kb max_used=3482Kb free=116517Kb
 bounds [0x000001635e9f0000, 0x000001635ed60000, 0x0000016365f20000]
CodeHeap 'profiled nmethods': size=120000Kb used=11831Kb max_used=11831Kb free=108168Kb
 bounds [0x0000016356f20000, 0x0000016357ab0000, 0x000001635e450000]
CodeHeap 'non-nmethods': size=5760Kb used=2817Kb max_used=2844Kb free=2942Kb
 bounds [0x000001635e450000, 0x000001635e730000, 0x000001635e9f0000]
 total_blobs=7101 nmethods=6163 adapters=840
 compilation: enabled
              stopped_count=0, restarted_count=0
 full_count=0

Compilation events (20 events):
Event: 12.550 Thread 0x000001636b781ef0 7029       3       org.gradle.internal.logging.progress.DefaultProgressLoggerFactory$ProgressLoggerImpl::ensureNotNull (11 bytes)
Event: 12.551 Thread 0x0000016370fe7040 nmethod 6989 0x000001635ed4c210 code [0x000001635ed4c940, 0x000001635ed51d80]
Event: 12.551 Thread 0x000001636b781ef0 nmethod 7029 0x0000016357a94e10 code [0x0000016357a94fc0, 0x0000016357a95120]
Event: 12.552 Thread 0x0000016370fe7040 7027   !   4       java.net.URLClassLoader::findClass (47 bytes)
Event: 12.558 Thread 0x000001636b781ef0 7030       3       java.lang.reflect.Proxy::isProxyClass (22 bytes)
Event: 12.560 Thread 0x000001636b781ef0 nmethod 7030 0x0000016357a95190 code [0x0000016357a95440, 0x0000016357a96330]
Event: 12.560 Thread 0x000001636b781ef0 7032       1       java.nio.DirectByteBuffer::base (2 bytes)
Event: 12.560 Thread 0x000001636b781ef0 nmethod 7032 0x000001635ed55510 code [0x000001635ed556a0, 0x000001635ed55770]
Event: 12.566 Thread 0x000001636b781ef0 7033       3       sun.nio.ch.FileChannelImpl::ensureOpen (16 bytes)
Event: 12.566 Thread 0x000001636b781ef0 nmethod 7033 0x0000016357a96810 code [0x0000016357a969e0, 0x0000016357a96ca8]
Event: 12.575 Thread 0x000001636b781ef0 7034       3       java.net.URI$Parser::scan (53 bytes)
Event: 12.575 Thread 0x000001636b781ef0 nmethod 7034 0x0000016357a96e10 code [0x0000016357a97060, 0x0000016357a978e8]
Event: 12.609 Thread 0x000001636b781ef0 7036 %     3       java.util.Properties$LineReader::readLine @ 224 (584 bytes)
Event: 12.614 Thread 0x000001636b781ef0 nmethod 7036% 0x0000016357a97d10 code [0x0000016357a98120, 0x0000016357a9afa8]
Event: 12.655 Thread 0x000001636b781ef0 7037       1       com.sun.org.apache.xerces.internal.utils.XMLSecurityManager$Limit::systemProperty (5 bytes)
Event: 12.655 Thread 0x000001636b781ef0 nmethod 7037 0x000001635ed55b10 code [0x000001635ed55ca0, 0x000001635ed55d68]
Event: 12.659 Thread 0x000001636b781ef0 7038       3       java.util.Arrays::fill (28 bytes)
Event: 12.660 Thread 0x000001636b781ef0 nmethod 7038 0x0000016357a9be10 code [0x0000016357a9bfc0, 0x0000016357a9c1d8]
Event: 12.661 Thread 0x000001636b781ef0 7039       1       com.sun.org.apache.xerces.internal.util.Status::isExceptional (5 bytes)
Event: 12.661 Thread 0x000001636b781ef0 nmethod 7039 0x000001635ed55e10 code [0x000001635ed55fa0, 0x000001635ed56070]

GC Heap History (20 events):
Event: 6.078 GC heap before
{Heap before GC invocations=9 (full 0):
 garbage-first heap   total 92160K, used 75835K [0x0000000080000000, 0x0000000100000000)
  region size 1024K, 32 young (32768K), 2 survivors (2048K)
 Metaspace       used 43556K, committed 44864K, reserved 1114112K
  class space    used 6128K, committed 6784K, reserved 1048576K
}
Event: 6.082 GC heap after
{Heap after GC invocations=10 (full 0):
 garbage-first heap   total 92160K, used 46619K [0x0000000080000000, 0x0000000100000000)
  region size 1024K, 4 young (4096K), 4 survivors (4096K)
 Metaspace       used 43556K, committed 44864K, reserved 1114112K
  class space    used 6128K, committed 6784K, reserved 1048576K
}
Event: 6.612 GC heap before
{Heap before GC invocations=10 (full 0):
 garbage-first heap   total 92160K, used 77339K [0x0000000080000000, 0x0000000100000000)
  region size 1024K, 35 young (35840K), 4 survivors (4096K)
 Metaspace       used 48918K, committed 50176K, reserved 1114112K
  class space    used 6673K, committed 7296K, reserved 1048576K
}
Event: 6.617 GC heap after
{Heap after GC invocations=11 (full 0):
 garbage-first heap   total 92160K, used 50648K [0x0000000080000000, 0x0000000100000000)
  region size 1024K, 5 young (5120K), 5 survivors (5120K)
 Metaspace       used 48918K, committed 50176K, reserved 1114112K
  class space    used 6673K, committed 7296K, reserved 1048576K
}
Event: 7.018 GC heap before
{Heap before GC invocations=12 (full 0):
 garbage-first heap   total 96256K, used 83416K [0x0000000080000000, 0x0000000100000000)
  region size 1024K, 33 young (33792K), 5 survivors (5120K)
 Metaspace       used 51508K, committed 52864K, reserved 1114112K
  class space    used 6941K, committed 7616K, reserved 1048576K
}
Event: 7.025 GC heap after
{Heap after GC invocations=13 (full 0):
 garbage-first heap   total 96256K, used 54301K [0x0000000080000000, 0x0000000100000000)
  region size 1024K, 4 young (4096K), 4 survivors (4096K)
 Metaspace       used 51508K, committed 52864K, reserved 1114112K
  class space    used 6941K, committed 7616K, reserved 1048576K
}
Event: 7.541 GC heap before
{Heap before GC invocations=13 (full 0):
 garbage-first heap   total 96256K, used 83997K [0x0000000080000000, 0x0000000100000000)
  region size 1024K, 33 young (33792K), 4 survivors (4096K)
 Metaspace       used 55135K, committed 56704K, reserved 1114112K
  class space    used 7561K, committed 8320K, reserved 1048576K
}
Event: 7.545 GC heap after
{Heap after GC invocations=14 (full 0):
 garbage-first heap   total 96256K, used 55719K [0x0000000080000000, 0x0000000100000000)
  region size 1024K, 2 young (2048K), 2 survivors (2048K)
 Metaspace       used 55135K, committed 56704K, reserved 1114112K
  class space    used 7561K, committed 8320K, reserved 1048576K
}
Event: 7.732 GC heap before
{Heap before GC invocations=14 (full 0):
 garbage-first heap   total 96256K, used 61863K [0x0000000080000000, 0x0000000100000000)
  region size 1024K, 10 young (10240K), 2 survivors (2048K)
 Metaspace       used 55745K, committed 57216K, reserved 1114112K
  class space    used 7672K, committed 8384K, reserved 1048576K
}
Event: 7.735 GC heap after
{Heap after GC invocations=15 (full 0):
 garbage-first heap   total 96256K, used 57062K [0x0000000080000000, 0x0000000100000000)
  region size 1024K, 3 young (3072K), 3 survivors (3072K)
 Metaspace       used 55745K, committed 57216K, reserved 1114112K
  class space    used 7672K, committed 8384K, reserved 1048576K
}
Event: 8.244 GC heap before
{Heap before GC invocations=16 (full 0):
 garbage-first heap   total 102400K, used 101094K [0x0000000080000000, 0x0000000100000000)
  region size 1024K, 31 young (31744K), 3 survivors (3072K)
 Metaspace       used 57891K, committed 59456K, reserved 1114112K
  class space    used 7813K, committed 8576K, reserved 1048576K
}
Event: 8.252 GC heap after
{Heap after GC invocations=17 (full 0):
 garbage-first heap   total 110592K, used 76660K [0x0000000080000000, 0x0000000100000000)
  region size 1024K, 4 young (4096K), 4 survivors (4096K)
 Metaspace       used 57891K, committed 59456K, reserved 1114112K
  class space    used 7813K, committed 8576K, reserved 1048576K
}
Event: 8.395 GC heap before
{Heap before GC invocations=17 (full 0):
 garbage-first heap   total 110592K, used 100212K [0x0000000080000000, 0x0000000100000000)
  region size 1024K, 27 young (27648K), 4 survivors (4096K)
 Metaspace       used 58462K, committed 60032K, reserved 1114112K
  class space    used 7911K, committed 8640K, reserved 1048576K
}
Event: 8.400 GC heap after
{Heap after GC invocations=18 (full 0):
 garbage-first heap   total 133120K, used 76330K [0x0000000080000000, 0x0000000100000000)
  region size 1024K, 1 young (1024K), 1 survivors (1024K)
 Metaspace       used 58462K, committed 60032K, reserved 1114112K
  class space    used 7911K, committed 8640K, reserved 1048576K
}
Event: 9.124 GC heap before
{Heap before GC invocations=18 (full 0):
 garbage-first heap   total 133120K, used 116266K [0x0000000080000000, 0x0000000100000000)
  region size 1024K, 40 young (40960K), 1 survivors (1024K)
 Metaspace       used 63719K, committed 65344K, reserved 1114112K
  class space    used 8673K, committed 9472K, reserved 1048576K
}
Event: 9.127 GC heap after
{Heap after GC invocations=19 (full 0):
 garbage-first heap   total 133120K, used 78242K [0x0000000080000000, 0x0000000100000000)
  region size 1024K, 3 young (3072K), 3 survivors (3072K)
 Metaspace       used 63719K, committed 65344K, reserved 1114112K
  class space    used 8673K, committed 9472K, reserved 1048576K
}
Event: 9.847 GC heap before
{Heap before GC invocations=20 (full 0):
 garbage-first heap   total 137216K, used 118178K [0x0000000080000000, 0x0000000100000000)
  region size 1024K, 42 young (43008K), 3 survivors (3072K)
 Metaspace       used 68567K, committed 70336K, reserved 1114112K
  class space    used 9439K, committed 10304K, reserved 1048576K
}
Event: 9.852 GC heap after
{Heap after GC invocations=21 (full 0):
 garbage-first heap   total 137216K, used 80838K [0x0000000080000000, 0x0000000100000000)
  region size 1024K, 5 young (5120K), 5 survivors (5120K)
 Metaspace       used 68567K, committed 70336K, reserved 1114112K
  class space    used 9439K, committed 10304K, reserved 1048576K
}
Event: 10.672 GC heap before
{Heap before GC invocations=21 (full 0):
 garbage-first heap   total 137216K, used 122822K [0x0000000080000000, 0x0000000100000000)
  region size 1024K, 46 young (47104K), 5 survivors (5120K)
 Metaspace       used 74873K, committed 76736K, reserved 1179648K
  class space    used 10304K, committed 11200K, reserved 1048576K
}
Event: 10.682 GC heap after
{Heap after GC invocations=22 (full 0):
 garbage-first heap   total 137216K, used 83184K [0x0000000080000000, 0x0000000100000000)
  region size 1024K, 6 young (6144K), 6 survivors (6144K)
 Metaspace       used 74873K, committed 76736K, reserved 1179648K
  class space    used 10304K, committed 11200K, reserved 1048576K
}

Dll operation events (3 events):
Event: 0.012 Loaded shared library C:\Program Files\Android\Android Studio\jbr\bin\java.dll
Event: 0.020 Loaded shared library C:\Program Files\Android\Android Studio\jbr\bin\zip.dll
Event: 0.735 Loaded shared library C:\Program Files\Android\Android Studio\jbr\bin\verify.dll

Deoptimization events (20 events):
Event: 12.557 Thread 0x000001637285c3e0 DEOPT PACKING pc=0x00000163571ebf46 sp=0x000000349f4fe2b0
Event: 12.557 Thread 0x000001637285c3e0 DEOPT UNPACKING pc=0x000001635e4a4e42 sp=0x000000349f4fd820 mode 0
Event: 12.609 Thread 0x0000016371bf13b0 DEOPT PACKING pc=0x00000163576435ca sp=0x000000349ddf5100
Event: 12.609 Thread 0x0000016371bf13b0 DEOPT UNPACKING pc=0x000001635e4a4e42 sp=0x000000349ddf45e0 mode 0
Event: 12.609 Thread 0x0000016371bf13b0 Uncommon trap: trap_request=0xffffff45 fr.pc=0x000001635ea280c4 relative=0x0000000000000de4
Event: 12.609 Thread 0x0000016371bf13b0 Uncommon trap: reason=unstable_if action=reinterpret pc=0x000001635ea280c4 method=java.util.Properties$LineReader.readLine()I @ 249 c2
Event: 12.609 Thread 0x0000016371bf13b0 DEOPT PACKING pc=0x000001635ea280c4 sp=0x000000349ddf5140
Event: 12.609 Thread 0x0000016371bf13b0 DEOPT UNPACKING pc=0x000001635e4a46a2 sp=0x000000349ddf50f0 mode 2
Event: 12.617 Thread 0x0000016371bf13b0 Uncommon trap: trap_request=0xffffffde fr.pc=0x000001635eba928c relative=0x000000000000046c
Event: 12.617 Thread 0x0000016371bf13b0 Uncommon trap: reason=class_check action=maybe_recompile pc=0x000001635eba928c method=com.google.common.io.CountingInputStream.read([BII)I @ 7 c2
Event: 12.617 Thread 0x0000016371bf13b0 DEOPT PACKING pc=0x000001635eba928c sp=0x000000349ddf5740
Event: 12.617 Thread 0x0000016371bf13b0 DEOPT UNPACKING pc=0x000001635e4a46a2 sp=0x000000349ddf56e0 mode 2
Event: 12.618 Thread 0x0000016371bf13b0 Uncommon trap: trap_request=0xffffffde fr.pc=0x000001635ed19fa0 relative=0x00000000000003a0
Event: 12.618 Thread 0x0000016371bf13b0 Uncommon trap: reason=class_check action=maybe_recompile pc=0x000001635ed19fa0 method=java.io.BufferedReader.readLine(Z[Z)Ljava/lang/String; @ 6 c2
Event: 12.618 Thread 0x0000016371bf13b0 DEOPT PACKING pc=0x000001635ed19fa0 sp=0x000000349ddf5880
Event: 12.618 Thread 0x0000016371bf13b0 DEOPT UNPACKING pc=0x000001635e4a46a2 sp=0x000000349ddf5838 mode 2
Event: 12.618 Thread 0x0000016371bf13b0 Uncommon trap: trap_request=0xffffff45 fr.pc=0x000001635ed1873c relative=0x000000000000141c
Event: 12.618 Thread 0x0000016371bf13b0 Uncommon trap: reason=unstable_if action=reinterpret pc=0x000001635ed1873c method=java.io.BufferedReader.implReadLine(Z[Z)Ljava/lang/String; @ 25 c2
Event: 12.618 Thread 0x0000016371bf13b0 DEOPT PACKING pc=0x000001635ed1873c sp=0x000000349ddf57a0
Event: 12.618 Thread 0x0000016371bf13b0 DEOPT UNPACKING pc=0x000001635e4a46a2 sp=0x000000349ddf5778 mode 2

Classes loaded (20 events):
Event: 12.664 Loading class com/sun/org/apache/xerces/internal/dom/NodeImpl done
Event: 12.664 Loading class com/sun/org/apache/xerces/internal/dom/ChildNode done
Event: 12.664 Loading class com/sun/org/apache/xerces/internal/dom/ParentNode done
Event: 12.664 Loading class com/sun/org/apache/xerces/internal/dom/CoreDocumentImpl done
Event: 12.664 Loading class com/sun/org/apache/xerces/internal/dom/DocumentImpl done
Event: 12.664 Loading class com/sun/org/apache/xerces/internal/dom/DeferredDocumentImpl done
Event: 12.664 Loading class com/sun/org/apache/xerces/internal/dom/DocumentTypeImpl
Event: 12.665 Loading class org/w3c/dom/DocumentType
Event: 12.665 Loading class org/w3c/dom/DocumentType done
Event: 12.665 Loading class com/sun/org/apache/xerces/internal/dom/DocumentTypeImpl done
Event: 12.665 Loading class com/sun/org/apache/xerces/internal/dom/ElementImpl
Event: 12.665 Loading class org/w3c/dom/ElementTraversal
Event: 12.665 Loading class org/w3c/dom/ElementTraversal done
Event: 12.665 Loading class com/sun/org/apache/xerces/internal/dom/ElementImpl done
Event: 12.665 Loading class com/sun/org/apache/xerces/internal/dom/NodeListCache
Event: 12.665 Loading class com/sun/org/apache/xerces/internal/dom/NodeListCache done
Event: 12.666 Loading class com/sun/org/apache/xerces/internal/dom/DeferredDocumentImpl$RefCount
Event: 12.666 Loading class com/sun/org/apache/xerces/internal/dom/DeferredDocumentImpl$RefCount done
Event: 12.666 Loading class com/sun/org/apache/xerces/internal/impl/XMLScanner$NameType
Event: 12.666 Loading class com/sun/org/apache/xerces/internal/impl/XMLScanner$NameType done

Classes unloaded (0 events):
No events

Classes redefined (0 events):
No events

Internal exceptions (20 events):
Event: 10.045 Thread 0x0000016371bf13b0 Exception <a 'java/lang/NoSuchMethodError'{0x0000000086e143f8}: 'java.lang.Object java.lang.invoke.DirectMethodHandle$Holder.invokeSpecial(java.lang.Object, java.lang.Object, java.lang.Object, java.lang.Object, java.lang.Object, java.lang.Object, java.lang.Object, java.lang.Object, java.lang.Object, java.lang.Object, java.lang.Object, java.lang.Object, java.lang.Object, java.lang.Object, java.lang.Object, java.lang.Object, java.lang.Object, java.lang.Object)'> (0x0000000086e143f8) 
thrown [s\src\hotspot\sh
Event: 10.045 Thread 0x0000016371bf13b0 Exception <a 'java/lang/NoSuchMethodError'{0x0000000086e19bf0}: 'java.lang.Object java.lang.invoke.DelegatingMethodHandle$Holder.reinvoke_L(java.lang.Object, java.lang.Object, java.lang.Object, java.lang.Object, java.lang.Object, java.lang.Object, java.lang.Object, java.lang.Object, java.lang.Object, java.lang.Object, java.lang.Object, java.lang.Object, java.lang.Object, java.lang.Object, java.lang.Object, java.lang.Object, java.lang.Object)'> (0x0000000086e19bf0) 
thrown [s\src\hotspot\share\interpreter\l
Event: 10.052 Thread 0x0000016371bf13b0 Exception <a 'java/lang/NoSuchMethodError'{0x0000000086ea6320}: 'void java.lang.invoke.DirectMethodHandle$Holder.invokeStatic(java.lang.Object, java.lang.Object, java.lang.Object, java.lang.Object, java.lang.Object, java.lang.Object)'> (0x0000000086ea6320) 
thrown [s\src\hotspot\share\interpreter\linkResolver.cpp, line 784]
Event: 10.150 Thread 0x0000016371bf13b0 Exception <a 'java/lang/NoSuchMethodError'{0x0000000086bff940}: static Lorg/gradle/api/internal/catalog/DefaultVersionCatalog;.<clinit>()V> (0x0000000086bff940) 
thrown [s\src\hotspot\share\prims\jni.cpp, line 1126]
Event: 10.158 Thread 0x0000016371bf13b0 Exception <a 'java/lang/NoSuchMethodError'{0x0000000086a534a0}: static [Ljava/lang/Object;.<clinit>()V> (0x0000000086a534a0) 
thrown [s\src\hotspot\share\prims\jni.cpp, line 1126]
Event: 10.159 Thread 0x0000016371bf13b0 Exception <a 'java/lang/NoSuchMethodError'{0x0000000086a7bf60}: static Lorg/gradle/api/internal/catalog/DependencyModel;.<clinit>()V> (0x0000000086a7bf60) 
thrown [s\src\hotspot\share\prims\jni.cpp, line 1126]
Event: 10.160 Thread 0x0000016371bf13b0 Exception <a 'java/lang/NoSuchMethodError'{0x0000000086a7fbe0}: static Lorg/gradle/api/internal/catalog/AbstractContextAwareModel;.<clinit>()V> (0x0000000086a7fbe0) 
thrown [s\src\hotspot\share\prims\jni.cpp, line 1126]
Event: 10.161 Thread 0x0000016371bf13b0 Exception <a 'java/lang/NoSuchMethodError'{0x0000000086a99680}: static Lorg/gradle/api/internal/artifacts/dependencies/AbstractVersionConstraint;.<clinit>()V> (0x0000000086a99680) 
thrown [s\src\hotspot\share\prims\jni.cpp, line 1126]
Event: 10.166 Thread 0x0000016371bf13b0 Exception <a 'java/lang/NoSuchMethodError'{0x0000000086aebb58}: static Lorg/gradle/api/internal/catalog/PluginModel;.<clinit>()V> (0x0000000086aebb58) 
thrown [s\src\hotspot\share\prims\jni.cpp, line 1126]
Event: 10.167 Thread 0x0000016371bf13b0 Exception <a 'java/lang/NoSuchMethodError'{0x0000000086903228}: static Lorg/gradle/api/internal/catalog/VersionModel;.<clinit>()V> (0x0000000086903228) 
thrown [s\src\hotspot\share\prims\jni.cpp, line 1126]
Event: 10.285 Thread 0x0000016371bef970 Exception <a 'java/lang/NoSuchMethodError'{0x00000000864897f8}: static Lorg/gradle/internal/build/event/types/DefaultFileDownloadDescriptor;.<clinit>()V> (0x00000000864897f8) 
thrown [s\src\hotspot\share\prims\jni.cpp, line 1126]
Event: 10.349 Thread 0x0000016371bf13b0 Exception <a 'sun/nio/fs/WindowsException'{0x0000000086235618}> (0x0000000086235618) 
thrown [s\src\hotspot\share\prims\jni.cpp, line 535]
Event: 10.414 Thread 0x0000016371bf13b0 Exception <a 'java/lang/NoSuchMethodError'{0x0000000085f18228}: 'void java.lang.invoke.DirectMethodHandle$Holder.invokeVirtual(java.lang.Object, java.lang.Object)'> (0x0000000085f18228) 
thrown [s\src\hotspot\share\interpreter\linkResolver.cpp, line 784]
Event: 12.548 Thread 0x0000016371bef970 Exception <a 'java/lang/NoSuchMethodError'{0x0000000087189fc8}: static Lorg/gradle/internal/build/event/types/DefaultStatusEvent;.<clinit>()V> (0x0000000087189fc8) 
thrown [s\src\hotspot\share\prims\jni.cpp, line 1126]
Event: 12.555 Thread 0x0000016371bef970 Exception <a 'java/lang/NoSuchMethodError'{0x0000000087013be0}: static Lorg/gradle/internal/build/event/types/DefaultOperationFinishedProgressEvent;.<clinit>()V> (0x0000000087013be0) 
thrown [s\src\hotspot\share\prims\jni.cpp, line 1126]
Event: 12.559 Thread 0x0000016371bef970 Exception <a 'java/lang/NoSuchMethodError'{0x000000008706d1d8}: static Lorg/gradle/internal/build/event/types/DefaultFileDownloadSuccessResult;.<clinit>()V> (0x000000008706d1d8) 
thrown [s\src\hotspot\share\prims\jni.cpp, line 1126]
Event: 12.559 Thread 0x0000016371bef970 Exception <a 'java/lang/NoSuchMethodError'{0x000000008706e230}: static Lorg/gradle/internal/build/event/types/DefaultSuccessResult;.<clinit>()V> (0x000000008706e230) 
thrown [s\src\hotspot\share\prims\jni.cpp, line 1126]
Event: 12.559 Thread 0x0000016371bef970 Exception <a 'java/lang/NoSuchMethodError'{0x000000008706f0f8}: static Lorg/gradle/internal/build/event/types/AbstractOperationResult;.<clinit>()V> (0x000000008706f0f8) 
thrown [s\src\hotspot\share\prims\jni.cpp, line 1126]
Event: 12.560 Thread 0x0000016371bef970 Exception <a 'java/lang/NoSuchMethodError'{0x0000000087070520}: static Lorg/gradle/internal/build/event/types/AbstractResult;.<clinit>()V> (0x0000000087070520) 
thrown [s\src\hotspot\share\prims\jni.cpp, line 1126]
Event: 12.600 Thread 0x0000016371bf13b0 Exception <a 'java/lang/NoSuchMethodError'{0x0000000086f9c978}: 'int java.lang.invoke.DirectMethodHandle$Holder.invokeSpecial(java.lang.Object, java.lang.Object, int)'> (0x0000000086f9c978) 
thrown [s\src\hotspot\share\interpreter\linkResolver.cpp, line 784]

ZGC Phase Switch (0 events):
No events

VM Operations (20 events):
Event: 10.408 Executing VM operation: HandshakeAllThreads (Deoptimize)
Event: 10.408 Executing VM operation: HandshakeAllThreads (Deoptimize) done
Event: 10.479 Executing VM operation: HandshakeAllThreads (Deoptimize)
Event: 10.479 Executing VM operation: HandshakeAllThreads (Deoptimize) done
Event: 10.569 Executing VM operation: HandshakeAllThreads (Deoptimize)
Event: 10.569 Executing VM operation: HandshakeAllThreads (Deoptimize) done
Event: 10.672 Executing VM operation: G1CollectForAllocation (G1 Evacuation Pause)
Event: 10.682 Executing VM operation: G1CollectForAllocation (G1 Evacuation Pause) done
Event: 10.688 Executing VM operation: HandshakeAllThreads (Deoptimize)
Event: 10.688 Executing VM operation: HandshakeAllThreads (Deoptimize) done
Event: 11.700 Executing VM operation: Cleanup
Event: 11.700 Executing VM operation: Cleanup done
Event: 12.560 Executing VM operation: HandshakeAllThreads (Deoptimize)
Event: 12.560 Executing VM operation: HandshakeAllThreads (Deoptimize) done
Event: 12.569 Executing VM operation: HandshakeAllThreads (Deoptimize)
Event: 12.569 Executing VM operation: HandshakeAllThreads (Deoptimize) done
Event: 12.618 Executing VM operation: HandshakeAllThreads (Deoptimize)
Event: 12.618 Executing VM operation: HandshakeAllThreads (Deoptimize) done
Event: 12.636 Executing VM operation: HandshakeAllThreads (Deoptimize)
Event: 12.636 Executing VM operation: HandshakeAllThreads (Deoptimize) done

Events (20 events):
Event: 9.169 Thread 0x000001636b492330 flushing nmethod 0x0000016356f3eb90
Event: 9.169 Thread 0x000001636b492330 flushing nmethod 0x000001635ebc8790
Event: 9.169 Thread 0x000001636b492330 flushing nmethod 0x0000016356f21110
Event: 9.169 Thread 0x000001636b492330 flushing nmethod 0x000001635ebe1d10
Event: 9.169 Thread 0x000001636b492330 flushing nmethod 0x000001635ebdfe10
Event: 9.169 Thread 0x000001636b492330 flushing nmethod 0x000001635ebb6390
Event: 9.169 Thread 0x000001636b492330 flushing nmethod 0x000001635eb73a10
Event: 9.169 Thread 0x000001636b492330 flushing nmethod 0x000001635eb40e10
Event: 9.169 Thread 0x000001636b492330 flushing nmethod 0x000001635eb43d90
Event: 9.169 Thread 0x000001636b492330 flushing nmethod 0x000001635eb43310
Event: 9.169 Thread 0x000001636b492330 flushing nmethod 0x000001635eae0d10
Event: 9.169 Thread 0x000001636b492330 flushing nmethod 0x000001635eb04d10
Event: 9.169 Thread 0x000001636b492330 flushing nmethod 0x000001635ead6b10
Event: 9.169 Thread 0x000001636b492330 flushing nmethod 0x000001635ea58990
Event: 9.169 Thread 0x000001636b492330 flushing nmethod 0x000001635eab3b10
Event: 9.169 Thread 0x000001636b492330 flushing nmethod 0x000001635eab2a10
Event: 9.661 Thread 0x0000016370fe7040 Thread exited: 0x0000016370fe7040
Event: 9.978 Thread 0x0000016370fe84b0 Thread added: 0x0000016370fe84b0
Event: 11.253 Thread 0x0000016370fe84b0 Thread exited: 0x0000016370fe84b0
Event: 12.087 Thread 0x0000016370fe7040 Thread added: 0x0000016370fe7040


Dynamic libraries:
0x00007ff7828c0000 - 0x00007ff7828ca000 	C:\Program Files\Android\Android Studio\jbr\bin\java.exe
0x00007ffe4b8d0000 - 0x00007ffe4bac8000 	C:\WINDOWS\SYSTEM32\ntdll.dll
0x00007ffe4ae60000 - 0x00007ffe4af22000 	C:\WINDOWS\System32\KERNEL32.DLL
0x00007ffe48ff0000 - 0x00007ffe492ee000 	C:\WINDOWS\System32\KERNELBASE.dll
0x00007ffe49720000 - 0x00007ffe49820000 	C:\WINDOWS\System32\ucrtbase.dll
0x00007ffe2c510000 - 0x00007ffe2c528000 	C:\Program Files\Android\Android Studio\jbr\bin\jli.dll
0x00007ffe308a0000 - 0x00007ffe308bb000 	C:\Program Files\Android\Android Studio\jbr\bin\VCRUNTIME140.dll
0x00007ffe4a190000 - 0x00007ffe4a32d000 	C:\WINDOWS\System32\USER32.dll
0x00007ffe48f70000 - 0x00007ffe48f92000 	C:\WINDOWS\System32\win32u.dll
0x00007ffe33b40000 - 0x00007ffe33dda000 	C:\WINDOWS\WinSxS\amd64_microsoft.windows.common-controls_6595b64144ccf1df_6.0.19041.4355_none_60b8b9eb71f62e16\COMCTL32.dll
0x00007ffe4a330000 - 0x00007ffe4a35b000 	C:\WINDOWS\System32\GDI32.dll
0x00007ffe49ea0000 - 0x00007ffe49f3e000 	C:\WINDOWS\System32\msvcrt.dll
0x00007ffe49600000 - 0x00007ffe49717000 	C:\WINDOWS\System32\gdi32full.dll
0x00007ffe49820000 - 0x00007ffe498bd000 	C:\WINDOWS\System32\msvcp_win.dll
0x00007ffe4a150000 - 0x00007ffe4a17f000 	C:\WINDOWS\System32\IMM32.DLL
0x00007ffe465c0000 - 0x00007ffe465cc000 	C:\Program Files\Android\Android Studio\jbr\bin\vcruntime140_1.dll
0x00007ffe26410000 - 0x00007ffe2649d000 	C:\Program Files\Android\Android Studio\jbr\bin\msvcp140.dll
0x00007ffde3240000 - 0x00007ffde3ebd000 	C:\Program Files\Android\Android Studio\jbr\bin\server\jvm.dll
0x00007ffe4a560000 - 0x00007ffe4a612000 	C:\WINDOWS\System32\ADVAPI32.dll
0x00007ffe49a40000 - 0x00007ffe49ae0000 	C:\WINDOWS\System32\sechost.dll
0x00007ffe49d70000 - 0x00007ffe49e93000 	C:\WINDOWS\System32\RPCRT4.dll
0x00007ffe498c0000 - 0x00007ffe498e7000 	C:\WINDOWS\System32\bcrypt.dll
0x00007ffe4ad90000 - 0x00007ffe4adfb000 	C:\WINDOWS\System32\WS2_32.dll
0x00007ffe48dd0000 - 0x00007ffe48e1b000 	C:\WINDOWS\SYSTEM32\POWRPROF.dll
0x00007ffe3d880000 - 0x00007ffe3d8a7000 	C:\WINDOWS\SYSTEM32\WINMM.dll
0x00007ffe3d8b0000 - 0x00007ffe3d8ba000 	C:\WINDOWS\SYSTEM32\VERSION.dll
0x00007ffe48db0000 - 0x00007ffe48dc2000 	C:\WINDOWS\SYSTEM32\UMPDC.dll
0x00007ffe46df0000 - 0x00007ffe46e02000 	C:\WINDOWS\SYSTEM32\kernel.appcore.dll
0x00007ffe42e40000 - 0x00007ffe42e4a000 	C:\Program Files\Android\Android Studio\jbr\bin\jimage.dll
0x00007ffe40930000 - 0x00007ffe40b14000 	C:\WINDOWS\SYSTEM32\DBGHELP.DLL
0x00007ffe39a40000 - 0x00007ffe39a74000 	C:\WINDOWS\SYSTEM32\dbgcore.DLL
0x00007ffe493a0000 - 0x00007ffe49422000 	C:\WINDOWS\System32\bcryptPrimitives.dll
0x00007ffe365b0000 - 0x00007ffe365be000 	C:\Program Files\Android\Android Studio\jbr\bin\instrument.dll
0x00007ffe2b890000 - 0x00007ffe2b8af000 	C:\Program Files\Android\Android Studio\jbr\bin\java.dll
0x00007ffe29c00000 - 0x00007ffe29c18000 	C:\Program Files\Android\Android Studio\jbr\bin\zip.dll
0x00007ffe4a620000 - 0x00007ffe4ad8f000 	C:\WINDOWS\System32\SHELL32.dll
0x00007ffe46ff0000 - 0x00007ffe47794000 	C:\WINDOWS\SYSTEM32\windows.storage.dll
0x00007ffe4b060000 - 0x00007ffe4b3b3000 	C:\WINDOWS\System32\combase.dll
0x00007ffe488d0000 - 0x00007ffe488fe000 	C:\WINDOWS\SYSTEM32\Wldp.dll
0x00007ffe4af90000 - 0x00007ffe4b05d000 	C:\WINDOWS\System32\OLEAUT32.dll
0x00007ffe49cc0000 - 0x00007ffe49d6d000 	C:\WINDOWS\System32\SHCORE.dll
0x00007ffe4a0f0000 - 0x00007ffe4a145000 	C:\WINDOWS\System32\shlwapi.dll
0x00007ffe48ea0000 - 0x00007ffe48ec4000 	C:\WINDOWS\SYSTEM32\profapi.dll
0x00007ffe401d0000 - 0x00007ffe401e0000 	C:\Program Files\Android\Android Studio\jbr\bin\net.dll
0x00007ffe3f3c0000 - 0x00007ffe3f4cd000 	C:\WINDOWS\SYSTEM32\WINHTTP.dll
0x00007ffe48630000 - 0x00007ffe4869a000 	C:\WINDOWS\system32\mswsock.dll
0x00007ffe308c0000 - 0x00007ffe308d6000 	C:\Program Files\Android\Android Studio\jbr\bin\nio.dll
0x00007ffe30af0000 - 0x00007ffe30b00000 	C:\Program Files\Android\Android Studio\jbr\bin\verify.dll
0x00007ffe24300000 - 0x00007ffe24327000 	C:\Users\dbulb\.gradle\native\c067742578af261105cb4f569cf0c3c89f3d7b1fecec35dd04571415982c5e48\windows-amd64\native-platform.dll
0x00007ffe262c0000 - 0x00007ffe26404000 	C:\Users\dbulb\.gradle\native\100fb08df4bc3b14c8652ba06237920a3bd2aa13389f12d3474272988ae205f9\windows-amd64\native-platform-file-events.dll
0x00007ffe364e0000 - 0x00007ffe364e9000 	C:\Program Files\Android\Android Studio\jbr\bin\management.dll
0x00007ffe361f0000 - 0x00007ffe361fb000 	C:\Program Files\Android\Android Studio\jbr\bin\management_ext.dll
0x00007ffe49980000 - 0x00007ffe49988000 	C:\WINDOWS\System32\PSAPI.DLL
0x00007ffe48830000 - 0x00007ffe48848000 	C:\WINDOWS\SYSTEM32\CRYPTSP.dll
0x00007ffe47f50000 - 0x00007ffe47f84000 	C:\WINDOWS\system32\rsaenh.dll
0x00007ffe48e60000 - 0x00007ffe48e8e000 	C:\WINDOWS\SYSTEM32\USERENV.dll
0x00007ffe48820000 - 0x00007ffe4882c000 	C:\WINDOWS\SYSTEM32\CRYPTBASE.dll
0x00007ffe48310000 - 0x00007ffe4834b000 	C:\WINDOWS\SYSTEM32\IPHLPAPI.DLL
0x00007ffe49ae0000 - 0x00007ffe49ae8000 	C:\WINDOWS\System32\NSI.dll
0x00007ffe40020000 - 0x00007ffe40029000 	C:\Program Files\Android\Android Studio\jbr\bin\extnet.dll
0x00007ffe24c00000 - 0x00007ffe24c07000 	C:\WINDOWS\system32\wshunix.dll
0x00007ffe48350000 - 0x00007ffe4841a000 	C:\WINDOWS\SYSTEM32\DNSAPI.dll
0x00007ffe3e450000 - 0x00007ffe3e45a000 	C:\Windows\System32\rasadhlp.dll
0x00007ffe3d800000 - 0x00007ffe3d880000 	C:\WINDOWS\System32\fwpuclnt.dll

dbghelp: loaded successfully - version: 4.0.5 - missing functions: none
symbol engine: initialized successfully - sym options: 0x614 - pdb path: .;C:\Program Files\Android\Android Studio\jbr\bin;C:\WINDOWS\SYSTEM32;C:\WINDOWS\WinSxS\amd64_microsoft.windows.common-controls_6595b64144ccf1df_6.0.19041.4355_none_60b8b9eb71f62e16;C:\Program Files\Android\Android Studio\jbr\bin\server;C:\Users\dbulb\.gradle\native\c067742578af261105cb4f569cf0c3c89f3d7b1fecec35dd04571415982c5e48\windows-amd64;C:\Users\dbulb\.gradle\native\100fb08df4bc3b14c8652ba06237920a3bd2aa13389f12d3474272988ae205f9\windows-amd64

VM Arguments:
jvm_args: --add-opens=java.base/java.util=ALL-UNNAMED --add-opens=java.base/java.lang=ALL-UNNAMED --add-opens=java.base/java.lang.invoke=ALL-UNNAMED --add-opens=java.prefs/java.util.prefs=ALL-UNNAMED --add-exports=jdk.compiler/com.sun.tools.javac.api=ALL-UNNAMED --add-exports=jdk.compiler/com.sun.tools.javac.util=ALL-UNNAMED --add-opens=java.base/java.nio.charset=ALL-UNNAMED --add-opens=java.base/java.net=ALL-UNNAMED --add-opens=java.base/java.util.concurrent.atomic=ALL-UNNAMED -Xmx2048m -Dfile.encoding=UTF-8 -Duser.country=RU -Duser.language=ru -Duser.variant -javaagent:C:\Users\dbulb\.gradle\wrapper\dists\gradle-8.9-bin\90cnw93cvbtalezasaz0blq0a\gradle-8.9\lib\agents\gradle-instrumentation-agent-8.9.jar 
java_command: org.gradle.launcher.daemon.bootstrap.GradleDaemon 8.9
java_class_path (initial): C:\Users\dbulb\.gradle\wrapper\dists\gradle-8.9-bin\90cnw93cvbtalezasaz0blq0a\gradle-8.9\lib\gradle-daemon-main-8.9.jar
Launcher Type: SUN_STANDARD

[Global flags]
     intx CICompilerCount                          = 4                                         {product} {ergonomic}
     uint ConcGCThreads                            = 2                                         {product} {ergonomic}
     uint G1ConcRefinementThreads                  = 8                                         {product} {ergonomic}
   size_t G1HeapRegionSize                         = 1048576                                   {product} {ergonomic}
    uintx GCDrainStackTargetSize                   = 64                                        {product} {ergonomic}
   size_t InitialHeapSize                          = 117440512                                 {product} {ergonomic}
   size_t MarkStackSize                            = 4194304                                   {product} {ergonomic}
   size_t MaxHeapSize                              = 2147483648                                {product} {command line}
   size_t MaxNewSize                               = 1287651328                                {product} {ergonomic}
   size_t MinHeapDeltaBytes                        = 1048576                                   {product} {ergonomic}
   size_t MinHeapSize                              = 8388608                                   {product} {ergonomic}
    uintx NonNMethodCodeHeapSize                   = 5839372                                {pd product} {ergonomic}
    uintx NonProfiledCodeHeapSize                  = 122909434                              {pd product} {ergonomic}
    uintx ProfiledCodeHeapSize                     = 122909434                              {pd product} {ergonomic}
    uintx ReservedCodeCacheSize                    = 251658240                              {pd product} {ergonomic}
     bool SegmentedCodeCache                       = true                                      {product} {ergonomic}
   size_t SoftMaxHeapSize                          = 2147483648                             {manageable} {ergonomic}
     bool UseCompressedOops                        = true                           {product lp64_product} {ergonomic}
     bool UseG1GC                                  = true                                      {product} {ergonomic}
     bool UseLargePagesIndividualAllocation        = false                                  {pd product} {ergonomic}

Logging:
Log output configuration:
 #0: stdout all=warning uptime,level,tags foldmultilines=false
 #1: stderr all=off uptime,level,tags foldmultilines=false

Environment Variables:
PATH=C:\Program Files\Common Files\Oracle\Java\javapath;C:\Python312\Scripts\;C:\Python312\;C:\WINDOWS\system32;C:\WINDOWS;C:\WINDOWS\System32\Wbem;C:\WINDOWS\System32\WindowsPowerShell\v1.0\;C:\WINDOWS\System32\OpenSSH\;C:\Program Files\Git\cmd;C:\Program Files\nodejs\;C:\ProgramData\chocolatey\bin;C:\Users\dbulb\AppData\Local\Microsoft\WindowsApps;;C:\Program Files\JetBrains\IntelliJ IDEA Community Edition 2024.1.3\bin;;C:\Users\dbulb\AppData\Local\Programs\Microsoft VS Code\bin;C:\Users\dbulb\AppData\Roaming\npm
USERNAME=dbulb
OS=Windows_NT
PROCESSOR_IDENTIFIER=AMD64 Family 23 Model 24 Stepping 1, AuthenticAMD
TMP=C:\Users\dbulb\AppData\Local\Temp
TEMP=C:\Users\dbulb\AppData\Local\Temp




Periodic native trim disabled

JNI global refs:
JNI global refs: 28, weak refs: 1

JNI global refs memory usage: 835, weak refs: 833

Process memory usage:
Resident Set Size: 360212K (4% of 7274120K total physical memory with 477364K free physical memory)

OOME stack traces (most recent first):
Classloader memory used:
Loader org.gradle.internal.classloader.VisitableURLClassLoader                         : 35757K
Loader bootstrap                                                                       : 29117K
Loader org.gradle.initialization.MixInLegacyTypesClassLoader                           : 11435K
Loader org.gradle.internal.classloader.VisitableURLClassLoader                         : 933K
Loader jdk.internal.loader.ClassLoaders$PlatformClassLoader                            : 811K
Loader org.gradle.internal.classloader.VisitableURLClassLoader$InstrumentingVisitableURLClassLoader: 698K
Loader jdk.internal.reflect.DelegatingClassLoader                                      : 275K
Loader jdk.internal.loader.ClassLoaders$AppClassLoader                                 : 230K
Loader org.gradle.groovy.scripts.internal.DefaultScriptCompilationHandler$ScriptClassLoader: 90856B
Loader org.codehaus.groovy.runtime.callsite.CallSiteClassLoader                        : 49672B

Classes loaded by more than one classloader:
Class org.gradle.api.GradleException                                                  : loaded 3 times (x 79B)
Class Program                                                                         : loaded 3 times (x 69B)
Class org.gradle.api.internal.classpath.ManifestUtil                                  : loaded 2 times (x 68B)
Class org.jetbrains.plugins.gradle.model.GradleExtensions                             : loaded 2 times (x 67B)
Class org.jetbrains.plugins.gradle.model.AnnotationProcessingModel                    : loaded 2 times (x 67B)
Class org.gradle.internal.operations.MultipleBuildOperationFailures                   : loaded 2 times (x 92B)
Class org.jetbrains.kotlin.idea.gradleTooling.model.noarg.NoArgModel                  : loaded 2 times (x 67B)
Class org.gradle.internal.classloader.DefaultClassLoaderFactory                       : loaded 2 times (x 79B)
Class kotlin.collections.AbstractList$Companion                                       : loaded 2 times (x 68B)
Class org.gradle.internal.classloader.ClassLoaderVisitor                              : loaded 2 times (x 73B)
Class org.gradle.api.internal.classpath.EffectiveClassPath                            : loaded 2 times (x 87B)
Class org.gradle.tooling.internal.gradle.DefaultProjectIdentifier                     : loaded 2 times (x 83B)
Class org.jetbrains.kotlin.idea.gradleTooling.model.allopen.AllOpenModel              : loaded 2 times (x 67B)
Class org.gradle.api.internal.DefaultClassPathProvider                                : loaded 2 times (x 73B)
Class [Lorg.gradle.api.internal.ClassPathProvider;                                    : loaded 2 times (x 66B)
Class org.gradle.api.internal.ClassPathProvider                                       : loaded 2 times (x 67B)
Class org.gradle.internal.service.UnknownServiceException                             : loaded 2 times (x 80B)
Class org.jetbrains.kotlin.idea.gradleTooling.KotlinDslScriptAdditionalTask           : loaded 2 times (x 67B)
Class org.gradle.internal.classpath.TransformedClassPath                              : loaded 2 times (x 93B)
Class kotlin.enums.EnumEntriesList                                                    : loaded 2 times (x 220B)
Class org.jetbrains.plugins.gradle.model.IntelliJSettings                             : loaded 2 times (x 67B)
Class org.gradle.internal.classloader.ClassLoaderHierarchy                            : loaded 2 times (x 67B)
Class org.gradle.internal.service.ServiceLocator                                      : loaded 2 times (x 67B)
Class org.jetbrains.kotlin.android.synthetic.idea.AndroidExtensionsGradleModel        : loaded 2 times (x 67B)
Class org.gradle.tooling.model.UnsupportedMethodException                             : loaded 2 times (x 79B)
Class org.gradle.internal.InternalTransformer                                         : loaded 2 times (x 67B)
Class org.gradle.internal.time.DefaultTimer                                           : loaded 2 times (x 77B)
Class org.gradle.internal.classloader.ClasspathUtil$1                                 : loaded 2 times (x 73B)
Class org.gradle.api.internal.classpath.DefaultModuleRegistry$DefaultModule           : loaded 2 times (x 83B)
Class org.jetbrains.kotlin.idea.gradleTooling.model.lombok.LombokModel                : loaded 2 times (x 67B)
Class org.gradle.internal.time.DefaultCountdownTimer                                  : loaded 2 times (x 85B)
Class org.gradle.tooling.internal.gradle.DefaultBuildIdentifier                       : loaded 2 times (x 76B)
Class kotlin.Function                                                                 : loaded 2 times (x 67B)
Class org.gradle.api.internal.classpath.Module                                        : loaded 2 times (x 67B)
Class ijInit1_85orehx6827rqke4go5aaq4vz                                               : loaded 2 times (x 176B)
Class org.gradle.api.internal.classpath.UnknownModuleException                        : loaded 2 times (x 79B)
Class com.intellij.openapi.externalSystem.model.project.dependencies.ProjectDependencies: loaded 2 times (x 67B)
Class org.gradle.tooling.internal.gradle.GradleProjectIdentity                        : loaded 2 times (x 67B)
Class org.gradle.api.internal.DefaultClassPathRegistry                                : loaded 2 times (x 73B)
Class org.gradle.api.internal.ClassPathRegistry                                       : loaded 2 times (x 67B)
Class org.gradle.internal.classpath.DefaultClassPath$ImmutableUniqueList              : loaded 2 times (x 196B)
Class org.jetbrains.kotlin.idea.gradleTooling.KotlinSourceSetContainer                : loaded 2 times (x 67B)
Class Settings_gradle$1                                                               : loaded 2 times (x 71B)
Class org.gradle.internal.classpath.ClassPath                                         : loaded 2 times (x 67B)
Class org.gradle.api.UncheckedIOException                                             : loaded 2 times (x 79B)
Class org.jetbrains.kotlin.idea.gradleTooling.KotlinGradleModel                       : loaded 2 times (x 67B)
Class org.gradle.tooling.model.Model                                                  : loaded 2 times (x 67B)
Class kotlin.UninitializedPropertyAccessException                                     : loaded 2 times (x 79B)
Class org.jetbrains.plugins.gradle.model.IntelliJProjectSettings                      : loaded 2 times (x 67B)
Class org.jetbrains.kotlin.idea.gradleTooling.model.annotation.AnnotationBasedPluginModel: loaded 2 times (x 67B)
Class org.gradle.internal.installation.GradleInstallation$1                           : loaded 2 times (x 72B)
Class org.gradle.api.internal.classpath.ModuleRegistry                                : loaded 2 times (x 67B)
Class org.jetbrains.plugins.gradle.model.VersionCatalogsModel                         : loaded 2 times (x 67B)
Class org.gradle.api.internal.classpath.DefaultModuleRegistry                         : loaded 2 times (x 80B)
Class org.gradle.internal.time.MonotonicClock                                         : loaded 2 times (x 74B)
Class org.gradle.internal.service.ServiceLookupException                              : loaded 2 times (x 79B)
Class org.gradle.internal.classloader.ClassLoaderFactory                              : loaded 2 times (x 67B)
Class org.gradle.internal.service.CachingServiceLocator                               : loaded 2 times (x 79B)
Class org.jetbrains.plugins.gradle.model.RepositoryModels                             : loaded 2 times (x 67B)
Class org.gradle.internal.time.TimeSource                                             : loaded 2 times (x 67B)
Class org.gradle.tooling.internal.gradle.GradleBuildIdentity                          : loaded 2 times (x 67B)
Class kotlin.enums.EnumEntries                                                        : loaded 2 times (x 67B)
Class org.gradle.internal.exceptions.ResolutionProvider                               : loaded 2 times (x 67B)
Class org.gradle.tooling.model.ProjectIdentifier                                      : loaded 2 times (x 67B)
Class org.gradle.internal.classloader.ClasspathUtil                                   : loaded 2 times (x 68B)
Class org.gradle.internal.time.TimeSource$1                                           : loaded 2 times (x 74B)
Class kotlin.jvm.internal.DefaultConstructorMarker                                    : loaded 2 times (x 68B)
Class org.gradle.api.specs.Spec                                                       : loaded 2 times (x 67B)
Class org.gradle.internal.time.Clock                                                  : loaded 2 times (x 67B)
Class org.jetbrains.plugins.gradle.model.jar.JarTaskManifestConfiguration             : loaded 2 times (x 67B)
Class kotlin.collections.AbstractList                                                 : loaded 2 times (x 194B)
Class kotlin.collections.AbstractCollection                                           : loaded 2 times (x 114B)
Class org.gradle.internal.classloader.VisitableURLClassLoader$InstrumentingVisitableURLClassLoader: loaded 2 times (x 120B)
Class org.gradle.internal.classloader.VisitableURLClassLoader$Spec                    : loaded 2 times (x 71B)
Class org.gradle.internal.classpath.DefaultClassPath                                  : loaded 2 times (x 87B)
Class org.gradle.internal.classloader.ClassLoaderSpec                                 : loaded 2 times (x 68B)
Class Settings_gradle$1$1                                                             : loaded 2 times (x 71B)
Class org.gradle.internal.classloader.VisitableURLClassLoader                         : loaded 2 times (x 114B)
Class Settings_gradle                                                                 : loaded 2 times (x 125B)
Class org.gradle.internal.Cast                                                        : loaded 2 times (x 68B)
Class org.gradle.api.Action                                                           : loaded 2 times (x 67B)
Class kotlin.jvm.functions.Function1                                                  : loaded 2 times (x 67B)
Class org.gradle.internal.agents.InstrumentingClassLoader                             : loaded 2 times (x 67B)
Class org.gradle.internal.classpath.DefaultClassPath$ImmutableUniqueList$Builder      : loaded 2 times (x 72B)
Class org.jetbrains.kotlin.idea.gradleTooling.model.samWithReceiver.SamWithReceiverModel: loaded 2 times (x 67B)
Class org.gradle.internal.classloader.FilteringClassLoader                            : loaded 2 times (x 102B)
Class org.gradle.internal.exceptions.NonGradleCauseExceptionsHolder                   : loaded 2 times (x 67B)
Class org.jetbrains.kotlin.idea.gradleTooling.model.assignment.AssignmentModel        : loaded 2 times (x 67B)
Class kotlin.enums.EnumEntriesKt                                                      : loaded 2 times (x 68B)
Class org.gradle.internal.IoActions                                                   : loaded 2 times (x 68B)
Class org.gradle.internal.classloader.SystemClassLoaderSpec                           : loaded 2 times (x 68B)
Class org.gradle.internal.exceptions.MultiCauseException                              : loaded 2 times (x 67B)
Class org.gradle.internal.time.CountdownTimer                                         : loaded 2 times (x 67B)
Class kotlin.jvm.internal.Intrinsics                                                  : loaded 2 times (x 68B)
Class org.jetbrains.kotlin.idea.gradleTooling.model.parcelize.ParcelizeGradleModel    : loaded 2 times (x 67B)
Class org.gradle.tooling.model.ProjectModel                                           : loaded 2 times (x 67B)
Class kotlin.KotlinNullPointerException                                               : loaded 2 times (x 80B)
Class org.jetbrains.plugins.gradle.model.tests.ExternalTestsModel                     : loaded 2 times (x 67B)
Class org.gradle.internal.exceptions.DefaultMultiCauseException                       : loaded 2 times (x 92B)
Class org.gradle.internal.time.Time                                                   : loaded 2 times (x 68B)
Class org.jetbrains.plugins.gradle.model.DependencyAccessorsModel                     : loaded 2 times (x 67B)
Class org.jetbrains.kotlin.idea.gradleTooling.KotlinMPPGradleModel                    : loaded 2 times (x 67B)
Class org.gradle.tooling.model.BuildIdentifier                                        : loaded 2 times (x 67B)
Class org.jetbrains.kotlin.idea.gradleTooling.PrepareKotlinIdeImportTaskModel         : loaded 2 times (x 67B)
Class sync_studio_tooling4_9blz01cltdu7ccewc2lx10sg7                                  : loaded 2 times (x 176B)
Class org.gradle.internal.time.Timer                                                  : loaded 2 times (x 67B)
Class kotlin.jvm.internal.markers.KMappedMarker                                       : loaded 2 times (x 67B)
Class org.gradle.internal.installation.CurrentGradleInstallationLocator               : loaded 2 times (x 68B)
Class org.gradle.internal.service.DefaultServiceLocator                               : loaded 2 times (x 80B)
Class org.gradle.util.GradleVersion                                                   : loaded 2 times (x 80B)
Class org.gradle.internal.installation.CurrentGradleInstallation                      : loaded 2 times (x 70B)
Class org.gradle.util.internal.GUtil                                                  : loaded 2 times (x 68B)
Class org.gradle.internal.installation.GradleInstallation                             : loaded 2 times (x 72B)

---------------  S Y S T E M  ---------------

OS:
 Windows 10 , 64 bit Build 19041 (10.0.19041.4957)
OS uptime: 4 days 19:16 hours

CPU: total 8 (initial active 8) (8 cores per cpu, 2 threads per core) family 23 model 24 stepping 1 microcode 0x0, cx8, cmov, fxsr, ht, mmx, 3dnowpref, sse, sse2, sse3, ssse3, sse4a, sse4.1, sse4.2, popcnt, lzcnt, tsc, tscinvbit, avx, avx2, aes, clmul, bmi1, bmi2, adx, sha, fma, vzeroupper, clflush, clflushopt, rdtscp, f16c
Processor Information for all 8 processors :
  Max Mhz: 2100, Current Mhz: 2100, Mhz Limit: 2100

Memory: 4k page, system-wide physical 7103M (463M free)
TotalPageFile size 28607M (AvailPageFile size 1M)
current process WorkingSet (physical memory assigned to process): 352M, peak: 352M
current process commit charge ("private bytes"): 388M, peak: 389M

vm_info: OpenJDK 64-Bit Server VM (21.0.3+-12282718-b509.11) for windows-amd64 JRE (21.0.3+-12282718-b509.11), built on 2024-08-27T17:34:15Z by "builder" with MS VC++ 16.10 / 16.11 (VS2019)

END.
