#
# There is insufficient memory for the Java Runtime Environment to continue.
# Native memory allocation (mmap) failed to map 22020096 bytes. Error detail: G1 virtual space
# Possible reasons:
#   The system is out of physical RAM or swap space
#   This process is running with CompressedOops enabled, and the Java Heap may be blocking the growth of the native heap
# Possible solutions:
#   Reduce memory load on the system
#   Increase physical memory or swap space
#   Check if swap backing store is full
#   Decrease Java heap size (-Xmx/-Xms)
#   Decrease number of Java threads
#   Decrease Java thread stack sizes (-Xss)
#   Set larger code cache with -XX:ReservedCodeCacheSize=
#   JVM is running with Unscaled Compressed Oops mode in which the Java heap is
#     placed in the first 4GB address space. The Java Heap base address is the
#     maximum limit for the native heap growth. Please use -XX:HeapBaseMinAddress
#     to set the Java Heap base and to place the Java Heap above 4GB virtual address.
# This output file may be truncated or incomplete.
#
#  Out of Memory Error (os_windows.cpp:3815), pid=16808, tid=5960
#
# JRE version: OpenJDK Runtime Environment (21.0.3) (build 21.0.3+-12282718-b509.11)
# Java VM: OpenJDK 64-Bit Server VM (21.0.3+-12282718-b509.11, mixed mode, tiered, compressed oops, compressed class ptrs, g1 gc, windows-amd64)
# No core dump will be written. Minidumps are not enabled by default on client versions of Windows
#

---------------  S U M M A R Y ------------

Command Line: --add-opens=java.base/java.util=ALL-UNNAMED --add-opens=java.base/java.lang=ALL-UNNAMED --add-opens=java.base/java.lang.invoke=ALL-UNNAMED --add-opens=java.prefs/java.util.prefs=ALL-UNNAMED --add-exports=jdk.compiler/com.sun.tools.javac.api=ALL-UNNAMED --add-exports=jdk.compiler/com.sun.tools.javac.util=ALL-UNNAMED --add-opens=java.base/java.nio.charset=ALL-UNNAMED --add-opens=java.base/java.net=ALL-UNNAMED --add-opens=java.base/java.util.concurrent.atomic=ALL-UNNAMED -Xmx2048m -Dfile.encoding=UTF-8 -Duser.country=RU -Duser.language=ru -Duser.variant -javaagent:C:\Users\dbulb\.gradle\wrapper\dists\gradle-8.9-bin\90cnw93cvbtalezasaz0blq0a\gradle-8.9\lib\agents\gradle-instrumentation-agent-8.9.jar org.gradle.launcher.daemon.bootstrap.GradleDaemon 8.9

Host: AMD Ryzen 5 3500U with Radeon Vega Mobile Gfx  , 8 cores, 6G,  Windows 10 , 64 bit Build 19041 (10.0.19041.4957)
Time: Sat Nov 16 08:55:13 2024  Windows 10 , 64 bit Build 19041 (10.0.19041.4957) elapsed time: 15.273529 seconds (0d 0h 0m 15s)

---------------  T H R E A D  ---------------

Current thread (0x000002c42e6fd130):  VMThread "VM Thread"          [id=5960, stack(0x000000fa29f00000,0x000000fa2a000000) (1024K)]

Stack: [0x000000fa29f00000,0x000000fa2a000000]
Native frames: (J=compiled Java code, j=interpreted, Vv=VM code, C=native code)
V  [jvm.dll+0x6cafb9]
V  [jvm.dll+0x858523]
V  [jvm.dll+0x85aa7e]
V  [jvm.dll+0x85b163]
V  [jvm.dll+0x27d356]
V  [jvm.dll+0x6c7865]
V  [jvm.dll+0x6bbd3a]
V  [jvm.dll+0x35199b]
V  [jvm.dll+0x3595d6]
V  [jvm.dll+0x3aa826]
V  [jvm.dll+0x3aaaf8]
V  [jvm.dll+0x3240bc]
V  [jvm.dll+0x326ac6]
V  [jvm.dll+0x33092e]
V  [jvm.dll+0x3680c5]
V  [jvm.dll+0x860ac8]
V  [jvm.dll+0x861bc4]
V  [jvm.dll+0x862100]
V  [jvm.dll+0x862393]
V  [jvm.dll+0x800d78]
V  [jvm.dll+0x6c98cd]
C  [ucrtbase.dll+0x21bb2]
C  [KERNEL32.DLL+0x17374]
C  [ntdll.dll+0x4cc91]

VM_Operation (0x000000fa29aff3c0): G1PauseRemark, mode: safepoint, requested by thread 0x000002c4170741b0


---------------  P R O C E S S  ---------------

Threads class SMR info:
_java_thread_list=0x000002c438f4ee20, length=56, elements={
0x000002c414ec2410, 0x000002c42e9a0ef0, 0x000002c42e97d870, 0x000002c42e97fa80,
0x000002c42e9804e0, 0x000002c42e980f40, 0x000002c42e982140, 0x000002c42e98beb0,
0x000002c42e9ac280, 0x000002c42eb02f80, 0x000002c42ec26af0, 0x000002c434c2b7a0,
0x000002c434e438a0, 0x000002c4350da170, 0x000002c434f86100, 0x000002c434f86770,
0x000002c4350c32f0, 0x000002c4350c4580, 0x000002c434c74c70, 0x000002c434c75300,
0x000002c434c76020, 0x000002c434c75990, 0x000002c434c72ba0, 0x000002c434c738c0,
0x000002c434c73f50, 0x000002c435fb9620, 0x000002c435fba340, 0x000002c435fbbd80,
0x000002c435fbe4e0, 0x000002c435fbff20, 0x000002c435fba9d0, 0x000002c435fbeb70,
0x000002c4330b3940, 0x000002c435fb9cb0, 0x000002c435fbf890, 0x000002c435fc05b0,
0x000002c43704a6e0, 0x000002c437046540, 0x000002c437047260, 0x000002c437045eb0,
0x000002c437044b00, 0x000002c437045190, 0x000002c4370478f0, 0x000002c437045820,
0x000002c437046bd0, 0x000002c437049330, 0x000002c437047f80, 0x000002c4370499c0,
0x000002c437048610, 0x000002c43704c120, 0x000002c43704ad70, 0x000002c437048ca0,
0x000002c43704a050, 0x000002c43704b400, 0x000002c435c5d110, 0x000002c435c5d7a0
}

Java Threads: ( => current thread )
  0x000002c414ec2410 JavaThread "main"                              [_thread_blocked, id=8504, stack(0x000000fa29800000,0x000000fa29900000) (1024K)]
  0x000002c42e9a0ef0 JavaThread "Reference Handler"          daemon [_thread_blocked, id=3652, stack(0x000000fa2a000000,0x000000fa2a100000) (1024K)]
  0x000002c42e97d870 JavaThread "Finalizer"                  daemon [_thread_blocked, id=17560, stack(0x000000fa2a100000,0x000000fa2a200000) (1024K)]
  0x000002c42e97fa80 JavaThread "Signal Dispatcher"          daemon [_thread_blocked, id=528, stack(0x000000fa2a200000,0x000000fa2a300000) (1024K)]
  0x000002c42e9804e0 JavaThread "Attach Listener"            daemon [_thread_blocked, id=4048, stack(0x000000fa2a300000,0x000000fa2a400000) (1024K)]
  0x000002c42e980f40 JavaThread "Service Thread"             daemon [_thread_blocked, id=18624, stack(0x000000fa2a400000,0x000000fa2a500000) (1024K)]
  0x000002c42e982140 JavaThread "Monitor Deflation Thread"   daemon [_thread_blocked, id=3344, stack(0x000000fa2a500000,0x000000fa2a600000) (1024K)]
  0x000002c42e98beb0 JavaThread "C2 CompilerThread0"         daemon [_thread_blocked, id=1744, stack(0x000000fa2a600000,0x000000fa2a700000) (1024K)]
  0x000002c42e9ac280 JavaThread "C1 CompilerThread0"         daemon [_thread_blocked, id=7368, stack(0x000000fa2a700000,0x000000fa2a800000) (1024K)]
  0x000002c42eb02f80 JavaThread "Common-Cleaner"             daemon [_thread_blocked, id=1228, stack(0x000000fa2a800000,0x000000fa2a900000) (1024K)]
  0x000002c42ec26af0 JavaThread "Notification Thread"        daemon [_thread_blocked, id=19156, stack(0x000000fa2a900000,0x000000fa2aa00000) (1024K)]
  0x000002c434c2b7a0 JavaThread "Daemon health stats"               [_thread_blocked, id=17836, stack(0x000000fa2af00000,0x000000fa2b000000) (1024K)]
  0x000002c434e438a0 JavaThread "Incoming local TCP Connector on port 60014"        [_thread_in_native, id=12788, stack(0x000000fa2b000000,0x000000fa2b100000) (1024K)]
  0x000002c4350da170 JavaThread "Daemon periodic checks"            [_thread_blocked, id=18848, stack(0x000000fa2b100000,0x000000fa2b200000) (1024K)]
  0x000002c434f86100 JavaThread "Daemon"                            [_thread_blocked, id=3900, stack(0x000000fa2b200000,0x000000fa2b300000) (1024K)]
  0x000002c434f86770 JavaThread "Handler for socket connection from /127.0.0.1:60014 to /127.0.0.1:60015"        [_thread_in_native, id=17448, stack(0x000000fa2b300000,0x000000fa2b400000) (1024K)]
  0x000002c4350c32f0 JavaThread "Cancel handler"                    [_thread_blocked, id=8052, stack(0x000000fa2b400000,0x000000fa2b500000) (1024K)]
  0x000002c4350c4580 JavaThread "Daemon worker"                     [_thread_blocked, id=19320, stack(0x000000fa2b500000,0x000000fa2b600000) (1024K)]
  0x000002c434c74c70 JavaThread "Asynchronous log dispatcher for DefaultDaemonConnection: socket connection from /127.0.0.1:60014 to /127.0.0.1:60015"        [_thread_blocked, id=13476, stack(0x000000fa2b600000,0x000000fa2b700000) (1024K)]
  0x000002c434c75300 JavaThread "Stdin handler"                     [_thread_blocked, id=18484, stack(0x000000fa2b700000,0x000000fa2b800000) (1024K)]
  0x000002c434c76020 JavaThread "Daemon client event forwarder"        [_thread_blocked, id=12780, stack(0x000000fa2b800000,0x000000fa2b900000) (1024K)]
  0x000002c434c75990 JavaThread "Cache worker for journal cache (C:\Users\dbulb\.gradle\caches\journal-1)"        [_thread_blocked, id=5188, stack(0x000000fa2aa00000,0x000000fa2ab00000) (1024K)]
  0x000002c434c72ba0 JavaThread "File lock request listener"        [_thread_in_native, id=4064, stack(0x000000fa2bd00000,0x000000fa2be00000) (1024K)]
  0x000002c434c738c0 JavaThread "Cache worker for file hash cache (C:\Users\dbulb\.gradle\caches\8.9\fileHashes)"        [_thread_blocked, id=16716, stack(0x000000fa2be00000,0x000000fa2bf00000) (1024K)]
  0x000002c434c73f50 JavaThread "Cache worker for file hash cache (C:\Users\dbulb\AndroidStudioProjects\lab6\.gradle\8.9\fileHashes)"        [_thread_blocked, id=18480, stack(0x000000fa2c100000,0x000000fa2c200000) (1024K)]
  0x000002c435fb9620 JavaThread "Cache worker for Build Output Cleanup Cache (C:\Users\dbulb\AndroidStudioProjects\lab6\.gradle\buildOutputCleanup)"        [_thread_blocked, id=14016, stack(0x000000fa2c200000,0x000000fa2c300000) (1024K)]
  0x000002c435fba340 JavaThread "File watcher server"        daemon [_thread_blocked, id=16068, stack(0x000000fa2c300000,0x000000fa2c400000) (1024K)]
  0x000002c435fbbd80 JavaThread "File watcher consumer"      daemon [_thread_blocked, id=1476, stack(0x000000fa2c400000,0x000000fa2c500000) (1024K)]
  0x000002c435fbe4e0 JavaThread "Cache worker for checksums cache (C:\Users\dbulb\AndroidStudioProjects\lab6\.gradle\8.9\checksums)"        [_thread_blocked, id=4040, stack(0x000000fa2bf00000,0x000000fa2c000000) (1024K)]
  0x000002c435fbff20 JavaThread "Cache worker for file content cache (C:\Users\dbulb\.gradle\caches\8.9\fileContent)"        [_thread_blocked, id=5044, stack(0x000000fa2c000000,0x000000fa2c100000) (1024K)]
  0x000002c435fba9d0 JavaThread "Cache worker for cache directory md-rule (C:\Users\dbulb\.gradle\caches\8.9\md-rule)"        [_thread_blocked, id=8968, stack(0x000000fa2c500000,0x000000fa2c600000) (1024K)]
  0x000002c435fbeb70 JavaThread "Cache worker for cache directory md-supplier (C:\Users\dbulb\.gradle\caches\8.9\md-supplier)"        [_thread_blocked, id=14764, stack(0x000000fa2c700000,0x000000fa2c800000) (1024K)]
  0x000002c4330b3940 JavaThread "C2 CompilerThread1"         daemon [_thread_blocked, id=9016, stack(0x000000fa2c600000,0x000000fa2c700000) (1024K)]
  0x000002c435fb9cb0 JavaThread "Unconstrained build operations"        [_thread_blocked, id=14572, stack(0x000000fa2c800000,0x000000fa2c900000) (1024K)]
  0x000002c435fbf890 JavaThread "Unconstrained build operations Thread 2"        [_thread_blocked, id=9300, stack(0x000000fa2c900000,0x000000fa2ca00000) (1024K)]
  0x000002c435fc05b0 JavaThread "Unconstrained build operations Thread 3"        [_thread_blocked, id=17716, stack(0x000000fa2ca00000,0x000000fa2cb00000) (1024K)]
  0x000002c43704a6e0 JavaThread "Unconstrained build operations Thread 4"        [_thread_blocked, id=6452, stack(0x000000fa2cb00000,0x000000fa2cc00000) (1024K)]
  0x000002c437046540 JavaThread "Unconstrained build operations Thread 5"        [_thread_blocked, id=18884, stack(0x000000fa2cc00000,0x000000fa2cd00000) (1024K)]
  0x000002c437047260 JavaThread "Unconstrained build operations Thread 6"        [_thread_blocked, id=14732, stack(0x000000fa2cd00000,0x000000fa2ce00000) (1024K)]
  0x000002c437045eb0 JavaThread "Unconstrained build operations Thread 7"        [_thread_blocked, id=10108, stack(0x000000fa2ce00000,0x000000fa2cf00000) (1024K)]
  0x000002c437044b00 JavaThread "Unconstrained build operations Thread 8"        [_thread_blocked, id=12220, stack(0x000000fa2cf00000,0x000000fa2d000000) (1024K)]
  0x000002c437045190 JavaThread "Unconstrained build operations Thread 9"        [_thread_blocked, id=6900, stack(0x000000fa2d000000,0x000000fa2d100000) (1024K)]
  0x000002c4370478f0 JavaThread "Unconstrained build operations Thread 10"        [_thread_blocked, id=17852, stack(0x000000fa2d100000,0x000000fa2d200000) (1024K)]
  0x000002c437045820 JavaThread "Unconstrained build operations Thread 11"        [_thread_blocked, id=12640, stack(0x000000fa2d200000,0x000000fa2d300000) (1024K)]
  0x000002c437046bd0 JavaThread "Unconstrained build operations Thread 12"        [_thread_blocked, id=15392, stack(0x000000fa2d300000,0x000000fa2d400000) (1024K)]
  0x000002c437049330 JavaThread "Unconstrained build operations Thread 13"        [_thread_blocked, id=1948, stack(0x000000fa2d400000,0x000000fa2d500000) (1024K)]
  0x000002c437047f80 JavaThread "Unconstrained build operations Thread 14"        [_thread_blocked, id=15452, stack(0x000000fa2d500000,0x000000fa2d600000) (1024K)]
  0x000002c4370499c0 JavaThread "Unconstrained build operations Thread 15"        [_thread_blocked, id=11716, stack(0x000000fa2d600000,0x000000fa2d700000) (1024K)]
  0x000002c437048610 JavaThread "Unconstrained build operations Thread 16"        [_thread_blocked, id=18844, stack(0x000000fa2d700000,0x000000fa2d800000) (1024K)]
  0x000002c43704c120 JavaThread "Unconstrained build operations Thread 17"        [_thread_blocked, id=18608, stack(0x000000fa2d800000,0x000000fa2d900000) (1024K)]
  0x000002c43704ad70 JavaThread "Unconstrained build operations Thread 18"        [_thread_blocked, id=10552, stack(0x000000fa2d900000,0x000000fa2da00000) (1024K)]
  0x000002c437048ca0 JavaThread "Unconstrained build operations Thread 19"        [_thread_blocked, id=16592, stack(0x000000fa2da00000,0x000000fa2db00000) (1024K)]
  0x000002c43704a050 JavaThread "Unconstrained build operations Thread 20"        [_thread_blocked, id=16804, stack(0x000000fa2db00000,0x000000fa2dc00000) (1024K)]
  0x000002c43704b400 JavaThread "Unconstrained build operations Thread 21"        [_thread_blocked, id=10572, stack(0x000000fa2dc00000,0x000000fa2dd00000) (1024K)]
  0x000002c435c5d110 JavaThread "build event listener"              [_thread_blocked, id=16404, stack(0x000000fa2dd00000,0x000000fa2de00000) (1024K)]
  0x000002c435c5d7a0 JavaThread "Memory manager"                    [_thread_blocked, id=648, stack(0x000000fa2de00000,0x000000fa2df00000) (1024K)]
Total: 56

Other Threads:
=>0x000002c42e6fd130 VMThread "VM Thread"                           [id=5960, stack(0x000000fa29f00000,0x000000fa2a000000) (1024K)]
  0x000002c42e662ee0 WatcherThread "VM Periodic Task Thread"        [id=4440, stack(0x000000fa29e00000,0x000000fa29f00000) (1024K)]
  0x000002c414f8df70 WorkerThread "GC Thread#0"                     [id=14568, stack(0x000000fa29900000,0x000000fa29a00000) (1024K)]
  0x000002c433a4c6c0 WorkerThread "GC Thread#1"                     [id=10124, stack(0x000000fa2ac00000,0x000000fa2ad00000) (1024K)]
  0x000002c433339fa0 WorkerThread "GC Thread#2"                     [id=8012, stack(0x000000fa2ad00000,0x000000fa2ae00000) (1024K)]
  0x000002c43332c880 WorkerThread "GC Thread#3"                     [id=13256, stack(0x000000fa2ae00000,0x000000fa2af00000) (1024K)]
  0x000002c433c5e7c0 WorkerThread "GC Thread#4"                     [id=1224, stack(0x000000fa2ab00000,0x000000fa2ac00000) (1024K)]
  0x000002c434b70c80 WorkerThread "GC Thread#5"                     [id=13248, stack(0x000000fa2b900000,0x000000fa2ba00000) (1024K)]
  0x000002c434b95280 WorkerThread "GC Thread#6"                     [id=12636, stack(0x000000fa2ba00000,0x000000fa2bb00000) (1024K)]
  0x000002c434bbb9a0 WorkerThread "GC Thread#7"                     [id=19096, stack(0x000000fa2bb00000,0x000000fa2bc00000) (1024K)]
  0x000002c4170741b0 ConcurrentGCThread "G1 Main Marker"            [id=8336, stack(0x000000fa29a00000,0x000000fa29b00000) (1024K)]
  0x000002c417075360 WorkerThread "G1 Conc#0"                       [id=13696, stack(0x000000fa29b00000,0x000000fa29c00000) (1024K)]
  0x000002c434c81cb0 WorkerThread "G1 Conc#1"                       [id=12260, stack(0x000000fa2bc00000,0x000000fa2bd00000) (1024K)]
  0x000002c42e539100 ConcurrentGCThread "G1 Refine#0"               [id=892, stack(0x000000fa29c00000,0x000000fa29d00000) (1024K)]
  0x000002c42e539b80 ConcurrentGCThread "G1 Service"                [id=13668, stack(0x000000fa29d00000,0x000000fa29e00000) (1024K)]
Total: 15

Threads with active compile tasks:
C2 CompilerThread0    15316 8730       4       java.math.BigInteger::implMultiplyToLen (216 bytes)
C2 CompilerThread1    15316 8715   !   4       java.util.jar.Attributes::read (494 bytes)
Total: 2

VM state: at safepoint (normal execution)

VM Mutex/Monitor currently owned by a thread:  ([mutex/lock_event])
[0x00007ffde3de20c8] Threads_lock - owner thread: 0x000002c42e6fd130
[0x00007ffde3de21c8] Heap_lock - owner thread: 0x000002c4170741b0

Heap address: 0x0000000080000000, size: 2048 MB, Compressed Oops mode: 32-bit

CDS archive(s) not mapped
Compressed class space mapped at: 0x0000000100000000-0x0000000140000000, reserved size: 1073741824
Narrow klass base: 0x0000000000000000, Narrow klass shift: 3, Narrow klass range: 0x140000000

GC Precious Log:
 CardTable entry size: 512
 Card Set container configuration: InlinePtr #cards 5 size 8 Array Of Cards #cards 12 size 40 Howl #buckets 4 coarsen threshold 1843 Howl Bitmap #cards 512 size 80 coarsen threshold 460 Card regions per heap region 1 cards per card region 2048
 CPUs: 8 total, 8 available
 Memory: 7103M
 Large Page Support: Disabled
 NUMA Support: Disabled
 Compressed Oops: Enabled (32-bit)
 Heap Region Size: 1M
 Heap Min Capacity: 8M
 Heap Initial Capacity: 112M
 Heap Max Capacity: 2G
 Pre-touch: Disabled
 Parallel Workers: 8
 Concurrent Workers: 2
 Concurrent Refinement Workers: 8
 Periodic GC: Disabled

Heap:
 garbage-first heap   total 129024K, used 88612K [0x0000000080000000, 0x0000000100000000)
  region size 1024K, 15 young (15360K), 4 survivors (4096K)
 Metaspace       used 76776K, committed 78528K, reserved 1179648K
  class space    used 10453K, committed 11328K, reserved 1048576K

Heap Regions: E=young(eden), S=young(survivor), O=old, HS=humongous(starts), HC=humongous(continues), CS=collection set, F=free, TAMS=top-at-mark-start, PB=parsable bottom
|   0|0x0000000080000000, 0x0000000080100000, 0x0000000080100000|100%|HS|  |TAMS 0x0000000080100000| PB 0x0000000080000000| Complete 
|   1|0x0000000080100000, 0x0000000080200000, 0x0000000080200000|100%|HC|  |TAMS 0x0000000080200000| PB 0x0000000080100000| Complete 
|   2|0x0000000080200000, 0x0000000080300000, 0x0000000080300000|100%|HC|  |TAMS 0x0000000080300000| PB 0x0000000080200000| Complete 
|   3|0x0000000080300000, 0x0000000080400000, 0x0000000080400000|100%|HC|  |TAMS 0x0000000080400000| PB 0x0000000080300000| Complete 
|   4|0x0000000080400000, 0x0000000080500000, 0x0000000080500000|100%| O|  |TAMS 0x0000000080500000| PB 0x0000000080500000| Untracked 
|   5|0x0000000080500000, 0x0000000080600000, 0x0000000080600000|100%| O|  |TAMS 0x0000000080600000| PB 0x0000000080600000| Untracked 
|   6|0x0000000080600000, 0x0000000080700000, 0x0000000080700000|100%| O|  |TAMS 0x0000000080700000| PB 0x0000000080700000| Untracked 
|   7|0x0000000080700000, 0x0000000080800000, 0x0000000080800000|100%| O|  |TAMS 0x0000000080800000| PB 0x0000000080800000| Untracked 
|   8|0x0000000080800000, 0x0000000080900000, 0x0000000080900000|100%| O|  |TAMS 0x0000000080900000| PB 0x0000000080900000| Untracked 
|   9|0x0000000080900000, 0x0000000080a00000, 0x0000000080a00000|100%| O|  |TAMS 0x0000000080a00000| PB 0x0000000080a00000| Updating 
|  10|0x0000000080a00000, 0x0000000080b00000, 0x0000000080b00000|100%| O|  |TAMS 0x0000000080b00000| PB 0x0000000080b00000| Untracked 
|  11|0x0000000080b00000, 0x0000000080c00000, 0x0000000080c00000|100%|HS|  |TAMS 0x0000000080c00000| PB 0x0000000080b00000| Complete 
|  12|0x0000000080c00000, 0x0000000080d00000, 0x0000000080d00000|100%| O|  |TAMS 0x0000000080d00000| PB 0x0000000080d00000| Updating 
|  13|0x0000000080d00000, 0x0000000080e00000, 0x0000000080e00000|100%| O|  |TAMS 0x0000000080e00000| PB 0x0000000080e00000| Untracked 
|  14|0x0000000080e00000, 0x0000000080f00000, 0x0000000080f00000|100%| O|  |TAMS 0x0000000080f00000| PB 0x0000000080f00000| Untracked 
|  15|0x0000000080f00000, 0x0000000081000000, 0x0000000081000000|100%| O|  |TAMS 0x0000000081000000| PB 0x0000000081000000| Untracked 
|  16|0x0000000081000000, 0x0000000081100000, 0x0000000081100000|100%| O|  |TAMS 0x0000000081100000| PB 0x0000000081100000| Untracked 
|  17|0x0000000081100000, 0x0000000081200000, 0x0000000081200000|100%| O|  |TAMS 0x0000000081200000| PB 0x0000000081200000| Untracked 
|  18|0x0000000081200000, 0x0000000081300000, 0x0000000081300000|100%| O|  |TAMS 0x0000000081300000| PB 0x0000000081300000| Untracked 
|  19|0x0000000081300000, 0x0000000081400000, 0x0000000081400000|100%| O|  |TAMS 0x0000000081400000| PB 0x0000000081400000| Untracked 
|  20|0x0000000081400000, 0x0000000081500000, 0x0000000081500000|100%| O|  |TAMS 0x0000000081500000| PB 0x0000000081500000| Untracked 
|  21|0x0000000081500000, 0x0000000081600000, 0x0000000081600000|100%| O|  |TAMS 0x0000000081600000| PB 0x0000000081600000| Updating 
|  22|0x0000000081600000, 0x0000000081700000, 0x0000000081700000|100%| O|  |TAMS 0x0000000081700000| PB 0x0000000081700000| Untracked 
|  23|0x0000000081700000, 0x0000000081800000, 0x0000000081800000|100%| O|  |TAMS 0x0000000081800000| PB 0x0000000081800000| Untracked 
|  24|0x0000000081800000, 0x0000000081900000, 0x0000000081900000|100%| O|  |TAMS 0x0000000081900000| PB 0x0000000081900000| Untracked 
|  25|0x0000000081900000, 0x0000000081a00000, 0x0000000081a00000|100%| O|  |TAMS 0x0000000081a00000| PB 0x0000000081a00000| Updating 
|  26|0x0000000081a00000, 0x0000000081b00000, 0x0000000081b00000|100%| O|  |TAMS 0x0000000081b00000| PB 0x0000000081b00000| Updating 
|  27|0x0000000081b00000, 0x0000000081c00000, 0x0000000081c00000|100%| O|  |TAMS 0x0000000081c00000| PB 0x0000000081c00000| Untracked 
|  28|0x0000000081c00000, 0x0000000081d00000, 0x0000000081d00000|100%| O|  |TAMS 0x0000000081d00000| PB 0x0000000081d00000| Untracked 
|  29|0x0000000081d00000, 0x0000000081e00000, 0x0000000081e00000|100%| O|  |TAMS 0x0000000081e00000| PB 0x0000000081e00000| Untracked 
|  30|0x0000000081e00000, 0x0000000081f00000, 0x0000000081f00000|100%| O|  |TAMS 0x0000000081f00000| PB 0x0000000081f00000| Untracked 
|  31|0x0000000081f00000, 0x0000000082000000, 0x0000000082000000|100%| O|  |TAMS 0x0000000082000000| PB 0x0000000082000000| Untracked 
|  32|0x0000000082000000, 0x0000000082096d68, 0x0000000082100000| 58%| O|  |TAMS 0x0000000082000000| PB 0x0000000082000000| Updating 
|  33|0x0000000082100000, 0x0000000082200000, 0x0000000082200000|100%|HS|  |TAMS 0x0000000082100000| PB 0x0000000082100000| Complete 
|  34|0x0000000082200000, 0x0000000082300000, 0x0000000082300000|100%| O|  |TAMS 0x0000000082300000| PB 0x0000000082300000| Updating 
|  35|0x0000000082300000, 0x0000000082400000, 0x0000000082400000|100%|HS|  |TAMS 0x0000000082400000| PB 0x0000000082300000| Complete 
|  36|0x0000000082400000, 0x0000000082500000, 0x0000000082500000|100%| O|  |TAMS 0x0000000082500000| PB 0x0000000082500000| Updating 
|  37|0x0000000082500000, 0x0000000082600000, 0x0000000082600000|100%|HS|  |TAMS 0x0000000082600000| PB 0x0000000082500000| Complete 
|  38|0x0000000082600000, 0x0000000082700000, 0x0000000082700000|100%|HS|  |TAMS 0x0000000082700000| PB 0x0000000082600000| Complete 
|  39|0x0000000082700000, 0x0000000082800000, 0x0000000082800000|100%|HC|  |TAMS 0x0000000082800000| PB 0x0000000082700000| Complete 
|  40|0x0000000082800000, 0x0000000082900000, 0x0000000082900000|100%|HS|  |TAMS 0x0000000082900000| PB 0x0000000082800000| Complete 
|  41|0x0000000082900000, 0x0000000082a00000, 0x0000000082a00000|100%|HC|  |TAMS 0x0000000082a00000| PB 0x0000000082900000| Complete 
|  42|0x0000000082a00000, 0x0000000082b00000, 0x0000000082b00000|100%|HS|  |TAMS 0x0000000082b00000| PB 0x0000000082a00000| Complete 
|  43|0x0000000082b00000, 0x0000000082c00000, 0x0000000082c00000|100%|HS|  |TAMS 0x0000000082c00000| PB 0x0000000082b00000| Complete 
|  44|0x0000000082c00000, 0x0000000082d00000, 0x0000000082d00000|100%| O|  |TAMS 0x0000000082d00000| PB 0x0000000082d00000| Untracked 
|  45|0x0000000082d00000, 0x0000000082e00000, 0x0000000082e00000|100%|HS|  |TAMS 0x0000000082e00000| PB 0x0000000082d00000| Complete 
|  46|0x0000000082e00000, 0x0000000082f00000, 0x0000000082f00000|100%| O|  |TAMS 0x0000000082f00000| PB 0x0000000082f00000| Untracked 
|  47|0x0000000082f00000, 0x0000000083000000, 0x0000000083000000|100%| O|  |TAMS 0x0000000083000000| PB 0x0000000083000000| Untracked 
|  48|0x0000000083000000, 0x0000000083100000, 0x0000000083100000|100%| O|  |TAMS 0x0000000083100000| PB 0x0000000083100000| Untracked 
|  49|0x0000000083100000, 0x0000000083200000, 0x0000000083200000|100%| O|  |TAMS 0x0000000083200000| PB 0x0000000083200000| Updating 
|  50|0x0000000083200000, 0x0000000083300000, 0x0000000083300000|100%|HS|  |TAMS 0x0000000083300000| PB 0x0000000083200000| Complete 
|  51|0x0000000083300000, 0x0000000083400000, 0x0000000083400000|100%|HS|  |TAMS 0x0000000083400000| PB 0x0000000083300000| Complete 
|  52|0x0000000083400000, 0x0000000083500000, 0x0000000083500000|100%|HC|  |TAMS 0x0000000083500000| PB 0x0000000083400000| Complete 
|  53|0x0000000083500000, 0x0000000083600000, 0x0000000083600000|100%|HC|  |TAMS 0x0000000083600000| PB 0x0000000083500000| Complete 
|  54|0x0000000083600000, 0x0000000083700000, 0x0000000083700000|100%|HC|  |TAMS 0x0000000083700000| PB 0x0000000083600000| Complete 
|  55|0x0000000083700000, 0x0000000083800000, 0x0000000083800000|100%| O|  |TAMS 0x0000000083800000| PB 0x0000000083800000| Untracked 
|  56|0x0000000083800000, 0x0000000083900000, 0x0000000083900000|100%| O|  |TAMS 0x000000008385fa88| PB 0x000000008385fa88| Untracked 
|  57|0x0000000083900000, 0x0000000083a00000, 0x0000000083a00000|100%|HS|  |TAMS 0x0000000083900000| PB 0x0000000083900000| Complete 
|  58|0x0000000083a00000, 0x0000000083b00000, 0x0000000083b00000|100%|HS|  |TAMS 0x0000000083a00000| PB 0x0000000083a00000| Complete 
|  59|0x0000000083b00000, 0x0000000083c00000, 0x0000000083c00000|100%|HS|  |TAMS 0x0000000083b00000| PB 0x0000000083b00000| Complete 
|  60|0x0000000083c00000, 0x0000000083c00000, 0x0000000083d00000|  0%| F|  |TAMS 0x0000000083c00000| PB 0x0000000083c00000| Untracked 
|  61|0x0000000083d00000, 0x0000000083d00000, 0x0000000083e00000|  0%| F|  |TAMS 0x0000000083d00000| PB 0x0000000083d00000| Untracked 
|  62|0x0000000083e00000, 0x0000000083e00000, 0x0000000083f00000|  0%| F|  |TAMS 0x0000000083e00000| PB 0x0000000083e00000| Untracked 
|  63|0x0000000083f00000, 0x0000000083f00000, 0x0000000084000000|  0%| F|  |TAMS 0x0000000083f00000| PB 0x0000000083f00000| Untracked 
|  64|0x0000000084000000, 0x0000000084000000, 0x0000000084100000|  0%| F|  |TAMS 0x0000000084000000| PB 0x0000000084000000| Untracked 
|  65|0x0000000084100000, 0x0000000084100000, 0x0000000084200000|  0%| F|  |TAMS 0x0000000084100000| PB 0x0000000084100000| Untracked 
|  66|0x0000000084200000, 0x0000000084200000, 0x0000000084300000|  0%| F|  |TAMS 0x0000000084200000| PB 0x0000000084200000| Untracked 
|  67|0x0000000084300000, 0x0000000084300000, 0x0000000084400000|  0%| F|  |TAMS 0x0000000084300000| PB 0x0000000084300000| Untracked 
|  68|0x0000000084400000, 0x0000000084400000, 0x0000000084500000|  0%| F|  |TAMS 0x0000000084400000| PB 0x0000000084400000| Untracked 
|  69|0x0000000084500000, 0x0000000084500000, 0x0000000084600000|  0%| F|  |TAMS 0x0000000084500000| PB 0x0000000084500000| Untracked 
|  70|0x0000000084600000, 0x0000000084600000, 0x0000000084700000|  0%| F|  |TAMS 0x0000000084600000| PB 0x0000000084600000| Untracked 
|  71|0x0000000084700000, 0x0000000084700000, 0x0000000084800000|  0%| F|  |TAMS 0x0000000084700000| PB 0x0000000084700000| Untracked 
|  72|0x0000000084800000, 0x0000000084800000, 0x0000000084900000|  0%| F|  |TAMS 0x0000000084800000| PB 0x0000000084800000| Untracked 
|  73|0x0000000084900000, 0x0000000084900000, 0x0000000084a00000|  0%| F|  |TAMS 0x0000000084900000| PB 0x0000000084900000| Untracked 
|  74|0x0000000084a00000, 0x0000000084a00000, 0x0000000084b00000|  0%| F|  |TAMS 0x0000000084a00000| PB 0x0000000084a00000| Untracked 
|  75|0x0000000084b00000, 0x0000000084b00000, 0x0000000084c00000|  0%| F|  |TAMS 0x0000000084b00000| PB 0x0000000084b00000| Untracked 
|  76|0x0000000084c00000, 0x0000000084c00000, 0x0000000084d00000|  0%| F|  |TAMS 0x0000000084c00000| PB 0x0000000084c00000| Untracked 
|  77|0x0000000084d00000, 0x0000000084d00000, 0x0000000084e00000|  0%| F|  |TAMS 0x0000000084d00000| PB 0x0000000084d00000| Untracked 
|  78|0x0000000084e00000, 0x0000000084e00000, 0x0000000084f00000|  0%| F|  |TAMS 0x0000000084e00000| PB 0x0000000084e00000| Untracked 
|  79|0x0000000084f00000, 0x0000000084f00000, 0x0000000085000000|  0%| F|  |TAMS 0x0000000084f00000| PB 0x0000000084f00000| Untracked 
|  80|0x0000000085000000, 0x0000000085000000, 0x0000000085100000|  0%| F|  |TAMS 0x0000000085000000| PB 0x0000000085000000| Untracked 
|  81|0x0000000085100000, 0x0000000085100000, 0x0000000085200000|  0%| F|  |TAMS 0x0000000085100000| PB 0x0000000085100000| Untracked 
|  82|0x0000000085200000, 0x0000000085200000, 0x0000000085300000|  0%| F|  |TAMS 0x0000000085200000| PB 0x0000000085200000| Untracked 
|  83|0x0000000085300000, 0x0000000085300000, 0x0000000085400000|  0%| F|  |TAMS 0x0000000085300000| PB 0x0000000085300000| Untracked 
|  84|0x0000000085400000, 0x0000000085400000, 0x0000000085500000|  0%| F|  |TAMS 0x0000000085400000| PB 0x0000000085400000| Untracked 
|  85|0x0000000085500000, 0x0000000085500000, 0x0000000085600000|  0%| F|  |TAMS 0x0000000085500000| PB 0x0000000085500000| Untracked 
|  86|0x0000000085600000, 0x0000000085600000, 0x0000000085700000|  0%| F|  |TAMS 0x0000000085600000| PB 0x0000000085600000| Untracked 
|  87|0x0000000085700000, 0x0000000085700000, 0x0000000085800000|  0%| F|  |TAMS 0x0000000085700000| PB 0x0000000085700000| Untracked 
|  88|0x0000000085800000, 0x00000000858f2298, 0x0000000085900000| 94%| S|CS|TAMS 0x0000000085800000| PB 0x0000000085800000| Complete 
|  89|0x0000000085900000, 0x0000000085a00000, 0x0000000085a00000|100%| S|CS|TAMS 0x0000000085900000| PB 0x0000000085900000| Complete 
|  90|0x0000000085a00000, 0x0000000085b00000, 0x0000000085b00000|100%| S|CS|TAMS 0x0000000085a00000| PB 0x0000000085a00000| Complete 
|  91|0x0000000085b00000, 0x0000000085c00000, 0x0000000085c00000|100%| S|CS|TAMS 0x0000000085b00000| PB 0x0000000085b00000| Complete 
|  92|0x0000000085c00000, 0x0000000085c00000, 0x0000000085d00000|  0%| F|  |TAMS 0x0000000085c00000| PB 0x0000000085c00000| Untracked 
|  93|0x0000000085d00000, 0x0000000085d00000, 0x0000000085e00000|  0%| F|  |TAMS 0x0000000085d00000| PB 0x0000000085d00000| Untracked 
|  94|0x0000000085e00000, 0x0000000085e00000, 0x0000000085f00000|  0%| F|  |TAMS 0x0000000085e00000| PB 0x0000000085e00000| Untracked 
|  95|0x0000000085f00000, 0x0000000085f00000, 0x0000000086000000|  0%| F|  |TAMS 0x0000000085f00000| PB 0x0000000085f00000| Untracked 
|  96|0x0000000086000000, 0x0000000086000000, 0x0000000086100000|  0%| F|  |TAMS 0x0000000086000000| PB 0x0000000086000000| Untracked 
|  97|0x0000000086100000, 0x0000000086100000, 0x0000000086200000|  0%| F|  |TAMS 0x0000000086100000| PB 0x0000000086100000| Untracked 
|  98|0x0000000086200000, 0x0000000086280800, 0x0000000086300000| 50%| E|  |TAMS 0x0000000086200000| PB 0x0000000086200000| Complete 
|  99|0x0000000086300000, 0x0000000086400000, 0x0000000086400000|100%| E|CS|TAMS 0x0000000086300000| PB 0x0000000086300000| Complete 
| 100|0x0000000086400000, 0x0000000086500000, 0x0000000086500000|100%| E|CS|TAMS 0x0000000086400000| PB 0x0000000086400000| Complete 
| 101|0x0000000086500000, 0x0000000086600000, 0x0000000086600000|100%| E|CS|TAMS 0x0000000086500000| PB 0x0000000086500000| Complete 
| 102|0x0000000086600000, 0x0000000086700000, 0x0000000086700000|100%| E|CS|TAMS 0x0000000086600000| PB 0x0000000086600000| Complete 
| 103|0x0000000086700000, 0x0000000086800000, 0x0000000086800000|100%| E|CS|TAMS 0x0000000086700000| PB 0x0000000086700000| Complete 
| 104|0x0000000086800000, 0x0000000086900000, 0x0000000086900000|100%| E|CS|TAMS 0x0000000086800000| PB 0x0000000086800000| Complete 
| 105|0x0000000086900000, 0x0000000086a00000, 0x0000000086a00000|100%| E|CS|TAMS 0x0000000086900000| PB 0x0000000086900000| Complete 
| 106|0x0000000086a00000, 0x0000000086b00000, 0x0000000086b00000|100%| E|CS|TAMS 0x0000000086a00000| PB 0x0000000086a00000| Complete 
| 107|0x0000000086b00000, 0x0000000086b00000, 0x0000000086c00000|  0%| F|  |TAMS 0x0000000086b00000| PB 0x0000000086b00000| Untracked 
| 108|0x0000000086c00000, 0x0000000086c00000, 0x0000000086d00000|  0%| F|  |TAMS 0x0000000086c00000| PB 0x0000000086c00000| Untracked 
| 109|0x0000000086d00000, 0x0000000086d00000, 0x0000000086e00000|  0%| F|  |TAMS 0x0000000086d00000| PB 0x0000000086d00000| Untracked 
| 110|0x0000000086e00000, 0x0000000086e00000, 0x0000000086f00000|  0%| F|  |TAMS 0x0000000086e00000| PB 0x0000000086e00000| Untracked 
| 111|0x0000000086f00000, 0x0000000087000000, 0x0000000087000000|100%| E|CS|TAMS 0x0000000086f00000| PB 0x0000000086f00000| Complete 
|2034|0x00000000ff200000, 0x00000000ff300000, 0x00000000ff300000|100%| O|  |TAMS 0x00000000ff300000| PB 0x00000000ff300000| Untracked 
|2035|0x00000000ff300000, 0x00000000ff400000, 0x00000000ff400000|100%| O|  |TAMS 0x00000000ff400000| PB 0x00000000ff400000| Untracked 
|2036|0x00000000ff400000, 0x00000000ff500000, 0x00000000ff500000|100%| O|  |TAMS 0x00000000ff500000| PB 0x00000000ff500000| Untracked 
|2037|0x00000000ff500000, 0x00000000ff600000, 0x00000000ff600000|100%| O|  |TAMS 0x00000000ff600000| PB 0x00000000ff600000| Updating 
|2038|0x00000000ff600000, 0x00000000ff700000, 0x00000000ff700000|100%| O|  |TAMS 0x00000000ff700000| PB 0x00000000ff700000| Untracked 
|2039|0x00000000ff700000, 0x00000000ff800000, 0x00000000ff800000|100%| E|CS|TAMS 0x00000000ff700000| PB 0x00000000ff700000| Complete 
|2040|0x00000000ff800000, 0x00000000ff900000, 0x00000000ff900000|100%| O|  |TAMS 0x00000000ff900000| PB 0x00000000ff900000| Untracked 
|2041|0x00000000ff900000, 0x00000000ffa00000, 0x00000000ffa00000|100%| O|  |TAMS 0x00000000ffa00000| PB 0x00000000ffa00000| Untracked 
|2042|0x00000000ffa00000, 0x00000000ffb00000, 0x00000000ffb00000|100%| O|  |TAMS 0x00000000ffb00000| PB 0x00000000ffb00000| Untracked 
|2043|0x00000000ffb00000, 0x00000000ffc00000, 0x00000000ffc00000|100%| O|  |TAMS 0x00000000ffc00000| PB 0x00000000ffc00000| Untracked 
|2044|0x00000000ffc00000, 0x00000000ffd00000, 0x00000000ffd00000|100%| O|  |TAMS 0x00000000ffd00000| PB 0x00000000ffd00000| Untracked 
|2045|0x00000000ffd00000, 0x00000000ffe00000, 0x00000000ffe00000|100%| O|  |TAMS 0x00000000ffe00000| PB 0x00000000ffe00000| Untracked 
|2046|0x00000000ffe00000, 0x00000000fff00000, 0x00000000fff00000|100%| O|  |TAMS 0x00000000fff00000| PB 0x00000000fff00000| Untracked 
|2047|0x00000000fff00000, 0x0000000100000000, 0x0000000100000000|100%| O|  |TAMS 0x0000000100000000| PB 0x0000000100000000| Untracked 

Card table byte_map: [0x000002c429890000,0x000002c429c90000] _byte_map_base: 0x000002c429490000

Marking Bits: (CMBitMap*) 0x000002c414f8e580
 Bits: [0x000002c429c90000, 0x000002c42bc90000)

Polling page: 0x000002c414fa0000

Metaspace:

Usage:
  Non-class:     64.77 MB used.
      Class:     10.21 MB used.
       Both:     74.98 MB used.

Virtual space:
  Non-class space:      128.00 MB reserved,      65.62 MB ( 51%) committed,  2 nodes.
      Class space:        1.00 GB reserved,      11.06 MB (  1%) committed,  1 nodes.
             Both:        1.12 GB reserved,      76.69 MB (  7%) committed. 

Chunk freelists:
   Non-Class:  14.03 MB
       Class:  4.75 MB
        Both:  18.78 MB

MaxMetaspaceSize: unlimited
CompressedClassSpaceSize: 1.00 GB
Initial GC threshold: 21.00 MB
Current GC threshold: 113.25 MB
CDS: off
 - commit_granule_bytes: 65536.
 - commit_granule_words: 8192.
 - virtual_space_node_default_size: 8388608.
 - enlarge_chunks_in_place: 1.
 - use_allocation_guard: 0.


Internal statistics:

num_allocs_failed_limit: 12.
num_arena_births: 3378.
num_arena_deaths: 0.
num_vsnodes_births: 3.
num_vsnodes_deaths: 0.
num_space_committed: 1227.
num_space_uncommitted: 0.
num_chunks_returned_to_freelist: 12.
num_chunks_taken_from_freelist: 6476.
num_chunk_merges: 12.
num_chunk_splits: 4232.
num_chunks_enlarged: 2638.
num_inconsistent_stats: 0.

CodeHeap 'non-profiled nmethods': size=120000Kb used=4087Kb max_used=4216Kb free=115912Kb
 bounds [0x000002c421c30000, 0x000002c422050000, 0x000002c429160000]
CodeHeap 'profiled nmethods': size=120000Kb used=13682Kb max_used=13829Kb free=106317Kb
 bounds [0x000002c41a160000, 0x000002c41aef0000, 0x000002c421690000]
CodeHeap 'non-nmethods': size=5760Kb used=2012Kb max_used=2042Kb free=3747Kb
 bounds [0x000002c421690000, 0x000002c421900000, 0x000002c421c30000]
 total_blobs=8254 nmethods=7476 adapters=682
 compilation: enabled
              stopped_count=0, restarted_count=0
 full_count=0

Compilation events (20 events):
Event: 15.249 Thread 0x000002c42e9ac280 8723       3       java.math.MutableBigInteger::isZero (13 bytes)
Event: 15.249 Thread 0x000002c42e9ac280 nmethod 8723 0x000002c41a93b010 code [0x000002c41a93b1a0, 0x000002c41a93b308]
Event: 15.249 Thread 0x000002c42e9ac280 8724       3       java.math.MutableBigInteger::getLowestSetBit (74 bytes)
Event: 15.249 Thread 0x000002c42e9ac280 nmethod 8724 0x000002c41aedf510 code [0x000002c41aedf6e0, 0x000002c41aedfa30]
Event: 15.250 Thread 0x000002c42e9ac280 8725       3       java.math.MutableBigInteger::subtract (220 bytes)
Event: 15.250 Thread 0x000002c42e9ac280 nmethod 8725 0x000002c41aedfb90 code [0x000002c41aedfda0, 0x000002c41aee04e0]
Event: 15.251 Thread 0x000002c42e9ac280 8726       3       java.math.MutableBigInteger::rightShift (79 bytes)
Event: 15.251 Thread 0x000002c42e98beb0 nmethod 8714 0x000002c42204cd90 code [0x000002c42204cf60, 0x000002c42204d6a8]
Event: 15.251 Thread 0x000002c42e9ac280 nmethod 8726 0x000002c41aee0890 code [0x000002c41aee0a80, 0x000002c41aee0e20]
Event: 15.251 Thread 0x000002c42e98beb0 8720       4       java.util.Arrays::hashCode (60 bytes)
Event: 15.251 Thread 0x000002c42e9ac280 8727       3       java.math.MutableBigInteger::leftShift (293 bytes)
Event: 15.252 Thread 0x000002c42e9ac280 nmethod 8727 0x000002c41aee0f90 code [0x000002c41aee1200, 0x000002c41aee1c80]
Event: 15.253 Thread 0x000002c42e98beb0 nmethod 8720 0x000002c42204db90 code [0x000002c42204dd40, 0x000002c42204dff0]
Event: 15.254 Thread 0x000002c42e9ac280 8728       3       java.math.MutableBigInteger::isOne (27 bytes)
Event: 15.254 Thread 0x000002c42e9ac280 nmethod 8728 0x000002c41aee2010 code [0x000002c41aee21c0, 0x000002c41aee2388]
Event: 15.255 Thread 0x000002c42e9ac280 8729       3       java.math.BigInteger::multiplyToLenCheck (28 bytes)
Event: 15.256 Thread 0x000002c42e9ac280 nmethod 8729 0x000002c41aee2490 code [0x000002c41aee2680, 0x000002c41aee2a40]
Event: 15.256 Thread 0x000002c42e98beb0 8730       4       java.math.BigInteger::implMultiplyToLen (216 bytes)
Event: 15.257 Thread 0x000002c42e9ac280 8731       3       java.math.BigInteger::primitiveLeftShift (37 bytes)
Event: 15.258 Thread 0x000002c42e9ac280 nmethod 8731 0x000002c41aee2c10 code [0x000002c41aee2e00, 0x000002c41aee31c0]

GC Heap History (20 events):
Event: 10.774 GC heap before
{Heap before GC invocations=14 (full 0):
 garbage-first heap   total 89088K, used 78792K [0x0000000080000000, 0x0000000100000000)
  region size 1024K, 43 young (44032K), 3 survivors (3072K)
 Metaspace       used 64311K, committed 65920K, reserved 1114112K
  class space    used 8911K, committed 9664K, reserved 1048576K
}
Event: 10.780 GC heap after
{Heap after GC invocations=15 (full 0):
 garbage-first heap   total 89088K, used 40777K [0x0000000080000000, 0x0000000100000000)
  region size 1024K, 6 young (6144K), 6 survivors (6144K)
 Metaspace       used 64311K, committed 65920K, reserved 1114112K
  class space    used 8911K, committed 9664K, reserved 1048576K
}
Event: 11.583 GC heap before
{Heap before GC invocations=15 (full 0):
 garbage-first heap   total 89088K, used 75593K [0x0000000080000000, 0x0000000100000000)
  region size 1024K, 41 young (41984K), 6 survivors (6144K)
 Metaspace       used 65440K, committed 66944K, reserved 1114112K
  class space    used 9035K, committed 9792K, reserved 1048576K
}
Event: 11.594 GC heap after
{Heap after GC invocations=16 (full 0):
 garbage-first heap   total 89088K, used 44569K [0x0000000080000000, 0x0000000100000000)
  region size 1024K, 6 young (6144K), 6 survivors (6144K)
 Metaspace       used 65440K, committed 66944K, reserved 1114112K
  class space    used 9035K, committed 9792K, reserved 1048576K
}
Event: 11.931 GC heap before
{Heap before GC invocations=16 (full 0):
 garbage-first heap   total 89088K, used 76313K [0x0000000080000000, 0x0000000100000000)
  region size 1024K, 38 young (38912K), 6 survivors (6144K)
 Metaspace       used 65876K, committed 67456K, reserved 1114112K
  class space    used 9062K, committed 9856K, reserved 1048576K
}
Event: 11.938 GC heap after
{Heap after GC invocations=17 (full 0):
 garbage-first heap   total 89088K, used 47121K [0x0000000080000000, 0x0000000100000000)
  region size 1024K, 4 young (4096K), 4 survivors (4096K)
 Metaspace       used 65876K, committed 67456K, reserved 1114112K
  class space    used 9062K, committed 9856K, reserved 1048576K
}
Event: 12.175 GC heap before
{Heap before GC invocations=17 (full 0):
 garbage-first heap   total 89088K, used 77841K [0x0000000080000000, 0x0000000100000000)
  region size 1024K, 35 young (35840K), 4 survivors (4096K)
 Metaspace       used 66067K, committed 67648K, reserved 1114112K
  class space    used 9062K, committed 9856K, reserved 1048576K
}
Event: 12.180 GC heap after
{Heap after GC invocations=18 (full 0):
 garbage-first heap   total 107520K, used 47775K [0x0000000080000000, 0x0000000100000000)
  region size 1024K, 3 young (3072K), 3 survivors (3072K)
 Metaspace       used 66067K, committed 67648K, reserved 1114112K
  class space    used 9062K, committed 9856K, reserved 1048576K
}
Event: 12.500 GC heap before
{Heap before GC invocations=19 (full 0):
 garbage-first heap   total 107520K, used 93855K [0x0000000080000000, 0x0000000100000000)
  region size 1024K, 49 young (50176K), 3 survivors (3072K)
 Metaspace       used 66092K, committed 67648K, reserved 1114112K
  class space    used 9062K, committed 9856K, reserved 1048576K
}
Event: 12.505 GC heap after
{Heap after GC invocations=20 (full 0):
 garbage-first heap   total 107520K, used 48700K [0x0000000080000000, 0x0000000100000000)
  region size 1024K, 4 young (4096K), 4 survivors (4096K)
 Metaspace       used 66092K, committed 67648K, reserved 1114112K
  class space    used 9062K, committed 9856K, reserved 1048576K
}
Event: 13.102 GC heap before
{Heap before GC invocations=20 (full 0):
 garbage-first heap   total 107520K, used 106044K [0x0000000080000000, 0x0000000100000000)
  region size 1024K, 47 young (48128K), 4 survivors (4096K)
 Metaspace       used 66844K, committed 68416K, reserved 1114112K
  class space    used 9189K, committed 9984K, reserved 1048576K
}
Event: 13.109 GC heap after
{Heap after GC invocations=21 (full 0):
 garbage-first heap   total 119808K, used 68158K [0x0000000080000000, 0x0000000100000000)
  region size 1024K, 7 young (7168K), 7 survivors (7168K)
 Metaspace       used 66844K, committed 68416K, reserved 1114112K
  class space    used 9189K, committed 9984K, reserved 1048576K
}
Event: 13.360 GC heap before
{Heap before GC invocations=21 (full 0):
 garbage-first heap   total 119808K, used 80446K [0x0000000080000000, 0x0000000100000000)
  region size 1024K, 21 young (21504K), 7 survivors (7168K)
 Metaspace       used 67871K, committed 69504K, reserved 1114112K
  class space    used 9312K, committed 10112K, reserved 1048576K
}
Event: 13.364 GC heap after
{Heap after GC invocations=22 (full 0):
 garbage-first heap   total 119808K, used 70140K [0x0000000080000000, 0x0000000100000000)
  region size 1024K, 2 young (2048K), 2 survivors (2048K)
 Metaspace       used 67871K, committed 69504K, reserved 1114112K
  class space    used 9312K, committed 10112K, reserved 1048576K
}
Event: 14.026 GC heap before
{Heap before GC invocations=23 (full 0):
 garbage-first heap   total 124928K, used 100860K [0x0000000080000000, 0x0000000100000000)
  region size 1024K, 32 young (32768K), 2 survivors (2048K)
 Metaspace       used 70473K, committed 72128K, reserved 1114112K
  class space    used 9649K, committed 10432K, reserved 1048576K
}
Event: 14.029 GC heap after
{Heap after GC invocations=24 (full 0):
 garbage-first heap   total 124928K, used 71878K [0x0000000080000000, 0x0000000100000000)
  region size 1024K, 3 young (3072K), 3 survivors (3072K)
 Metaspace       used 70473K, committed 72128K, reserved 1114112K
  class space    used 9649K, committed 10432K, reserved 1048576K
}
Event: 14.820 GC heap before
{Heap before GC invocations=24 (full 0):
 garbage-first heap   total 124928K, used 105670K [0x0000000080000000, 0x0000000100000000)
  region size 1024K, 37 young (37888K), 3 survivors (3072K)
 Metaspace       used 74423K, committed 76096K, reserved 1179648K
  class space    used 10135K, committed 10944K, reserved 1048576K
}
Event: 14.824 GC heap after
{Heap after GC invocations=25 (full 0):
 garbage-first heap   total 124928K, used 72397K [0x0000000080000000, 0x0000000100000000)
  region size 1024K, 4 young (4096K), 4 survivors (4096K)
 Metaspace       used 74423K, committed 76096K, reserved 1179648K
  class space    used 10135K, committed 10944K, reserved 1048576K
}
Event: 15.186 GC heap before
{Heap before GC invocations=25 (full 0):
 garbage-first heap   total 124928K, used 87757K [0x0000000080000000, 0x0000000100000000)
  region size 1024K, 21 young (21504K), 4 survivors (4096K)
 Metaspace       used 76769K, committed 78528K, reserved 1179648K
  class space    used 10453K, committed 11328K, reserved 1048576K
}
Event: 15.191 GC heap after
{Heap after GC invocations=26 (full 0):
 garbage-first heap   total 124928K, used 74276K [0x0000000080000000, 0x0000000100000000)
  region size 1024K, 4 young (4096K), 4 survivors (4096K)
 Metaspace       used 76769K, committed 78528K, reserved 1179648K
  class space    used 10453K, committed 11328K, reserved 1048576K
}

Dll operation events (3 events):
Event: 0.009 Loaded shared library C:\Program Files\Android\Android Studio\jbr\bin\java.dll
Event: 0.015 Loaded shared library C:\Program Files\Android\Android Studio\jbr\bin\zip.dll
Event: 0.649 Loaded shared library C:\Program Files\Android\Android Studio\jbr\bin\verify.dll

Deoptimization events (20 events):
Event: 15.257 Thread 0x000002c4350c4580 DEOPT PACKING pc=0x000002c41aeddaa4 sp=0x000000fa2b5f20a0
Event: 15.257 Thread 0x000002c4350c4580 DEOPT UNPACKING pc=0x000002c4216e4e42 sp=0x000000fa2b5f1520 mode 0
Event: 15.257 Thread 0x000002c4350c4580 DEOPT PACKING pc=0x000002c41aec6d33 sp=0x000000fa2b5f2020
Event: 15.257 Thread 0x000002c4350c4580 DEOPT UNPACKING pc=0x000002c4216e4e42 sp=0x000000fa2b5f1490 mode 0
Event: 15.258 Thread 0x000002c4350c4580 DEOPT PACKING pc=0x000002c41aec38f8 sp=0x000000fa2b5f20d0
Event: 15.258 Thread 0x000002c4350c4580 DEOPT UNPACKING pc=0x000002c4216e4e42 sp=0x000000fa2b5f1550 mode 0
Event: 15.258 Thread 0x000002c4350c4580 DEOPT PACKING pc=0x000002c41aeddaa4 sp=0x000000fa2b5f20a0
Event: 15.258 Thread 0x000002c4350c4580 DEOPT UNPACKING pc=0x000002c4216e4e42 sp=0x000000fa2b5f1520 mode 0
Event: 15.259 Thread 0x000002c4350c4580 DEOPT PACKING pc=0x000002c41aeddaa4 sp=0x000000fa2b5f20a0
Event: 15.259 Thread 0x000002c4350c4580 DEOPT UNPACKING pc=0x000002c4216e4e42 sp=0x000000fa2b5f1520 mode 0
Event: 15.259 Thread 0x000002c4350c4580 DEOPT PACKING pc=0x000002c41aeddaa4 sp=0x000000fa2b5f20a0
Event: 15.259 Thread 0x000002c4350c4580 DEOPT UNPACKING pc=0x000002c4216e4e42 sp=0x000000fa2b5f1520 mode 0
Event: 15.259 Thread 0x000002c4350c4580 DEOPT PACKING pc=0x000002c41aeddaa4 sp=0x000000fa2b5f20a0
Event: 15.260 Thread 0x000002c4350c4580 DEOPT UNPACKING pc=0x000002c4216e4e42 sp=0x000000fa2b5f1520 mode 0
Event: 15.260 Thread 0x000002c4350c4580 DEOPT PACKING pc=0x000002c41aeddaa4 sp=0x000000fa2b5f20a0
Event: 15.260 Thread 0x000002c4350c4580 DEOPT UNPACKING pc=0x000002c4216e4e42 sp=0x000000fa2b5f1520 mode 0
Event: 15.260 Thread 0x000002c4350c4580 DEOPT PACKING pc=0x000002c41aec30f1 sp=0x000000fa2b5f1fc0
Event: 15.260 Thread 0x000002c4350c4580 DEOPT UNPACKING pc=0x000002c4216e4e42 sp=0x000000fa2b5f1440 mode 0
Event: 15.260 Thread 0x000002c4350c4580 DEOPT PACKING pc=0x000002c41aeddaa4 sp=0x000000fa2b5f20a0
Event: 15.260 Thread 0x000002c4350c4580 DEOPT UNPACKING pc=0x000002c4216e4e42 sp=0x000000fa2b5f1520 mode 0

Classes loaded (20 events):
Event: 15.161 Loading class java/security/interfaces/ECKey
Event: 15.161 Loading class java/security/interfaces/ECKey done
Event: 15.161 Loading class java/security/interfaces/XECKey
Event: 15.161 Loading class java/security/interfaces/XECKey done
Event: 15.162 Loading class sun/security/util/KeyUtil
Event: 15.162 Loading class sun/security/util/KeyUtil done
Event: 15.162 Loading class sun/security/util/Length
Event: 15.162 Loading class sun/security/util/Length done
Event: 15.162 Loading class javax/crypto/SecretKey
Event: 15.164 Loading class javax/crypto/SecretKey done
Event: 15.165 Loading class java/util/Base64
Event: 15.165 Loading class java/util/Base64 done
Event: 15.165 Loading class java/util/Base64$Decoder
Event: 15.166 Loading class java/util/Base64$Decoder done
Event: 15.166 Loading class java/util/Base64$Encoder
Event: 15.166 Loading class java/util/Base64$Encoder done
Event: 15.169 Loading class java/util/jar/JarVerifier$VerifierStream
Event: 15.169 Loading class java/util/jar/JarVerifier$VerifierStream done
Event: 15.169 Loading class sun/security/util/ManifestEntryVerifier$SunProviderHolder
Event: 15.169 Loading class sun/security/util/ManifestEntryVerifier$SunProviderHolder done

Classes unloaded (0 events):
No events

Classes redefined (0 events):
No events

Internal exceptions (20 events):
Event: 12.680 Thread 0x000002c434c76020 Exception <a 'java/lang/NoSuchMethodError'{0x00000000847e1670}: static Lorg/gradle/internal/build/event/types/AbstractProjectConfigurationResult;.<clinit>()V> (0x00000000847e1670) 
thrown [s\src\hotspot\share\prims\jni.cpp, line 1126]
Event: 12.680 Thread 0x000002c434c76020 Exception <a 'java/lang/NoSuchMethodError'{0x00000000847e2f48}: static Lorg/gradle/internal/build/event/types/AbstractOperationResult;.<clinit>()V> (0x00000000847e2f48) 
thrown [s\src\hotspot\share\prims\jni.cpp, line 1126]
Event: 12.680 Thread 0x000002c434c76020 Exception <a 'java/lang/NoSuchMethodError'{0x00000000847e43f8}: static Lorg/gradle/internal/build/event/types/AbstractResult;.<clinit>()V> (0x00000000847e43f8) 
thrown [s\src\hotspot\share\prims\jni.cpp, line 1126]
Event: 12.682 Thread 0x000002c434c76020 Exception <a 'java/lang/NoSuchMethodError'{0x00000000847fe490}: static Lorg/gradle/internal/build/event/types/DefaultPluginApplicationResult;.<clinit>()V> (0x00000000847fe490) 
thrown [s\src\hotspot\share\prims\jni.cpp, line 1126]
Event: 12.683 Thread 0x000002c434c76020 Exception <a 'java/lang/NoSuchMethodError'{0x000000008460b6a0}: static Lorg/gradle/internal/build/event/types/DefaultBinaryPluginIdentifier;.<clinit>()V> (0x000000008460b6a0) 
thrown [s\src\hotspot\share\prims\jni.cpp, line 1126]
Event: 12.687 Thread 0x000002c434c76020 Exception <a 'java/lang/NoSuchMethodError'{0x00000000846b3568}: static Lorg/gradle/internal/build/event/types/DefaultScriptPluginIdentifier;.<clinit>()V> (0x00000000846b3568) 
thrown [s\src\hotspot\share\prims\jni.cpp, line 1126]
Event: 12.747 Thread 0x000002c4350c4580 Implicit null exception at 0x000002c421f50edd to 0x000002c421f513bc
Event: 12.846 Thread 0x000002c4350c4580 Exception <a 'java/lang/NoSuchMethodError'{0x0000000083f5d3e8}: 'void java.lang.invoke.Invokers$Holder.invoke_MT(java.lang.Object, java.lang.Object, java.lang.Object, java.lang.Object)'> (0x0000000083f5d3e8) 
thrown [s\src\hotspot\share\interpreter\linkResolver.cpp, line 784]
Event: 12.861 Thread 0x000002c4350c4580 Exception <a 'java/lang/NoSuchMethodError'{0x0000000083fd59d0}: 'java.lang.Object java.lang.invoke.DirectMethodHandle$Holder.invokeSpecial(java.lang.Object, java.lang.Object, java.lang.Object, int, java.lang.Object, java.lang.Object)'> (0x0000000083fd59d0) 
thrown [s\src\hotspot\share\interpreter\linkResolver.cpp, line 784]
Event: 13.087 Thread 0x000002c4350c4580 Exception <a 'java/lang/ClassNotFoundException'{0x0000000082f7b3c0}: sun/misc/SharedSecrets> (0x0000000082f7b3c0) 
thrown [s\src\hotspot\share\classfile\systemDictionary.cpp, line 312]
Event: 13.087 Thread 0x000002c4350c4580 Exception <a 'java/lang/ClassNotFoundException'{0x0000000082f7c9d8}: org/gradle/api/internal/plugins/DefaultObjectConfigurationActionBeanInfo> (0x0000000082f7c9d8) 
thrown [s\src\hotspot\share\classfile\systemDictionary.cpp, line 312]
Event: 13.088 Thread 0x000002c4350c4580 Exception <a 'java/lang/ClassNotFoundException'{0x0000000082f90618}: org/gradle/api/internal/plugins/DefaultObjectConfigurationActionCustomizer> (0x0000000082f90618) 
thrown [s\src\hotspot\share\classfile\systemDictionary.cpp, line 312]
Event: 13.090 Thread 0x000002c4350c4580 Implicit null exception at 0x000002c421d7b5e5 to 0x000002c421d7b870
Event: 13.091 Thread 0x000002c4350c4580 Exception <a 'java/lang/NoSuchMethodError'{0x0000000082f9db18}: 'int java.lang.invoke.DirectMethodHandle$Holder.invokeSpecial(java.lang.Object, java.lang.Object, java.lang.Object, int)'> (0x0000000082f9db18) 
thrown [s\src\hotspot\share\interpreter\linkResolver.cpp, line 784]
Event: 13.092 Thread 0x000002c4350c4580 Exception <a 'java/lang/NoSuchMethodError'{0x0000000082fae9b0}: 'java.lang.Object java.lang.invoke.DirectMethodHandle$Holder.invokeStatic(java.lang.Object, java.lang.Object, java.lang.Object, java.lang.Object, int)'> (0x0000000082fae9b0) 
thrown [s\src\hotspot\share\interpreter\linkResolver.cpp, line 784]
Event: 14.798 Thread 0x000002c4350c4580 Exception <a 'java/lang/NoSuchMethodError'{0x00000000849c3778}: 'java.lang.Object java.lang.invoke.DirectMethodHandle$Holder.newInvokeSpecial(java.lang.Object, java.lang.Object, java.lang.Object, java.lang.Object, java.lang.Object, java.lang.Object, java.lang.Object, java.lang.Object, java.lang.Object, java.lang.Object, java.lang.Object, java.lang.Object, java.lang.Object, java.lang.Object, java.lang.Object, java.lang.Object)'> (0x00000000849c3778) 
thrown [s\src\hotspot\share\interpreter\linkResolver.cpp,
Event: 14.799 Thread 0x000002c4350c4580 Exception <a 'java/lang/NoSuchMethodError'{0x00000000849ca430}: 'java.lang.Object java.lang.invoke.DirectMethodHandle$Holder.invokeSpecial(java.lang.Object, java.lang.Object, java.lang.Object, java.lang.Object, java.lang.Object, java.lang.Object, java.lang.Object, java.lang.Object, java.lang.Object, java.lang.Object, java.lang.Object, java.lang.Object, java.lang.Object, java.lang.Object, java.lang.Object, java.lang.Object, java.lang.Object)'> (0x00000000849ca430) 
thrown [s\src\hotspot\share\interpreter\li
Event: 14.799 Thread 0x000002c4350c4580 Exception <a 'java/lang/NoSuchMethodError'{0x00000000849d0070}: 'java.lang.Object java.lang.invoke.DelegatingMethodHandle$Holder.reinvoke_L(java.lang.Object, java.lang.Object, java.lang.Object, java.lang.Object, java.lang.Object, java.lang.Object, java.lang.Object, java.lang.Object, java.lang.Object, java.lang.Object, java.lang.Object, java.lang.Object, java.lang.Object, java.lang.Object, java.lang.Object, java.lang.Object)'> (0x00000000849d0070) 
thrown [s\src\hotspot\share\interpreter\linkResolver.cpp, l
Event: 14.915 Thread 0x000002c4350c4580 Exception <a 'java/lang/NoSuchMethodError'{0x00000000868499c0}: 'void java.lang.invoke.DirectMethodHandle$Holder.invokeVirtual(java.lang.Object, java.lang.Object)'> (0x00000000868499c0) 
thrown [s\src\hotspot\share\interpreter\linkResolver.cpp, line 784]
Event: 15.244 Thread 0x000002c4350c4580 Implicit null exception at 0x000002c42203f7f4 to 0x000002c422040058

ZGC Phase Switch (0 events):
No events

VM Operations (20 events):
Event: 13.109 Executing VM operation: G1CollectForAllocation (G1 Evacuation Pause) done
Event: 13.360 Executing VM operation: G1TryInitiateConcMark (G1 Humongous Allocation)
Event: 13.364 Executing VM operation: G1TryInitiateConcMark (G1 Humongous Allocation) done
Event: 13.411 Executing VM operation: G1PauseRemark
Event: 13.416 Executing VM operation: G1PauseRemark done
Event: 13.437 Executing VM operation: G1PauseCleanup
Event: 13.437 Executing VM operation: G1PauseCleanup done
Event: 14.026 Executing VM operation: G1CollectForAllocation (G1 Evacuation Pause)
Event: 14.029 Executing VM operation: G1CollectForAllocation (G1 Evacuation Pause) done
Event: 14.820 Executing VM operation: G1CollectForAllocation (G1 Evacuation Pause)
Event: 14.824 Executing VM operation: G1CollectForAllocation (G1 Evacuation Pause) done
Event: 15.042 Executing VM operation: HandshakeAllThreads (Deoptimize)
Event: 15.042 Executing VM operation: HandshakeAllThreads (Deoptimize) done
Event: 15.107 Executing VM operation: HandshakeAllThreads (Deoptimize)
Event: 15.107 Executing VM operation: HandshakeAllThreads (Deoptimize) done
Event: 15.108 Executing VM operation: HandshakeAllThreads (Deoptimize)
Event: 15.108 Executing VM operation: HandshakeAllThreads (Deoptimize) done
Event: 15.186 Executing VM operation: G1TryInitiateConcMark (G1 Humongous Allocation)
Event: 15.195 Executing VM operation: G1TryInitiateConcMark (G1 Humongous Allocation) done
Event: 15.260 Executing VM operation: G1PauseRemark

Events (20 events):
Event: 15.266 Thread 0x000002c42e6fd130 flushing nmethod 0x000002c41a247410
Event: 15.266 Thread 0x000002c42e6fd130 flushing nmethod 0x000002c41a18fc90
Event: 15.266 Thread 0x000002c42e6fd130 flushing nmethod 0x000002c422002910
Event: 15.266 Thread 0x000002c42e6fd130 flushing nmethod 0x000002c421febc90
Event: 15.266 Thread 0x000002c42e6fd130 flushing nmethod 0x000002c421f50c90
Event: 15.266 Thread 0x000002c42e6fd130 flushing nmethod 0x000002c421eea990
Event: 15.266 Thread 0x000002c42e6fd130 flushing nmethod 0x000002c421ebea10
Event: 15.266 Thread 0x000002c42e6fd130 flushing nmethod 0x000002c421ebd210
Event: 15.266 Thread 0x000002c42e6fd130 flushing nmethod 0x000002c421d93010
Event: 15.266 Thread 0x000002c42e6fd130 flushing nmethod 0x000002c421d89110
Event: 15.266 Thread 0x000002c42e6fd130 flushing nmethod 0x000002c421e60390
Event: 15.267 Thread 0x000002c42e6fd130 flushing nmethod 0x000002c421e96310
Event: 15.267 Thread 0x000002c42e6fd130 flushing nmethod 0x000002c421e95f90
Event: 15.267 Thread 0x000002c42e6fd130 flushing nmethod 0x000002c421e95890
Event: 15.267 Thread 0x000002c42e6fd130 flushing nmethod 0x000002c421e50c90
Event: 15.267 Thread 0x000002c42e6fd130 flushing nmethod 0x000002c421df1f10
Event: 15.267 Thread 0x000002c42e6fd130 flushing nmethod 0x000002c421d1f410
Event: 15.267 Thread 0x000002c42e6fd130 flushing nmethod 0x000002c421d7b310
Event: 15.267 Thread 0x000002c42e6fd130 flushing nmethod 0x000002c421ca7e10
Event: 15.267 Thread 0x000002c42e6fd130 flushing nmethod 0x000002c421c7db90


Dynamic libraries:
0x00007ff7a9930000 - 0x00007ff7a993a000 	C:\Program Files\Android\Android Studio\jbr\bin\java.exe
0x00007ffe4b8d0000 - 0x00007ffe4bac8000 	C:\WINDOWS\SYSTEM32\ntdll.dll
0x00007ffe4ae60000 - 0x00007ffe4af22000 	C:\WINDOWS\System32\KERNEL32.DLL
0x00007ffe48ff0000 - 0x00007ffe492ee000 	C:\WINDOWS\System32\KERNELBASE.dll
0x00007ffe49720000 - 0x00007ffe49820000 	C:\WINDOWS\System32\ucrtbase.dll
0x00007ffe2c510000 - 0x00007ffe2c52b000 	C:\Program Files\Android\Android Studio\jbr\bin\VCRUNTIME140.dll
0x00007ffe0a900000 - 0x00007ffe0a918000 	C:\Program Files\Android\Android Studio\jbr\bin\jli.dll
0x00007ffe4a190000 - 0x00007ffe4a32d000 	C:\WINDOWS\System32\USER32.dll
0x00007ffe48f70000 - 0x00007ffe48f92000 	C:\WINDOWS\System32\win32u.dll
0x00007ffe33b40000 - 0x00007ffe33dda000 	C:\WINDOWS\WinSxS\amd64_microsoft.windows.common-controls_6595b64144ccf1df_6.0.19041.4355_none_60b8b9eb71f62e16\COMCTL32.dll
0x00007ffe49ea0000 - 0x00007ffe49f3e000 	C:\WINDOWS\System32\msvcrt.dll
0x00007ffe4a330000 - 0x00007ffe4a35b000 	C:\WINDOWS\System32\GDI32.dll
0x00007ffe49600000 - 0x00007ffe49717000 	C:\WINDOWS\System32\gdi32full.dll
0x00007ffe49820000 - 0x00007ffe498bd000 	C:\WINDOWS\System32\msvcp_win.dll
0x00007ffe4a150000 - 0x00007ffe4a17f000 	C:\WINDOWS\System32\IMM32.DLL
0x00007ffe465c0000 - 0x00007ffe465cc000 	C:\Program Files\Android\Android Studio\jbr\bin\vcruntime140_1.dll
0x00007ffdea430000 - 0x00007ffdea4bd000 	C:\Program Files\Android\Android Studio\jbr\bin\msvcp140.dll
0x00007ffde3240000 - 0x00007ffde3ebd000 	C:\Program Files\Android\Android Studio\jbr\bin\server\jvm.dll
0x00007ffe4a560000 - 0x00007ffe4a612000 	C:\WINDOWS\System32\ADVAPI32.dll
0x00007ffe49a40000 - 0x00007ffe49ae0000 	C:\WINDOWS\System32\sechost.dll
0x00007ffe49d70000 - 0x00007ffe49e93000 	C:\WINDOWS\System32\RPCRT4.dll
0x00007ffe498c0000 - 0x00007ffe498e7000 	C:\WINDOWS\System32\bcrypt.dll
0x00007ffe4ad90000 - 0x00007ffe4adfb000 	C:\WINDOWS\System32\WS2_32.dll
0x00007ffe48dd0000 - 0x00007ffe48e1b000 	C:\WINDOWS\SYSTEM32\POWRPROF.dll
0x00007ffe3d880000 - 0x00007ffe3d8a7000 	C:\WINDOWS\SYSTEM32\WINMM.dll
0x00007ffe3d8b0000 - 0x00007ffe3d8ba000 	C:\WINDOWS\SYSTEM32\VERSION.dll
0x00007ffe48db0000 - 0x00007ffe48dc2000 	C:\WINDOWS\SYSTEM32\UMPDC.dll
0x00007ffe46df0000 - 0x00007ffe46e02000 	C:\WINDOWS\SYSTEM32\kernel.appcore.dll
0x00007ffe42e40000 - 0x00007ffe42e4a000 	C:\Program Files\Android\Android Studio\jbr\bin\jimage.dll
0x00007ffe40930000 - 0x00007ffe40b14000 	C:\WINDOWS\SYSTEM32\DBGHELP.DLL
0x00007ffe39a40000 - 0x00007ffe39a74000 	C:\WINDOWS\SYSTEM32\dbgcore.DLL
0x00007ffe493a0000 - 0x00007ffe49422000 	C:\WINDOWS\System32\bcryptPrimitives.dll
0x00007ffe290c0000 - 0x00007ffe290ce000 	C:\Program Files\Android\Android Studio\jbr\bin\instrument.dll
0x00007ffe2b890000 - 0x00007ffe2b8af000 	C:\Program Files\Android\Android Studio\jbr\bin\java.dll
0x00007ffe29c00000 - 0x00007ffe29c18000 	C:\Program Files\Android\Android Studio\jbr\bin\zip.dll
0x00007ffe4a620000 - 0x00007ffe4ad8f000 	C:\WINDOWS\System32\SHELL32.dll
0x00007ffe46ff0000 - 0x00007ffe47794000 	C:\WINDOWS\SYSTEM32\windows.storage.dll
0x00007ffe4b060000 - 0x00007ffe4b3b3000 	C:\WINDOWS\System32\combase.dll
0x00007ffe488d0000 - 0x00007ffe488fe000 	C:\WINDOWS\SYSTEM32\Wldp.dll
0x00007ffe4af90000 - 0x00007ffe4b05d000 	C:\WINDOWS\System32\OLEAUT32.dll
0x00007ffe49cc0000 - 0x00007ffe49d6d000 	C:\WINDOWS\System32\SHCORE.dll
0x00007ffe4a0f0000 - 0x00007ffe4a145000 	C:\WINDOWS\System32\shlwapi.dll
0x00007ffe48ea0000 - 0x00007ffe48ec4000 	C:\WINDOWS\SYSTEM32\profapi.dll
0x00007ffe364e0000 - 0x00007ffe364f0000 	C:\Program Files\Android\Android Studio\jbr\bin\net.dll
0x00007ffe3f3c0000 - 0x00007ffe3f4cd000 	C:\WINDOWS\SYSTEM32\WINHTTP.dll
0x00007ffe48630000 - 0x00007ffe4869a000 	C:\WINDOWS\system32\mswsock.dll
0x00007ffe26b20000 - 0x00007ffe26b36000 	C:\Program Files\Android\Android Studio\jbr\bin\nio.dll
0x00007ffe30880000 - 0x00007ffe30890000 	C:\Program Files\Android\Android Studio\jbr\bin\verify.dll
0x00007ffe238e0000 - 0x00007ffe23907000 	C:\Users\dbulb\.gradle\native\c067742578af261105cb4f569cf0c3c89f3d7b1fecec35dd04571415982c5e48\windows-amd64\native-platform.dll
0x00007ffde9830000 - 0x00007ffde9974000 	C:\Users\dbulb\.gradle\native\100fb08df4bc3b14c8652ba06237920a3bd2aa13389f12d3474272988ae205f9\windows-amd64\native-platform-file-events.dll
0x00007ffe36130000 - 0x00007ffe36139000 	C:\Program Files\Android\Android Studio\jbr\bin\management.dll
0x00007ffe30af0000 - 0x00007ffe30afb000 	C:\Program Files\Android\Android Studio\jbr\bin\management_ext.dll
0x00007ffe49980000 - 0x00007ffe49988000 	C:\WINDOWS\System32\PSAPI.DLL
0x00007ffe48830000 - 0x00007ffe48848000 	C:\WINDOWS\SYSTEM32\CRYPTSP.dll
0x00007ffe47f50000 - 0x00007ffe47f84000 	C:\WINDOWS\system32\rsaenh.dll
0x00007ffe48e60000 - 0x00007ffe48e8e000 	C:\WINDOWS\SYSTEM32\USERENV.dll
0x00007ffe48820000 - 0x00007ffe4882c000 	C:\WINDOWS\SYSTEM32\CRYPTBASE.dll
0x00007ffe48310000 - 0x00007ffe4834b000 	C:\WINDOWS\SYSTEM32\IPHLPAPI.DLL
0x00007ffe49ae0000 - 0x00007ffe49ae8000 	C:\WINDOWS\System32\NSI.dll
0x00007ffe361f0000 - 0x00007ffe361f9000 	C:\Program Files\Android\Android Studio\jbr\bin\extnet.dll
0x00007ffe24c00000 - 0x00007ffe24c07000 	C:\WINDOWS\system32\wshunix.dll

dbghelp: loaded successfully - version: 4.0.5 - missing functions: none
symbol engine: initialized successfully - sym options: 0x614 - pdb path: .;C:\Program Files\Android\Android Studio\jbr\bin;C:\WINDOWS\SYSTEM32;C:\WINDOWS\WinSxS\amd64_microsoft.windows.common-controls_6595b64144ccf1df_6.0.19041.4355_none_60b8b9eb71f62e16;C:\Program Files\Android\Android Studio\jbr\bin\server;C:\Users\dbulb\.gradle\native\c067742578af261105cb4f569cf0c3c89f3d7b1fecec35dd04571415982c5e48\windows-amd64;C:\Users\dbulb\.gradle\native\100fb08df4bc3b14c8652ba06237920a3bd2aa13389f12d3474272988ae205f9\windows-amd64

VM Arguments:
jvm_args: --add-opens=java.base/java.util=ALL-UNNAMED --add-opens=java.base/java.lang=ALL-UNNAMED --add-opens=java.base/java.lang.invoke=ALL-UNNAMED --add-opens=java.prefs/java.util.prefs=ALL-UNNAMED --add-exports=jdk.compiler/com.sun.tools.javac.api=ALL-UNNAMED --add-exports=jdk.compiler/com.sun.tools.javac.util=ALL-UNNAMED --add-opens=java.base/java.nio.charset=ALL-UNNAMED --add-opens=java.base/java.net=ALL-UNNAMED --add-opens=java.base/java.util.concurrent.atomic=ALL-UNNAMED -Xmx2048m -Dfile.encoding=UTF-8 -Duser.country=RU -Duser.language=ru -Duser.variant -javaagent:C:\Users\dbulb\.gradle\wrapper\dists\gradle-8.9-bin\90cnw93cvbtalezasaz0blq0a\gradle-8.9\lib\agents\gradle-instrumentation-agent-8.9.jar 
java_command: org.gradle.launcher.daemon.bootstrap.GradleDaemon 8.9
java_class_path (initial): C:\Users\dbulb\.gradle\wrapper\dists\gradle-8.9-bin\90cnw93cvbtalezasaz0blq0a\gradle-8.9\lib\gradle-daemon-main-8.9.jar
Launcher Type: SUN_STANDARD

[Global flags]
     intx CICompilerCount                          = 4                                         {product} {ergonomic}
     uint ConcGCThreads                            = 2                                         {product} {ergonomic}
     uint G1ConcRefinementThreads                  = 8                                         {product} {ergonomic}
   size_t G1HeapRegionSize                         = 1048576                                   {product} {ergonomic}
    uintx GCDrainStackTargetSize                   = 64                                        {product} {ergonomic}
   size_t InitialHeapSize                          = 117440512                                 {product} {ergonomic}
   size_t MarkStackSize                            = 4194304                                   {product} {ergonomic}
   size_t MaxHeapSize                              = 2147483648                                {product} {command line}
   size_t MaxNewSize                               = 1287651328                                {product} {ergonomic}
   size_t MinHeapDeltaBytes                        = 1048576                                   {product} {ergonomic}
   size_t MinHeapSize                              = 8388608                                   {product} {ergonomic}
    uintx NonNMethodCodeHeapSize                   = 5839372                                {pd product} {ergonomic}
    uintx NonProfiledCodeHeapSize                  = 122909434                              {pd product} {ergonomic}
    uintx ProfiledCodeHeapSize                     = 122909434                              {pd product} {ergonomic}
    uintx ReservedCodeCacheSize                    = 251658240                              {pd product} {ergonomic}
     bool SegmentedCodeCache                       = true                                      {product} {ergonomic}
   size_t SoftMaxHeapSize                          = 2147483648                             {manageable} {ergonomic}
     bool UseCompressedOops                        = true                           {product lp64_product} {ergonomic}
     bool UseG1GC                                  = true                                      {product} {ergonomic}
     bool UseLargePagesIndividualAllocation        = false                                  {pd product} {ergonomic}

Logging:
Log output configuration:
 #0: stdout all=warning uptime,level,tags foldmultilines=false
 #1: stderr all=off uptime,level,tags foldmultilines=false

Environment Variables:
PATH=C:\Program Files\Common Files\Oracle\Java\javapath;C:\Python312\Scripts\;C:\Python312\;C:\WINDOWS\system32;C:\WINDOWS;C:\WINDOWS\System32\Wbem;C:\WINDOWS\System32\WindowsPowerShell\v1.0\;C:\WINDOWS\System32\OpenSSH\;C:\Program Files\Git\cmd;C:\Program Files\nodejs\;C:\ProgramData\chocolatey\bin;C:\Users\dbulb\AppData\Local\Microsoft\WindowsApps;;C:\Program Files\JetBrains\IntelliJ IDEA Community Edition 2024.1.3\bin;;C:\Users\dbulb\AppData\Local\Programs\Microsoft VS Code\bin;C:\Users\dbulb\AppData\Roaming\npm
USERNAME=dbulb
OS=Windows_NT
PROCESSOR_IDENTIFIER=AMD64 Family 23 Model 24 Stepping 1, AuthenticAMD
TMP=C:\Users\dbulb\AppData\Local\Temp
TEMP=C:\Users\dbulb\AppData\Local\Temp




Periodic native trim disabled

JNI global refs:
JNI global refs: 28, weak refs: 0

JNI global refs memory usage: 835, weak refs: 833

Process memory usage:
Resident Set Size: 353252K (4% of 7274120K total physical memory with 220496K free physical memory)

OOME stack traces (most recent first):
Classloader memory used:
Loader org.gradle.internal.classloader.VisitableURLClassLoader                         : 34611K
Loader bootstrap                                                                       : 24952K
Loader org.gradle.initialization.MixInLegacyTypesClassLoader                           : 10301K
Loader org.gradle.internal.classloader.VisitableURLClassLoader$InstrumentingVisitableURLClassLoader: 5871K
Loader jdk.internal.loader.ClassLoaders$PlatformClassLoader                            : 530K
Loader jdk.internal.loader.ClassLoaders$AppClassLoader                                 : 230K
Loader jdk.internal.reflect.DelegatingClassLoader                                      : 140K
Loader org.gradle.internal.classloader.VisitableURLClassLoader                         : 138K

Classes loaded by more than one classloader:
Class Program                                                                         : loaded 4 times (x 71B)
Class com.google.common.base.Equivalence$Identity                                     : loaded 2 times (x 79B)
Class com.google.common.collect.RegularImmutableMap$KeySet                            : loaded 2 times (x 147B)
Class org.gradle.internal.classloader.FilteringClassLoader                            : loaded 2 times (x 102B)
Class [Lcom.google.common.base.AbstractIterator$State;                                : loaded 2 times (x 66B)
Class com.google.common.base.CharMatcher$IsEither                                     : loaded 2 times (x 108B)
Class org.gradle.internal.classloader.ClassLoaderHierarchy                            : loaded 2 times (x 67B)
Class com.google.common.util.concurrent.ExecutionError                                : loaded 2 times (x 79B)
Class com.google.common.collect.ImmutableList$1                                       : loaded 2 times (x 94B)
Class org.gradle.api.internal.classpath.ManifestUtil                                  : loaded 2 times (x 68B)
Class com.google.common.collect.RegularImmutableMap                                   : loaded 2 times (x 118B)
Class com.google.common.collect.ImmutableMap$MapViewOfValuesAsSingletonSets           : loaded 2 times (x 122B)
Class com.google.common.collect.UnmodifiableListIterator                              : loaded 2 times (x 92B)
Class [Lcom.google.common.cache.CacheBuilder$OneWeigher;                              : loaded 2 times (x 66B)
Class com.google.common.base.Suppliers                                                : loaded 2 times (x 68B)
Class com.google.common.base.Platform$JdkPatternCompiler                              : loaded 2 times (x 72B)
Class org.gradle.internal.classloader.DefaultClassLoaderFactory                       : loaded 2 times (x 79B)
Class com.google.common.base.CharMatcher$None                                         : loaded 2 times (x 109B)
Class org.gradle.internal.classloader.ClassLoaderVisitor                              : loaded 2 times (x 73B)
Class [Lcom.google.common.collect.ImmutableMapEntry;                                  : loaded 2 times (x 66B)
Class org.gradle.api.internal.classpath.EffectiveClassPath                            : loaded 2 times (x 87B)
Class com.google.common.collect.ImmutableEnumMap                                      : loaded 2 times (x 122B)
Class com.google.common.collect.ListMultimap                                          : loaded 2 times (x 67B)
Class com.google.common.base.Splitter                                                 : loaded 2 times (x 69B)
Class org.gradle.api.internal.DefaultClassPathProvider                                : loaded 2 times (x 73B)
Class [Lorg.gradle.api.internal.ClassPathProvider;                                    : loaded 2 times (x 66B)
Class org.gradle.api.internal.ClassPathProvider                                       : loaded 2 times (x 67B)
Class com.google.common.cache.LocalCache$LocalLoadingCache                            : loaded 2 times (x 131B)
Class com.google.common.base.AbstractIterator$State                                   : loaded 2 times (x 76B)
Class org.gradle.internal.service.UnknownServiceException                             : loaded 2 times (x 80B)
Class com.google.common.cache.LocalCache$Strength$1                                   : loaded 2 times (x 78B)
Class com.google.common.cache.LocalCache$Strength$2                                   : loaded 2 times (x 78B)
Class com.google.common.cache.LocalCache$Strength$3                                   : loaded 2 times (x 78B)
Class com.google.common.collect.MapDifference                                         : loaded 2 times (x 67B)
Class com.google.common.base.Splitter$1                                               : loaded 2 times (x 74B)
Class com.google.common.cache.CacheBuilder$NullListener                               : loaded 2 times (x 79B)
Class org.gradle.internal.classpath.TransformedClassPath                              : loaded 2 times (x 93B)
Class com.google.common.cache.CacheLoader$FunctionToCacheLoader                       : loaded 2 times (x 72B)
Class com.google.common.collect.Iterators$ArrayItr                                    : loaded 2 times (x 94B)
Class com.google.common.collect.ImmutableCollection$Builder                           : loaded 2 times (x 73B)
Class com.google.common.base.MoreObjects                                              : loaded 2 times (x 68B)
Class com.google.common.collect.Platform                                              : loaded 2 times (x 68B)
Class com.google.common.collect.UnmodifiableIterator                                  : loaded 2 times (x 77B)
Class org.gradle.internal.service.ServiceLocator                                      : loaded 2 times (x 67B)
Class com.google.common.collect.SingletonImmutableBiMap                               : loaded 2 times (x 140B)
Class com.google.common.cache.LocalCache$1                                            : loaded 2 times (x 86B)
Class com.google.common.collect.AbstractMapEntry                                      : loaded 2 times (x 78B)
Class com.google.common.cache.LocalCache$2                                            : loaded 2 times (x 139B)
Class com.google.common.collect.AbstractMultimap                                      : loaded 2 times (x 120B)
Class com.google.common.collect.RegularImmutableAsList                                : loaded 2 times (x 213B)
Class com.google.common.collect.Iterators                                             : loaded 2 times (x 68B)
Class com.google.common.base.CharMatcher$RangesMatcher                                : loaded 2 times (x 109B)
Class com.google.common.util.concurrent.UncheckedExecutionException                   : loaded 2 times (x 79B)
Class com.google.common.collect.Lists$StringAsImmutableList                           : loaded 2 times (x 204B)
Class org.gradle.kotlin.dsl.VersionCatalogAccessorsKt                                 : loaded 2 times (x 68B)
Class com.google.common.base.CharMatcher$JavaLetterOrDigit                            : loaded 2 times (x 108B)
Class org.gradle.internal.InternalTransformer                                         : loaded 2 times (x 67B)
Class com.google.common.cache.CacheLoader$UnsupportedLoadingOperationException        : loaded 2 times (x 79B)
Class com.google.common.base.CharMatcher$And                                          : loaded 2 times (x 109B)
Class org.gradle.internal.classloader.ClasspathUtil$1                                 : loaded 2 times (x 73B)
Class com.google.common.collect.IndexedImmutableSet                                   : loaded 2 times (x 147B)
Class com.google.common.collect.ImmutableMap$1                                        : loaded 2 times (x 78B)
Class com.google.common.collect.BiMap                                                 : loaded 2 times (x 67B)
Class org.gradle.api.internal.classpath.DefaultModuleRegistry$DefaultModule           : loaded 2 times (x 83B)
Class com.google.common.collect.AbstractIterator                                      : loaded 2 times (x 79B)
Class com.google.common.math.MathPreconditions                                        : loaded 2 times (x 68B)
Class com.google.common.collect.Multiset                                              : loaded 2 times (x 67B)
Class com.google.common.collect.ArrayListMultimapGwtSerializationDependencies         : loaded 2 times (x 169B)
Class com.google.common.collect.ObjectArrays                                          : loaded 2 times (x 68B)
Class com.google.common.collect.AbstractIndexedListIterator                           : loaded 2 times (x 93B)
Class com.google.common.collect.ImmutableMapEntrySet                                  : loaded 2 times (x 148B)
Class org.gradle.api.internal.classpath.Module                                        : loaded 2 times (x 67B)
Class com.google.common.cache.Weigher                                                 : loaded 2 times (x 67B)
Class org.gradle.api.internal.classpath.UnknownModuleException                        : loaded 2 times (x 79B)
Class com.google.common.cache.LocalCache$Strength                                     : loaded 2 times (x 78B)
Class com.google.common.cache.Cache                                                   : loaded 2 times (x 67B)
Class com.google.common.collect.ImmutableMap$Builder                                  : loaded 2 times (x 79B)
Class com.google.common.base.NullnessCasts                                            : loaded 2 times (x 68B)
Class com.google.common.cache.RemovalListener                                         : loaded 2 times (x 67B)
Class org.gradle.api.internal.DefaultClassPathRegistry                                : loaded 2 times (x 73B)
Class com.google.common.collect.Multimap                                              : loaded 2 times (x 67B)
Class org.gradle.api.internal.ClassPathRegistry                                       : loaded 2 times (x 67B)
Class org.gradle.internal.classpath.DefaultClassPath$ImmutableUniqueList              : loaded 2 times (x 196B)
Class com.google.common.cache.CacheBuilder                                            : loaded 2 times (x 69B)
Class com.google.common.collect.SingletonImmutableList                                : loaded 2 times (x 204B)
Class com.google.common.base.PairwiseEquivalence                                      : loaded 2 times (x 80B)
Class Settings_gradle$1                                                               : loaded 2 times (x 71B)
Class org.gradle.internal.classpath.ClassPath                                         : loaded 2 times (x 67B)
Class org.gradle.api.UncheckedIOException                                             : loaded 2 times (x 79B)
Class com.google.common.collect.ImmutableList$ReverseImmutableList                    : loaded 2 times (x 205B)
Class com.google.common.base.JdkPattern                                               : loaded 2 times (x 72B)
Class com.google.common.base.Suppliers$SupplierOfInstance                             : loaded 2 times (x 76B)
Class com.google.common.collect.Iterators$1                                           : loaded 2 times (x 78B)
Class com.google.common.cache.LocalCache$ComputingValueReference                      : loaded 2 times (x 93B)
Class com.google.common.collect.SingletonImmutableSet                                 : loaded 2 times (x 143B)
Class com.google.common.collect.ImmutableMap$IteratorBasedImmutableMap                : loaded 2 times (x 122B)
Class com.google.common.cache.LocalCache$Segment                                      : loaded 2 times (x 151B)
Class com.google.common.cache.CacheLoader                                             : loaded 2 times (x 71B)
Class com.google.common.collect.Iterators$4                                           : loaded 2 times (x 79B)
Class com.google.common.collect.ImmutableBiMap                                        : loaded 2 times (x 140B)
Class com.google.common.collect.AbstractListMultimap                                  : loaded 2 times (x 169B)
Class org.gradle.internal.installation.GradleInstallation$1                           : loaded 2 times (x 72B)
Class org.gradle.api.internal.classpath.ModuleRegistry                                : loaded 2 times (x 67B)
Class com.google.common.collect.Iterators$5                                           : loaded 2 times (x 79B)
Class com.google.common.collect.ImmutableSet$JdkBackedSetBuilderImpl                  : loaded 2 times (x 73B)
Class com.google.common.base.Splitter$SplittingIterator                               : loaded 2 times (x 81B)
Class com.google.common.cache.LocalCache$LocalManualCache$1                           : loaded 2 times (x 72B)
Class com.google.common.base.CharMatcher$ForPredicate                                 : loaded 2 times (x 109B)
Class com.google.common.collect.ImmutableCollection                                   : loaded 2 times (x 122B)
Class com.google.common.base.CharMatcher$AnyOf                                        : loaded 2 times (x 109B)
Class org.gradle.api.internal.classpath.DefaultModuleRegistry                         : loaded 2 times (x 80B)
Class com.google.common.cache.ReferenceEntry                                          : loaded 2 times (x 67B)
Class com.google.common.collect.ImmutableSet$CachingAsList                            : loaded 2 times (x 144B)
Class com.google.common.base.Converter                                                : loaded 2 times (x 87B)
Class com.google.common.collect.Lists                                                 : loaded 2 times (x 68B)
Class com.google.common.base.CharMatcher$Any                                          : loaded 2 times (x 109B)
Class com.google.common.base.FunctionalEquivalence                                    : loaded 2 times (x 80B)
Class com.google.common.collect.Iterators$9                                           : loaded 2 times (x 78B)
Class com.google.common.collect.AbstractMapBasedMultimap                              : loaded 2 times (x 136B)
Class com.google.common.collect.ImmutableAsList                                       : loaded 2 times (x 206B)
Class com.google.common.cache.CacheLoader$SupplierToCacheLoader                       : loaded 2 times (x 72B)
Class com.google.common.collect.Maps$EntryTransformer                                 : loaded 2 times (x 67B)
Class org.gradle.internal.service.ServiceLookupException                              : loaded 2 times (x 79B)
Class [Lcom.google.common.cache.LocalCache$EntryFactory;                              : loaded 2 times (x 66B)
Class com.google.common.base.CharMatcher$JavaLetter                                   : loaded 2 times (x 108B)
Class org.gradle.internal.classloader.ClassLoaderFactory                              : loaded 2 times (x 67B)
Class com.google.common.cache.LocalCache$LocalManualCache                             : loaded 2 times (x 96B)
Class com.google.common.base.CharMatcher$IsNot                                        : loaded 2 times (x 108B)
Class com.google.common.base.CommonPattern                                            : loaded 2 times (x 71B)
Class org.gradle.internal.service.CachingServiceLocator                               : loaded 2 times (x 79B)
Class com.google.common.math.IntMath                                                  : loaded 2 times (x 68B)
Class com.google.common.collect.Iterators$10                                          : loaded 2 times (x 78B)
Class com.google.common.collect.ImmutableMapEntry                                     : loaded 2 times (x 82B)
Class com.google.common.base.CharMatcher$JavaDigit                                    : loaded 2 times (x 108B)
Class com.google.common.base.Equivalence                                              : loaded 2 times (x 79B)
Class com.google.common.collect.ImmutableMapEntry$NonTerminalImmutableMapEntry        : loaded 2 times (x 82B)
Class com.google.common.base.Function                                                 : loaded 2 times (x 67B)
Class com.google.common.cache.CacheBuilder$OneWeigher                                 : loaded 2 times (x 79B)
Class com.google.common.collect.RegularImmutableList                                  : loaded 2 times (x 209B)
Class com.google.common.collect.ImmutableBiMapFauxverideShim                          : loaded 2 times (x 117B)
Class org.gradle.internal.classloader.ClasspathUtil                                   : loaded 2 times (x 68B)
Class com.google.common.collect.Maps                                                  : loaded 2 times (x 68B)
Class com.google.common.base.CharMatcher$JavaUpperCase                                : loaded 2 times (x 108B)
Class org.gradle.api.specs.Spec                                                       : loaded 2 times (x 67B)
Class [Lcom.google.common.collect.ImmutableEntry;                                     : loaded 2 times (x 66B)
Class com.google.common.cache.LocalCache$LoadingValueReference                        : loaded 2 times (x 93B)
Class com.google.common.base.Platform                                                 : loaded 2 times (x 68B)
Class Build_gradle$1                                                                  : loaded 2 times (x 75B)
Class com.google.common.collect.Maps$8                                                : loaded 2 times (x 79B)
Class com.google.common.base.CharMatcher$Invisible                                    : loaded 2 times (x 109B)
Class org.gradle.internal.classloader.VisitableURLClassLoader$InstrumentingVisitableURLClassLoader: loaded 2 times (x 120B)
Class [Lcom.google.common.cache.CacheBuilder$NullListener;                            : loaded 2 times (x 66B)
Class com.google.common.math.IntMath$1                                                : loaded 2 times (x 68B)
Class org.gradle.internal.classloader.VisitableURLClassLoader$Spec                    : loaded 2 times (x 71B)
Class org.gradle.internal.classpath.DefaultClassPath                                  : loaded 2 times (x 87B)
Class com.google.common.base.AbstractIterator                                         : loaded 2 times (x 77B)
Class com.google.common.collect.RegularImmutableMap$Values                            : loaded 2 times (x 204B)
Class com.google.common.collect.ImmutableSet                                          : loaded 2 times (x 142B)
Class com.google.common.base.CharMatcher$BitSetMatcher                                : loaded 2 times (x 109B)
Class com.google.common.base.CharMatcher$Ascii                                        : loaded 2 times (x 109B)
Class org.gradle.internal.classloader.ClassLoaderSpec                                 : loaded 2 times (x 68B)
Class com.google.common.cache.CacheStats                                              : loaded 2 times (x 68B)
Class com.google.common.base.CharMatcher$Or                                           : loaded 2 times (x 109B)
Class Settings_gradle$1$1                                                             : loaded 2 times (x 71B)
Class com.google.common.base.Supplier                                                 : loaded 2 times (x 67B)
Class org.gradle.internal.classloader.VisitableURLClassLoader                         : loaded 2 times (x 114B)
Class Settings_gradle                                                                 : loaded 2 times (x 125B)
Class org.gradle.internal.Cast                                                        : loaded 2 times (x 68B)
Class org.gradle.api.Action                                                           : loaded 2 times (x 67B)
Class com.google.common.base.Ticker                                                   : loaded 2 times (x 69B)
Class com.google.common.base.Strings                                                  : loaded 2 times (x 68B)
Class com.google.common.base.CharMatcher$FastMatcher                                  : loaded 2 times (x 108B)
Class org.gradle.internal.agents.InstrumentingClassLoader                             : loaded 2 times (x 67B)
Class [Lcom.google.common.cache.LocalCache$Segment;                                   : loaded 2 times (x 66B)
Class [Lcom.google.common.cache.LocalCache$Strength;                                  : loaded 2 times (x 66B)
Class com.google.common.cache.CacheBuilder$1                                          : loaded 2 times (x 82B)
Class com.google.common.collect.ImmutableMap                                          : loaded 2 times (x 117B)
Class com.google.common.base.Predicate                                                : loaded 2 times (x 67B)
Class org.gradle.internal.classpath.DefaultClassPath$ImmutableUniqueList$Builder      : loaded 2 times (x 72B)
Class com.google.common.cache.LocalCache                                              : loaded 2 times (x 184B)
Class com.google.common.cache.CacheBuilder$2                                          : loaded 2 times (x 69B)
Class com.google.common.base.CharMatcher$NegatedFastMatcher                           : loaded 2 times (x 110B)
Class [Lcom.google.common.collect.AbstractMapEntry;                                   : loaded 2 times (x 66B)
Class com.google.common.collect.ImmutableEntry                                        : loaded 2 times (x 79B)
Class com.google.common.collect.ArrayListMultimap                                     : loaded 2 times (x 169B)
Class com.google.common.base.AbstractIterator$1                                       : loaded 2 times (x 68B)
Class com.google.common.base.CharMatcher$Digit                                        : loaded 2 times (x 109B)
Class org.gradle.api.GradleException                                                  : loaded 2 times (x 79B)
Class com.google.common.collect.CollectPreconditions                                  : loaded 2 times (x 68B)
Class com.google.common.base.CharMatcher$JavaIsoControl                               : loaded 2 times (x 109B)
Class com.google.common.collect.SortedMapDifference                                   : loaded 2 times (x 67B)
Class com.google.common.base.CharMatcher$JavaLowerCase                                : loaded 2 times (x 108B)
Class com.google.common.cache.LocalCache$EntryFactory                                 : loaded 2 times (x 80B)
Class com.google.common.base.Splitter$1$1                                             : loaded 2 times (x 83B)
Class com.google.common.base.CharMatcher$Whitespace                                   : loaded 2 times (x 109B)
Class org.gradle.internal.IoActions                                                   : loaded 2 times (x 68B)
Class com.google.common.cache.CacheLoader$InvalidCacheLoadException                   : loaded 2 times (x 79B)
Class com.google.common.collect.ImmutableSet$RegularSetBuilderImpl                    : loaded 2 times (x 74B)
Class com.google.common.base.CharMatcher$SingleWidth                                  : loaded 2 times (x 109B)
Class org.gradle.internal.classloader.SystemClassLoaderSpec                           : loaded 2 times (x 68B)
Class com.google.common.cache.LoadingCache                                            : loaded 2 times (x 67B)
Class [Lcom.google.common.cache.Weigher;                                              : loaded 2 times (x 66B)
Class com.google.common.collect.RegularImmutableMap$BucketOverflowException           : loaded 2 times (x 79B)
Class com.google.common.collect.RegularImmutableBiMap                                 : loaded 2 times (x 145B)
Class com.google.common.cache.LocalCache$ValueReference                               : loaded 2 times (x 67B)
Class com.google.common.base.CharMatcher$Negated                                      : loaded 2 times (x 110B)
Class com.google.common.base.CharMatcher$Is                                           : loaded 2 times (x 108B)
Class com.google.common.base.Equivalence$Equals                                       : loaded 2 times (x 79B)
Class com.google.common.collect.Hashing                                               : loaded 2 times (x 68B)
Class com.google.common.base.PatternCompiler                                          : loaded 2 times (x 67B)
Class com.google.common.base.Preconditions                                            : loaded 2 times (x 68B)
Class com.google.common.collect.PeekingIterator                                       : loaded 2 times (x 67B)
Class com.google.common.base.CharMatcher                                              : loaded 2 times (x 108B)
Class com.google.common.cache.LocalCache$EntryFactory$1                               : loaded 2 times (x 80B)
Class [Lcom.google.common.cache.RemovalListener;                                      : loaded 2 times (x 66B)
Class com.google.common.base.CharMatcher$1                                            : loaded 2 times (x 110B)
Class com.google.common.base.CharMatcher$NamedFastMatcher                             : loaded 2 times (x 109B)
Class com.google.common.cache.LocalCache$EntryFactory$2                               : loaded 2 times (x 80B)
Class com.google.common.cache.LocalCache$EntryFactory$3                               : loaded 2 times (x 80B)
Class com.google.common.base.Ticker$1                                                 : loaded 2 times (x 69B)
Class com.google.common.collect.ImmutableMapEntrySet$RegularEntrySet                  : loaded 2 times (x 148B)
Class com.google.common.collect.Maps$BiMapConverter                                   : loaded 2 times (x 87B)
Class com.google.common.cache.LocalCache$EntryFactory$4                               : loaded 2 times (x 80B)
Class com.google.common.collect.ImmutableSet$Builder                                  : loaded 2 times (x 82B)
Class com.google.common.base.CharMatcher$InRange                                      : loaded 2 times (x 108B)
Class com.google.common.cache.LocalCache$EntryFactory$5                               : loaded 2 times (x 80B)
Class com.google.common.cache.LocalCache$EntryFactory$6                               : loaded 2 times (x 80B)
Class Build_gradle                                                                    : loaded 2 times (x 69B)
Class org.gradle.internal.installation.CurrentGradleInstallationLocator               : loaded 2 times (x 68B)
Class com.google.common.cache.LocalCache$EntryFactory$7                               : loaded 2 times (x 80B)
Class com.google.common.collect.ImmutableSet$EmptySetBuilderImpl                      : loaded 2 times (x 73B)
Class com.google.common.collect.ImmutableList                                         : loaded 2 times (x 203B)
Class org.gradle.internal.service.DefaultServiceLocator                               : loaded 2 times (x 80B)
Class com.google.common.cache.LocalCache$EntryFactory$8                               : loaded 2 times (x 80B)
Class com.google.common.collect.ImmutableSet$SetBuilderImpl                           : loaded 2 times (x 73B)
Class org.gradle.internal.installation.CurrentGradleInstallation                      : loaded 2 times (x 70B)
Class com.google.common.cache.CacheLoader$1                                           : loaded 2 times (x 72B)
Class com.google.common.collect.ImmutableList$SubList                                 : loaded 2 times (x 205B)
Class org.gradle.util.internal.GUtil                                                  : loaded 2 times (x 68B)
Class com.google.common.cache.AbstractCache$StatsCounter                              : loaded 2 times (x 67B)
Class com.google.common.collect.Iterators$MergingIterator                             : loaded 2 times (x 78B)
Class com.google.common.collect.RegularImmutableSet                                   : loaded 2 times (x 145B)
Class org.gradle.internal.installation.GradleInstallation                             : loaded 2 times (x 72B)
Class com.google.common.collect.Iterables                                             : loaded 2 times (x 68B)
Class com.google.common.base.Splitter$Strategy                                        : loaded 2 times (x 67B)

---------------  S Y S T E M  ---------------

OS:
 Windows 10 , 64 bit Build 19041 (10.0.19041.4957)
OS uptime: 4 days 19:07 hours

CPU: total 8 (initial active 8) (8 cores per cpu, 2 threads per core) family 23 model 24 stepping 1 microcode 0x0, cx8, cmov, fxsr, ht, mmx, 3dnowpref, sse, sse2, sse3, ssse3, sse4a, sse4.1, sse4.2, popcnt, lzcnt, tsc, tscinvbit, avx, avx2, aes, clmul, bmi1, bmi2, adx, sha, fma, vzeroupper, clflush, clflushopt, rdtscp, f16c
Processor Information for all 8 processors :
  Max Mhz: 2100, Current Mhz: 2100, Mhz Limit: 2100

Memory: 4k page, system-wide physical 7103M (215M free)
TotalPageFile size 28607M (AvailPageFile size 8M)
current process WorkingSet (physical memory assigned to process): 344M, peak: 344M
current process commit charge ("private bytes"): 385M, peak: 407M

vm_info: OpenJDK 64-Bit Server VM (21.0.3+-12282718-b509.11) for windows-amd64 JRE (21.0.3+-12282718-b509.11), built on 2024-08-27T17:34:15Z by "builder" with MS VC++ 16.10 / 16.11 (VS2019)

END.
